2021-10-19 18:39:42,854 [pavalam] Error number: [8] 
 Error Description: [Undefined variable: l] 
 Error File: [/home/shivasof/public_html/fosws.trio-s.com/db_config.php] 
 Error Line: [8]
2021-10-19 18:39:42,855 [pavalam] Error number: [2] 
 Error Description: [mysqli_connect(): (28000/1045): Access denied for user 'shivasof_fos'@'localhost' (using password: YES)] 
 Error File: [/home/shivasof/public_html/fosws.trio-s.com/get_products.php] 
 Error Line: [15]
2021-10-19 18:39:42,855 [pavalam] Error number: [2] 
 Error Description: [mysqli_error() expects parameter 1 to be mysqli, boolean given] 
 Error File: [/home/shivasof/public_html/fosws.trio-s.com/get_products.php] 
 Error Line: [15]
2021-10-19 18:40:39,239 [pavalam] Error number: [8] 
 Error Description: [Undefined variable: l] 
 Error File: [/home/shivasof/public_html/fosws.trio-s.com/db_config.php] 
 Error Line: [8]
2021-10-19 18:40:39,240 [pavalam] Error number: [2] 
 Error Description: [mysqli_connect(): (28000/1045): Access denied for user 'shivasof_fos'@'localhost' (using password: YES)] 
 Error File: [/home/shivasof/public_html/fosws.trio-s.com/get_products.php] 
 Error Line: [15]
2021-10-19 18:40:39,240 [pavalam] Error number: [2] 
 Error Description: [mysqli_error() expects parameter 1 to be mysqli, boolean given] 
 Error File: [/home/shivasof/public_html/fosws.trio-s.com/get_products.php] 
 Error Line: [15]
2021-10-19 18:41:06,586 [pavalam] Error number: [8] 
 Error Description: [Undefined variable: l] 
 Error File: [/home/shivasof/public_html/fosws.trio-s.com/db_config.php] 
 Error Line: [8]
2021-10-19 18:41:06,587 [pavalam] Error number: [2] 
 Error Description: [mysqli_connect(): (28000/1045): Access denied for user 'shivasof_fos'@'localhost' (using password: YES)] 
 Error File: [/home/shivasof/public_html/fosws.trio-s.com/get_products.php] 
 Error Line: [15]
2021-10-19 18:41:06,588 [pavalam] Error number: [2] 
 Error Description: [mysqli_error() expects parameter 1 to be mysqli, boolean given] 
 Error File: [/home/shivasof/public_html/fosws.trio-s.com/get_products.php] 
 Error Line: [15]
2021-10-19 18:48:28,593 [pavalam] Error number: [8] 
 Error Description: [Undefined variable: l] 
 Error File: [/home/shivasof/public_html/fosws.trio-s.com/db_config.php] 
 Error Line: [8]
2021-10-19 18:48:28,594 [pavalam] Error number: [2] 
 Error Description: [mysqli_connect(): (28000/1045): Access denied for user 'shivasof_fos'@'localhost' (using password: YES)] 
 Error File: [/home/shivasof/public_html/fosws.trio-s.com/check_authorized.php] 
 Error Line: [15]
2021-10-19 18:48:28,595 [pavalam] Error number: [2] 
 Error Description: [mysqli_error() expects parameter 1 to be mysqli, boolean given] 
 Error File: [/home/shivasof/public_html/fosws.trio-s.com/check_authorized.php] 
 Error Line: [15]
2021-10-19 21:07:30,699 [pavalam] Error number: [8] 
 Error Description: [Undefined variable: l] 
 Error File: [/home/shivasof/public_html/fosws.trio-s.com/db_config.php] 
 Error Line: [8]
2021-10-19 21:07:30,701 [pavalam] Error number: [2] 
 Error Description: [mysqli_connect(): (28000/1045): Access denied for user 'shivasof_fos'@'localhost' (using password: YES)] 
 Error File: [/home/shivasof/public_html/fosws.trio-s.com/check_authorized.php] 
 Error Line: [15]
2021-10-19 21:07:30,701 [pavalam] Error number: [2] 
 Error Description: [mysqli_error() expects parameter 1 to be mysqli, boolean given] 
 Error File: [/home/shivasof/public_html/fosws.trio-s.com/check_authorized.php] 
 Error Line: [15]
