2023-12-19 14:08:24,027 [pavalam] Error number: [8] 
 Error Description: [Trying to get property 'clientid' of non-object] 
 Error File: [D:\xampp\htdocs\POSSales\get_last_sync.php] 
 Error Line: [20]
2023-12-19 14:08:24,177 [pavalam] Error number: [2] 
 Error Description: [mysqli_fetch_array() expects parameter 1 to be mysqli_result, bool given] 
 Error File: [D:\xampp\htdocs\POSSales\get_last_sync.php] 
 Error Line: [23]
2023-12-19 14:08:55,241 [pavalam] Error number: [8] 
 Error Description: [Trying to get property 'clientid' of non-object] 
 Error File: [D:\xampp\htdocs\POSSales\get_last_sync.php] 
 Error Line: [20]
2023-12-19 14:08:55,245 [pavalam] Error number: [2] 
 Error Description: [mysqli_fetch_array() expects parameter 1 to be mysqli_result, bool given] 
 Error File: [D:\xampp\htdocs\POSSales\get_last_sync.php] 
 Error Line: [23]
2023-12-19 14:09:56,074 [pavalam] Error number: [8] 
 Error Description: [Trying to get property 'clientid' of non-object] 
 Error File: [D:\xampp\htdocs\POSSales\get_last_sync.php] 
 Error Line: [20]
2023-12-19 14:09:56,079 [pavalam] Error number: [2] 
 Error Description: [mysqli_fetch_array() expects parameter 1 to be mysqli_result, bool given] 
 Error File: [D:\xampp\htdocs\POSSales\get_last_sync.php] 
 Error Line: [23]
2023-12-19 14:09:56,885 [pavalam] Error number: [2] 
 Error Description: [mysqli_fetch_array() expects parameter 1 to be mysqli_result, bool given] 
 Error File: [D:\xampp\htdocs\POSSales\get_sales.php] 
 Error Line: [42]
2023-12-19 14:10:56,923 [pavalam] Error number: [8] 
 Error Description: [Trying to get property 'clientid' of non-object] 
 Error File: [D:\xampp\htdocs\POSSales\get_last_sync.php] 
 Error Line: [20]
2023-12-19 14:10:56,928 [pavalam] Error number: [2] 
 Error Description: [mysqli_fetch_array() expects parameter 1 to be mysqli_result, bool given] 
 Error File: [D:\xampp\htdocs\POSSales\get_last_sync.php] 
 Error Line: [23]
2023-12-19 14:10:57,388 [pavalam] Error number: [2] 
 Error Description: [mysqli_fetch_array() expects parameter 1 to be mysqli_result, bool given] 
 Error File: [D:\xampp\htdocs\POSSales\get_sales.php] 
 Error Line: [42]
2023-12-19 14:11:56,083 [pavalam] Error number: [8] 
 Error Description: [Trying to get property 'clientid' of non-object] 
 Error File: [D:\xampp\htdocs\POSSales\get_last_sync.php] 
 Error Line: [20]
2023-12-19 14:11:56,088 [pavalam] Error number: [2] 
 Error Description: [mysqli_fetch_array() expects parameter 1 to be mysqli_result, bool given] 
 Error File: [D:\xampp\htdocs\POSSales\get_last_sync.php] 
 Error Line: [23]
2023-12-19 14:11:56,801 [pavalam] Error number: [2] 
 Error Description: [mysqli_fetch_array() expects parameter 1 to be mysqli_result, bool given] 
 Error File: [D:\xampp\htdocs\POSSales\get_sales.php] 
 Error Line: [42]
2023-12-19 14:12:24,492 [pavalam] Error number: [8] 
 Error Description: [Trying to get property 'clientid' of non-object] 
 Error File: [D:\xampp\htdocs\POSSales\get_last_sync.php] 
 Error Line: [20]
2023-12-19 14:12:24,500 [pavalam] Error number: [2] 
 Error Description: [mysqli_fetch_array() expects parameter 1 to be mysqli_result, bool given] 
 Error File: [D:\xampp\htdocs\POSSales\get_last_sync.php] 
 Error Line: [23]
2023-12-19 14:13:25,407 [pavalam] Error number: [8] 
 Error Description: [Trying to get property 'clientid' of non-object] 
 Error File: [D:\xampp\htdocs\POSSales\get_last_sync.php] 
 Error Line: [20]
2023-12-19 14:13:25,411 [pavalam] Error number: [2] 
 Error Description: [mysqli_fetch_array() expects parameter 1 to be mysqli_result, bool given] 
 Error File: [D:\xampp\htdocs\POSSales\get_last_sync.php] 
 Error Line: [23]
2023-12-19 14:13:26,047 [pavalam] Error number: [2] 
 Error Description: [mysqli_fetch_array() expects parameter 1 to be mysqli_result, bool given] 
 Error File: [D:\xampp\htdocs\POSSales\get_sales.php] 
 Error Line: [42]
2023-12-19 14:13:44,557 [pavalam] Error number: [8] 
 Error Description: [Trying to get property 'clientid' of non-object] 
 Error File: [D:\xampp\htdocs\POSSales\get_last_sync.php] 
 Error Line: [20]
2023-12-19 14:13:44,560 [pavalam] Error number: [2] 
 Error Description: [mysqli_fetch_array() expects parameter 1 to be mysqli_result, bool given] 
 Error File: [D:\xampp\htdocs\POSSales\get_last_sync.php] 
 Error Line: [23]
2023-12-19 14:14:41,925 [pavalam] Error number: [8] 
 Error Description: [Trying to get property 'clientid' of non-object] 
 Error File: [D:\xampp\htdocs\POSSales\get_last_sync.php] 
 Error Line: [20]
2023-12-19 14:14:41,934 [pavalam] Error number: [2] 
 Error Description: [mysqli_fetch_array() expects parameter 1 to be mysqli_result, bool given] 
 Error File: [D:\xampp\htdocs\POSSales\get_last_sync.php] 
 Error Line: [23]
2023-12-19 14:15:20,137 [pavalam] Error number: [8] 
 Error Description: [Trying to get property 'clientid' of non-object] 
 Error File: [D:\xampp\htdocs\POSSales\get_last_sync.php] 
 Error Line: [20]
2023-12-19 14:15:20,141 [pavalam] Error number: [2] 
 Error Description: [mysqli_fetch_array() expects parameter 1 to be mysqli_result, bool given] 
 Error File: [D:\xampp\htdocs\POSSales\get_last_sync.php] 
 Error Line: [23]
2023-12-19 14:16:20,254 [pavalam] Error number: [8] 
 Error Description: [Trying to get property 'clientid' of non-object] 
 Error File: [D:\xampp\htdocs\POSSales\get_last_sync.php] 
 Error Line: [20]
2023-12-19 14:16:20,257 [pavalam] Error number: [2] 
 Error Description: [mysqli_fetch_array() expects parameter 1 to be mysqli_result, bool given] 
 Error File: [D:\xampp\htdocs\POSSales\get_last_sync.php] 
 Error Line: [23]
2023-12-19 14:16:20,727 [pavalam] Error number: [2] 
 Error Description: [mysqli_fetch_array() expects parameter 1 to be mysqli_result, bool given] 
 Error File: [D:\xampp\htdocs\POSSales\get_sales.php] 
 Error Line: [42]
2023-12-19 14:16:20,733 [pavalam] Error number: [2] 
 Error Description: [mysqli_fetch_array() expects parameter 1 to be mysqli_result, bool given] 
 Error File: [D:\xampp\htdocs\POSSales\get_last_sync.php] 
 Error Line: [23]
2023-12-19 14:17:21,067 [pavalam] Error number: [8] 
 Error Description: [Trying to get property 'clientid' of non-object] 
 Error File: [D:\xampp\htdocs\POSSales\get_last_sync.php] 
 Error Line: [20]
2023-12-19 14:17:21,070 [pavalam] Error number: [2] 
 Error Description: [mysqli_fetch_array() expects parameter 1 to be mysqli_result, bool given] 
 Error File: [D:\xampp\htdocs\POSSales\get_last_sync.php] 
 Error Line: [23]
2023-12-19 14:17:21,512 [pavalam] Error number: [2] 
 Error Description: [mysqli_fetch_array() expects parameter 1 to be mysqli_result, bool given] 
 Error File: [D:\xampp\htdocs\POSSales\get_sales.php] 
 Error Line: [42]
2023-12-19 14:17:21,750 [pavalam] Error number: [2] 
 Error Description: [mysqli_fetch_array() expects parameter 1 to be mysqli_result, bool given] 
 Error File: [D:\xampp\htdocs\POSSales\get_last_sync.php] 
 Error Line: [23]
2023-12-19 14:18:21,097 [pavalam] Error number: [8] 
 Error Description: [Trying to get property 'clientid' of non-object] 
 Error File: [D:\xampp\htdocs\POSSales\get_last_sync.php] 
 Error Line: [20]
2023-12-19 14:18:21,100 [pavalam] Error number: [2] 
 Error Description: [mysqli_fetch_array() expects parameter 1 to be mysqli_result, bool given] 
 Error File: [D:\xampp\htdocs\POSSales\get_last_sync.php] 
 Error Line: [23]
2023-12-19 14:18:21,864 [pavalam] Error number: [2] 
 Error Description: [mysqli_fetch_array() expects parameter 1 to be mysqli_result, bool given] 
 Error File: [D:\xampp\htdocs\POSSales\get_last_sync.php] 
 Error Line: [23]
2023-12-19 14:18:21,871 [pavalam] Error number: [2] 
 Error Description: [mysqli_fetch_array() expects parameter 1 to be mysqli_result, bool given] 
 Error File: [D:\xampp\htdocs\POSSales\get_sales.php] 
 Error Line: [42]
2023-12-19 14:18:51,685 [pavalam] Error number: [8] 
 Error Description: [Undefined property: stdClass::$clientid] 
 Error File: [D:\xampp\htdocs\POSSales\insert_date_sales.php] 
 Error Line: [64]
2023-12-19 14:19:21,093 [pavalam] Error number: [8] 
 Error Description: [Trying to get property 'clientid' of non-object] 
 Error File: [D:\xampp\htdocs\POSSales\get_last_sync.php] 
 Error Line: [20]
2023-12-19 14:19:21,097 [pavalam] Error number: [2] 
 Error Description: [mysqli_fetch_array() expects parameter 1 to be mysqli_result, bool given] 
 Error File: [D:\xampp\htdocs\POSSales\get_last_sync.php] 
 Error Line: [23]
2023-12-19 14:19:22,267 [pavalam] Error number: [2] 
 Error Description: [mysqli_fetch_array() expects parameter 1 to be mysqli_result, bool given] 
 Error File: [D:\xampp\htdocs\POSSales\get_sales.php] 
 Error Line: [42]
2023-12-19 14:19:22,268 [pavalam] Error number: [2] 
 Error Description: [mysqli_fetch_array() expects parameter 1 to be mysqli_result, bool given] 
 Error File: [D:\xampp\htdocs\POSSales\get_last_sync.php] 
 Error Line: [23]
2023-12-19 14:20:21,335 [pavalam] Error number: [8] 
 Error Description: [Trying to get property 'clientid' of non-object] 
 Error File: [D:\xampp\htdocs\POSSales\get_last_sync.php] 
 Error Line: [20]
2023-12-19 14:20:21,339 [pavalam] Error number: [2] 
 Error Description: [mysqli_fetch_array() expects parameter 1 to be mysqli_result, bool given] 
 Error File: [D:\xampp\htdocs\POSSales\get_last_sync.php] 
 Error Line: [23]
2023-12-19 14:20:21,812 [pavalam] Error number: [2] 
 Error Description: [mysqli_fetch_array() expects parameter 1 to be mysqli_result, bool given] 
 Error File: [D:\xampp\htdocs\POSSales\get_last_sync.php] 
 Error Line: [23]
2023-12-19 14:20:21,816 [pavalam] Error number: [2] 
 Error Description: [mysqli_fetch_array() expects parameter 1 to be mysqli_result, bool given] 
 Error File: [D:\xampp\htdocs\POSSales\get_sales.php] 
 Error Line: [42]
2023-12-19 14:21:21,207 [pavalam] Error number: [8] 
 Error Description: [Trying to get property 'clientid' of non-object] 
 Error File: [D:\xampp\htdocs\POSSales\get_last_sync.php] 
 Error Line: [20]
2023-12-19 14:21:21,210 [pavalam] Error number: [2] 
 Error Description: [mysqli_fetch_array() expects parameter 1 to be mysqli_result, bool given] 
 Error File: [D:\xampp\htdocs\POSSales\get_last_sync.php] 
 Error Line: [23]
2023-12-19 14:21:21,954 [pavalam] Error number: [2] 
 Error Description: [mysqli_fetch_array() expects parameter 1 to be mysqli_result, bool given] 
 Error File: [D:\xampp\htdocs\POSSales\get_last_sync.php] 
 Error Line: [23]
2023-12-19 14:21:21,954 [pavalam] Error number: [2] 
 Error Description: [mysqli_fetch_array() expects parameter 1 to be mysqli_result, bool given] 
 Error File: [D:\xampp\htdocs\POSSales\get_sales.php] 
 Error Line: [42]
2023-12-19 14:22:20,507 [pavalam] Error number: [8] 
 Error Description: [Trying to get property 'clientid' of non-object] 
 Error File: [D:\xampp\htdocs\POSSales\get_last_sync.php] 
 Error Line: [20]
2023-12-19 14:22:20,511 [pavalam] Error number: [2] 
 Error Description: [mysqli_fetch_array() expects parameter 1 to be mysqli_result, bool given] 
 Error File: [D:\xampp\htdocs\POSSales\get_last_sync.php] 
 Error Line: [23]
2023-12-19 14:22:21,167 [pavalam] Error number: [2] 
 Error Description: [mysqli_fetch_array() expects parameter 1 to be mysqli_result, bool given] 
 Error File: [D:\xampp\htdocs\POSSales\get_last_sync.php] 
 Error Line: [23]
2023-12-19 14:22:21,168 [pavalam] Error number: [2] 
 Error Description: [mysqli_fetch_array() expects parameter 1 to be mysqli_result, bool given] 
 Error File: [D:\xampp\htdocs\POSSales\get_sales.php] 
 Error Line: [42]
2023-12-19 14:23:21,259 [pavalam] Error number: [8] 
 Error Description: [Trying to get property 'clientid' of non-object] 
 Error File: [D:\xampp\htdocs\POSSales\get_last_sync.php] 
 Error Line: [20]
2023-12-19 14:23:21,413 [pavalam] Error number: [2] 
 Error Description: [mysqli_fetch_array() expects parameter 1 to be mysqli_result, bool given] 
 Error File: [D:\xampp\htdocs\POSSales\get_last_sync.php] 
 Error Line: [23]
2023-12-19 14:23:21,713 [pavalam] Error number: [2] 
 Error Description: [mysqli_fetch_array() expects parameter 1 to be mysqli_result, bool given] 
 Error File: [D:\xampp\htdocs\POSSales\get_sales.php] 
 Error Line: [42]
2023-12-19 14:23:21,869 [pavalam] Error number: [2] 
 Error Description: [mysqli_fetch_array() expects parameter 1 to be mysqli_result, bool given] 
 Error File: [D:\xampp\htdocs\POSSales\get_last_sync.php] 
 Error Line: [23]
2023-12-19 14:24:21,277 [pavalam] Error number: [8] 
 Error Description: [Trying to get property 'clientid' of non-object] 
 Error File: [D:\xampp\htdocs\POSSales\get_last_sync.php] 
 Error Line: [20]
2023-12-19 14:24:21,281 [pavalam] Error number: [2] 
 Error Description: [mysqli_fetch_array() expects parameter 1 to be mysqli_result, bool given] 
 Error File: [D:\xampp\htdocs\POSSales\get_last_sync.php] 
 Error Line: [23]
2023-12-19 14:24:21,587 [pavalam] Error number: [2] 
 Error Description: [mysqli_fetch_array() expects parameter 1 to be mysqli_result, bool given] 
 Error File: [D:\xampp\htdocs\POSSales\get_sales.php] 
 Error Line: [42]
2023-12-19 14:24:21,760 [pavalam] Error number: [2] 
 Error Description: [mysqli_fetch_array() expects parameter 1 to be mysqli_result, bool given] 
 Error File: [D:\xampp\htdocs\POSSales\get_last_sync.php] 
 Error Line: [23]
2023-12-19 14:25:21,055 [pavalam] Error number: [8] 
 Error Description: [Trying to get property 'clientid' of non-object] 
 Error File: [D:\xampp\htdocs\POSSales\get_last_sync.php] 
 Error Line: [20]
2023-12-19 14:25:21,272 [pavalam] Error number: [2] 
 Error Description: [mysqli_fetch_array() expects parameter 1 to be mysqli_result, bool given] 
 Error File: [D:\xampp\htdocs\POSSales\get_last_sync.php] 
 Error Line: [23]
2023-12-19 14:25:21,510 [pavalam] Error number: [2] 
 Error Description: [mysqli_fetch_array() expects parameter 1 to be mysqli_result, bool given] 
 Error File: [D:\xampp\htdocs\POSSales\get_sales.php] 
 Error Line: [42]
2023-12-19 14:25:21,727 [pavalam] Error number: [2] 
 Error Description: [mysqli_fetch_array() expects parameter 1 to be mysqli_result, bool given] 
 Error File: [D:\xampp\htdocs\POSSales\get_last_sync.php] 
 Error Line: [23]
2023-12-19 14:26:21,085 [pavalam] Error number: [8] 
 Error Description: [Trying to get property 'clientid' of non-object] 
 Error File: [D:\xampp\htdocs\POSSales\get_last_sync.php] 
 Error Line: [20]
2023-12-19 14:26:21,167 [pavalam] Error number: [2] 
 Error Description: [mysqli_fetch_array() expects parameter 1 to be mysqli_result, bool given] 
 Error File: [D:\xampp\htdocs\POSSales\get_last_sync.php] 
 Error Line: [23]
2023-12-19 14:26:21,566 [pavalam] Error number: [2] 
 Error Description: [mysqli_fetch_array() expects parameter 1 to be mysqli_result, bool given] 
 Error File: [D:\xampp\htdocs\POSSales\get_sales.php] 
 Error Line: [42]
2023-12-19 14:26:21,644 [pavalam] Error number: [2] 
 Error Description: [mysqli_fetch_array() expects parameter 1 to be mysqli_result, bool given] 
 Error File: [D:\xampp\htdocs\POSSales\get_last_sync.php] 
 Error Line: [23]
2023-12-19 14:27:21,130 [pavalam] Error number: [8] 
 Error Description: [Trying to get property 'clientid' of non-object] 
 Error File: [D:\xampp\htdocs\POSSales\get_last_sync.php] 
 Error Line: [20]
2023-12-19 14:27:21,135 [pavalam] Error number: [2] 
 Error Description: [mysqli_fetch_array() expects parameter 1 to be mysqli_result, bool given] 
 Error File: [D:\xampp\htdocs\POSSales\get_last_sync.php] 
 Error Line: [23]
2023-12-19 14:27:21,623 [pavalam] Error number: [2] 
 Error Description: [mysqli_fetch_array() expects parameter 1 to be mysqli_result, bool given] 
 Error File: [D:\xampp\htdocs\POSSales\get_sales.php] 
 Error Line: [42]
2023-12-19 14:27:21,623 [pavalam] Error number: [2] 
 Error Description: [mysqli_fetch_array() expects parameter 1 to be mysqli_result, bool given] 
 Error File: [D:\xampp\htdocs\POSSales\get_last_sync.php] 
 Error Line: [23]
2023-12-19 14:28:21,060 [pavalam] Error number: [8] 
 Error Description: [Trying to get property 'clientid' of non-object] 
 Error File: [D:\xampp\htdocs\POSSales\get_last_sync.php] 
 Error Line: [20]
2023-12-19 14:28:21,063 [pavalam] Error number: [2] 
 Error Description: [mysqli_fetch_array() expects parameter 1 to be mysqli_result, bool given] 
 Error File: [D:\xampp\htdocs\POSSales\get_last_sync.php] 
 Error Line: [23]
2023-12-19 14:28:21,512 [pavalam] Error number: [2] 
 Error Description: [mysqli_fetch_array() expects parameter 1 to be mysqli_result, bool given] 
 Error File: [D:\xampp\htdocs\POSSales\get_last_sync.php] 
 Error Line: [23]
2023-12-19 14:28:21,543 [pavalam] Error number: [2] 
 Error Description: [mysqli_fetch_array() expects parameter 1 to be mysqli_result, bool given] 
 Error File: [D:\xampp\htdocs\POSSales\get_sales.php] 
 Error Line: [42]
2023-12-19 14:29:21,075 [pavalam] Error number: [8] 
 Error Description: [Trying to get property 'clientid' of non-object] 
 Error File: [D:\xampp\htdocs\POSSales\get_last_sync.php] 
 Error Line: [20]
2023-12-19 14:29:21,078 [pavalam] Error number: [2] 
 Error Description: [mysqli_fetch_array() expects parameter 1 to be mysqli_result, bool given] 
 Error File: [D:\xampp\htdocs\POSSales\get_last_sync.php] 
 Error Line: [23]
2023-12-19 14:29:21,570 [pavalam] Error number: [2] 
 Error Description: [mysqli_fetch_array() expects parameter 1 to be mysqli_result, bool given] 
 Error File: [D:\xampp\htdocs\POSSales\get_last_sync.php] 
 Error Line: [23]
2023-12-19 14:29:21,570 [pavalam] Error number: [2] 
 Error Description: [mysqli_fetch_array() expects parameter 1 to be mysqli_result, bool given] 
 Error File: [D:\xampp\htdocs\POSSales\get_sales.php] 
 Error Line: [42]
2023-12-19 14:30:21,073 [pavalam] Error number: [8] 
 Error Description: [Trying to get property 'clientid' of non-object] 
 Error File: [D:\xampp\htdocs\POSSales\get_last_sync.php] 
 Error Line: [20]
2023-12-19 14:30:21,077 [pavalam] Error number: [2] 
 Error Description: [mysqli_fetch_array() expects parameter 1 to be mysqli_result, bool given] 
 Error File: [D:\xampp\htdocs\POSSales\get_last_sync.php] 
 Error Line: [23]
2023-12-19 14:30:21,524 [pavalam] Error number: [2] 
 Error Description: [mysqli_fetch_array() expects parameter 1 to be mysqli_result, bool given] 
 Error File: [D:\xampp\htdocs\POSSales\get_sales.php] 
 Error Line: [42]
2023-12-19 14:30:21,550 [pavalam] Error number: [2] 
 Error Description: [mysqli_fetch_array() expects parameter 1 to be mysqli_result, bool given] 
 Error File: [D:\xampp\htdocs\POSSales\get_last_sync.php] 
 Error Line: [23]
2023-12-19 14:31:21,083 [pavalam] Error number: [8] 
 Error Description: [Trying to get property 'clientid' of non-object] 
 Error File: [D:\xampp\htdocs\POSSales\get_last_sync.php] 
 Error Line: [20]
2023-12-19 14:31:21,089 [pavalam] Error number: [2] 
 Error Description: [mysqli_fetch_array() expects parameter 1 to be mysqli_result, bool given] 
 Error File: [D:\xampp\htdocs\POSSales\get_last_sync.php] 
 Error Line: [23]
2023-12-19 14:31:21,530 [pavalam] Error number: [2] 
 Error Description: [mysqli_fetch_array() expects parameter 1 to be mysqli_result, bool given] 
 Error File: [D:\xampp\htdocs\POSSales\get_last_sync.php] 
 Error Line: [23]
2023-12-19 14:31:21,575 [pavalam] Error number: [2] 
 Error Description: [mysqli_fetch_array() expects parameter 1 to be mysqli_result, bool given] 
 Error File: [D:\xampp\htdocs\POSSales\get_sales.php] 
 Error Line: [42]
2023-12-19 14:32:25,069 [pavalam] Error number: [8] 
 Error Description: [Trying to get property 'clientid' of non-object] 
 Error File: [D:\xampp\htdocs\POSSales\get_last_sync.php] 
 Error Line: [20]
2023-12-19 14:32:25,073 [pavalam] Error number: [2] 
 Error Description: [mysqli_fetch_array() expects parameter 1 to be mysqli_result, bool given] 
 Error File: [D:\xampp\htdocs\POSSales\get_last_sync.php] 
 Error Line: [23]
2023-12-19 14:32:25,531 [pavalam] Error number: [2] 
 Error Description: [mysqli_fetch_array() expects parameter 1 to be mysqli_result, bool given] 
 Error File: [D:\xampp\htdocs\POSSales\get_last_sync.php] 
 Error Line: [23]
2023-12-19 14:32:25,532 [pavalam] Error number: [2] 
 Error Description: [mysqli_fetch_array() expects parameter 1 to be mysqli_result, bool given] 
 Error File: [D:\xampp\htdocs\POSSales\get_sales.php] 
 Error Line: [42]
2023-12-19 14:33:25,071 [pavalam] Error number: [8] 
 Error Description: [Trying to get property 'clientid' of non-object] 
 Error File: [D:\xampp\htdocs\POSSales\get_last_sync.php] 
 Error Line: [20]
2023-12-19 14:33:25,074 [pavalam] Error number: [2] 
 Error Description: [mysqli_fetch_array() expects parameter 1 to be mysqli_result, bool given] 
 Error File: [D:\xampp\htdocs\POSSales\get_last_sync.php] 
 Error Line: [23]
2023-12-19 14:33:26,129 [pavalam] Error number: [2] 
 Error Description: [mysqli_fetch_array() expects parameter 1 to be mysqli_result, bool given] 
 Error File: [D:\xampp\htdocs\POSSales\get_last_sync.php] 
 Error Line: [23]
2023-12-19 14:33:26,129 [pavalam] Error number: [2] 
 Error Description: [mysqli_fetch_array() expects parameter 1 to be mysqli_result, bool given] 
 Error File: [D:\xampp\htdocs\POSSales\get_sales.php] 
 Error Line: [42]
2023-12-19 14:34:25,081 [pavalam] Error number: [8] 
 Error Description: [Trying to get property 'clientid' of non-object] 
 Error File: [D:\xampp\htdocs\POSSales\get_last_sync.php] 
 Error Line: [20]
2023-12-19 14:34:25,084 [pavalam] Error number: [2] 
 Error Description: [mysqli_fetch_array() expects parameter 1 to be mysqli_result, bool given] 
 Error File: [D:\xampp\htdocs\POSSales\get_last_sync.php] 
 Error Line: [23]
2023-12-19 14:34:25,955 [pavalam] Error number: [2] 
 Error Description: [mysqli_fetch_array() expects parameter 1 to be mysqli_result, bool given] 
 Error File: [D:\xampp\htdocs\POSSales\get_last_sync.php] 
 Error Line: [23]
2023-12-19 14:34:26,236 [pavalam] Error number: [2] 
 Error Description: [mysqli_fetch_array() expects parameter 1 to be mysqli_result, bool given] 
 Error File: [D:\xampp\htdocs\POSSales\get_sales.php] 
 Error Line: [42]
2023-12-19 14:35:25,083 [pavalam] Error number: [8] 
 Error Description: [Trying to get property 'clientid' of non-object] 
 Error File: [D:\xampp\htdocs\POSSales\get_last_sync.php] 
 Error Line: [20]
2023-12-19 14:35:25,086 [pavalam] Error number: [2] 
 Error Description: [mysqli_fetch_array() expects parameter 1 to be mysqli_result, bool given] 
 Error File: [D:\xampp\htdocs\POSSales\get_last_sync.php] 
 Error Line: [23]
2023-12-19 14:35:26,086 [pavalam] Error number: [2] 
 Error Description: [mysqli_fetch_array() expects parameter 1 to be mysqli_result, bool given] 
 Error File: [D:\xampp\htdocs\POSSales\get_last_sync.php] 
 Error Line: [23]
2023-12-19 14:35:26,086 [pavalam] Error number: [2] 
 Error Description: [mysqli_fetch_array() expects parameter 1 to be mysqli_result, bool given] 
 Error File: [D:\xampp\htdocs\POSSales\get_sales.php] 
 Error Line: [42]
2023-12-19 14:36:25,066 [pavalam] Error number: [8] 
 Error Description: [Trying to get property 'clientid' of non-object] 
 Error File: [D:\xampp\htdocs\POSSales\get_last_sync.php] 
 Error Line: [20]
2023-12-19 14:36:25,070 [pavalam] Error number: [2] 
 Error Description: [mysqli_fetch_array() expects parameter 1 to be mysqli_result, bool given] 
 Error File: [D:\xampp\htdocs\POSSales\get_last_sync.php] 
 Error Line: [23]
2023-12-19 14:36:25,533 [pavalam] Error number: [2] 
 Error Description: [mysqli_fetch_array() expects parameter 1 to be mysqli_result, bool given] 
 Error File: [D:\xampp\htdocs\POSSales\get_sales.php] 
 Error Line: [42]
2023-12-19 14:36:25,533 [pavalam] Error number: [2] 
 Error Description: [mysqli_fetch_array() expects parameter 1 to be mysqli_result, bool given] 
 Error File: [D:\xampp\htdocs\POSSales\get_last_sync.php] 
 Error Line: [23]
2023-12-19 14:37:25,071 [pavalam] Error number: [8] 
 Error Description: [Trying to get property 'clientid' of non-object] 
 Error File: [D:\xampp\htdocs\POSSales\get_last_sync.php] 
 Error Line: [20]
2023-12-19 14:37:25,074 [pavalam] Error number: [2] 
 Error Description: [mysqli_fetch_array() expects parameter 1 to be mysqli_result, bool given] 
 Error File: [D:\xampp\htdocs\POSSales\get_last_sync.php] 
 Error Line: [23]
2023-12-19 14:37:25,498 [pavalam] Error number: [2] 
 Error Description: [mysqli_fetch_array() expects parameter 1 to be mysqli_result, bool given] 
 Error File: [D:\xampp\htdocs\POSSales\get_sales.php] 
 Error Line: [42]
2023-12-19 14:37:25,510 [pavalam] Error number: [2] 
 Error Description: [mysqli_fetch_array() expects parameter 1 to be mysqli_result, bool given] 
 Error File: [D:\xampp\htdocs\POSSales\get_last_sync.php] 
 Error Line: [23]
2023-12-19 14:38:25,598 [pavalam] Error number: [8] 
 Error Description: [Trying to get property 'clientid' of non-object] 
 Error File: [D:\xampp\htdocs\POSSales\get_last_sync.php] 
 Error Line: [20]
2023-12-19 14:38:25,602 [pavalam] Error number: [2] 
 Error Description: [mysqli_fetch_array() expects parameter 1 to be mysqli_result, bool given] 
 Error File: [D:\xampp\htdocs\POSSales\get_last_sync.php] 
 Error Line: [23]
2023-12-19 14:38:26,034 [pavalam] Error number: [2] 
 Error Description: [mysqli_fetch_array() expects parameter 1 to be mysqli_result, bool given] 
 Error File: [D:\xampp\htdocs\POSSales\get_sales.php] 
 Error Line: [42]
2023-12-19 14:38:26,051 [pavalam] Error number: [2] 
 Error Description: [mysqli_fetch_array() expects parameter 1 to be mysqli_result, bool given] 
 Error File: [D:\xampp\htdocs\POSSales\get_last_sync.php] 
 Error Line: [23]
2023-12-19 14:39:25,081 [pavalam] Error number: [8] 
 Error Description: [Trying to get property 'clientid' of non-object] 
 Error File: [D:\xampp\htdocs\POSSales\get_last_sync.php] 
 Error Line: [20]
2023-12-19 14:39:25,085 [pavalam] Error number: [2] 
 Error Description: [mysqli_fetch_array() expects parameter 1 to be mysqli_result, bool given] 
 Error File: [D:\xampp\htdocs\POSSales\get_last_sync.php] 
 Error Line: [23]
2023-12-19 14:39:25,527 [pavalam] Error number: [2] 
 Error Description: [mysqli_fetch_array() expects parameter 1 to be mysqli_result, bool given] 
 Error File: [D:\xampp\htdocs\POSSales\get_last_sync.php] 
 Error Line: [23]
2023-12-19 14:39:25,527 [pavalam] Error number: [2] 
 Error Description: [mysqli_fetch_array() expects parameter 1 to be mysqli_result, bool given] 
 Error File: [D:\xampp\htdocs\POSSales\get_sales.php] 
 Error Line: [42]
2023-12-19 14:40:25,462 [pavalam] Error number: [8] 
 Error Description: [Trying to get property 'clientid' of non-object] 
 Error File: [D:\xampp\htdocs\POSSales\get_last_sync.php] 
 Error Line: [20]
2023-12-19 14:40:25,466 [pavalam] Error number: [2] 
 Error Description: [mysqli_fetch_array() expects parameter 1 to be mysqli_result, bool given] 
 Error File: [D:\xampp\htdocs\POSSales\get_last_sync.php] 
 Error Line: [23]
2023-12-19 14:40:25,895 [pavalam] Error number: [2] 
 Error Description: [mysqli_fetch_array() expects parameter 1 to be mysqli_result, bool given] 
 Error File: [D:\xampp\htdocs\POSSales\get_sales.php] 
 Error Line: [42]
2023-12-19 14:40:25,918 [pavalam] Error number: [2] 
 Error Description: [mysqli_fetch_array() expects parameter 1 to be mysqli_result, bool given] 
 Error File: [D:\xampp\htdocs\POSSales\get_last_sync.php] 
 Error Line: [23]
2023-12-19 14:41:25,096 [pavalam] Error number: [8] 
 Error Description: [Trying to get property 'clientid' of non-object] 
 Error File: [D:\xampp\htdocs\POSSales\get_last_sync.php] 
 Error Line: [20]
2023-12-19 14:41:25,098 [pavalam] Error number: [2] 
 Error Description: [mysqli_fetch_array() expects parameter 1 to be mysqli_result, bool given] 
 Error File: [D:\xampp\htdocs\POSSales\get_last_sync.php] 
 Error Line: [23]
2023-12-19 14:41:25,984 [pavalam] Error number: [2] 
 Error Description: [mysqli_fetch_array() expects parameter 1 to be mysqli_result, bool given] 
 Error File: [D:\xampp\htdocs\POSSales\get_sales.php] 
 Error Line: [42]
2023-12-19 14:41:25,985 [pavalam] Error number: [2] 
 Error Description: [mysqli_fetch_array() expects parameter 1 to be mysqli_result, bool given] 
 Error File: [D:\xampp\htdocs\POSSales\get_last_sync.php] 
 Error Line: [23]
2023-12-19 14:42:25,285 [pavalam] Error number: [8] 
 Error Description: [Trying to get property 'clientid' of non-object] 
 Error File: [D:\xampp\htdocs\POSSales\get_last_sync.php] 
 Error Line: [20]
2023-12-19 14:42:25,289 [pavalam] Error number: [2] 
 Error Description: [mysqli_fetch_array() expects parameter 1 to be mysqli_result, bool given] 
 Error File: [D:\xampp\htdocs\POSSales\get_last_sync.php] 
 Error Line: [23]
2023-12-19 14:42:25,718 [pavalam] Error number: [2] 
 Error Description: [mysqli_fetch_array() expects parameter 1 to be mysqli_result, bool given] 
 Error File: [D:\xampp\htdocs\POSSales\get_sales.php] 
 Error Line: [42]
2023-12-19 14:42:25,730 [pavalam] Error number: [2] 
 Error Description: [mysqli_fetch_array() expects parameter 1 to be mysqli_result, bool given] 
 Error File: [D:\xampp\htdocs\POSSales\get_last_sync.php] 
 Error Line: [23]
2023-12-19 14:43:25,070 [pavalam] Error number: [8] 
 Error Description: [Trying to get property 'clientid' of non-object] 
 Error File: [D:\xampp\htdocs\POSSales\get_last_sync.php] 
 Error Line: [20]
2023-12-19 14:43:25,075 [pavalam] Error number: [2] 
 Error Description: [mysqli_fetch_array() expects parameter 1 to be mysqli_result, bool given] 
 Error File: [D:\xampp\htdocs\POSSales\get_last_sync.php] 
 Error Line: [23]
2023-12-19 14:43:25,526 [pavalam] Error number: [2] 
 Error Description: [mysqli_fetch_array() expects parameter 1 to be mysqli_result, bool given] 
 Error File: [D:\xampp\htdocs\POSSales\get_last_sync.php] 
 Error Line: [23]
2023-12-19 14:43:25,909 [pavalam] Error number: [2] 
 Error Description: [mysqli_fetch_array() expects parameter 1 to be mysqli_result, bool given] 
 Error File: [D:\xampp\htdocs\POSSales\get_sales.php] 
 Error Line: [42]
2023-12-19 14:44:25,403 [pavalam] Error number: [8] 
 Error Description: [Trying to get property 'clientid' of non-object] 
 Error File: [D:\xampp\htdocs\POSSales\get_last_sync.php] 
 Error Line: [20]
2023-12-19 14:44:25,407 [pavalam] Error number: [2] 
 Error Description: [mysqli_fetch_array() expects parameter 1 to be mysqli_result, bool given] 
 Error File: [D:\xampp\htdocs\POSSales\get_last_sync.php] 
 Error Line: [23]
2023-12-19 14:44:25,847 [pavalam] Error number: [2] 
 Error Description: [mysqli_fetch_array() expects parameter 1 to be mysqli_result, bool given] 
 Error File: [D:\xampp\htdocs\POSSales\get_sales.php] 
 Error Line: [42]
2023-12-19 14:44:25,847 [pavalam] Error number: [2] 
 Error Description: [mysqli_fetch_array() expects parameter 1 to be mysqli_result, bool given] 
 Error File: [D:\xampp\htdocs\POSSales\get_last_sync.php] 
 Error Line: [23]
2023-12-19 14:45:25,070 [pavalam] Error number: [8] 
 Error Description: [Trying to get property 'clientid' of non-object] 
 Error File: [D:\xampp\htdocs\POSSales\get_last_sync.php] 
 Error Line: [20]
2023-12-19 14:45:25,074 [pavalam] Error number: [2] 
 Error Description: [mysqli_fetch_array() expects parameter 1 to be mysqli_result, bool given] 
 Error File: [D:\xampp\htdocs\POSSales\get_last_sync.php] 
 Error Line: [23]
2023-12-19 14:45:26,829 [pavalam] Error number: [2] 
 Error Description: [mysqli_fetch_array() expects parameter 1 to be mysqli_result, bool given] 
 Error File: [D:\xampp\htdocs\POSSales\get_last_sync.php] 
 Error Line: [23]
2023-12-19 14:45:26,829 [pavalam] Error number: [2] 
 Error Description: [mysqli_fetch_array() expects parameter 1 to be mysqli_result, bool given] 
 Error File: [D:\xampp\htdocs\POSSales\get_sales.php] 
 Error Line: [42]
2023-12-19 14:46:25,637 [pavalam] Error number: [8] 
 Error Description: [Trying to get property 'clientid' of non-object] 
 Error File: [D:\xampp\htdocs\POSSales\get_last_sync.php] 
 Error Line: [20]
2023-12-19 14:46:25,643 [pavalam] Error number: [2] 
 Error Description: [mysqli_fetch_array() expects parameter 1 to be mysqli_result, bool given] 
 Error File: [D:\xampp\htdocs\POSSales\get_last_sync.php] 
 Error Line: [23]
2023-12-19 14:46:26,101 [pavalam] Error number: [2] 
 Error Description: [mysqli_fetch_array() expects parameter 1 to be mysqli_result, bool given] 
 Error File: [D:\xampp\htdocs\POSSales\get_sales.php] 
 Error Line: [42]
2023-12-19 14:46:26,102 [pavalam] Error number: [2] 
 Error Description: [mysqli_fetch_array() expects parameter 1 to be mysqli_result, bool given] 
 Error File: [D:\xampp\htdocs\POSSales\get_last_sync.php] 
 Error Line: [23]
2023-12-19 14:47:25,187 [pavalam] Error number: [8] 
 Error Description: [Trying to get property 'clientid' of non-object] 
 Error File: [D:\xampp\htdocs\POSSales\get_last_sync.php] 
 Error Line: [20]
2023-12-19 14:47:25,191 [pavalam] Error number: [2] 
 Error Description: [mysqli_fetch_array() expects parameter 1 to be mysqli_result, bool given] 
 Error File: [D:\xampp\htdocs\POSSales\get_last_sync.php] 
 Error Line: [23]
2023-12-19 14:47:26,101 [pavalam] Error number: [2] 
 Error Description: [mysqli_fetch_array() expects parameter 1 to be mysqli_result, bool given] 
 Error File: [D:\xampp\htdocs\POSSales\get_last_sync.php] 
 Error Line: [23]
2023-12-19 14:47:26,101 [pavalam] Error number: [2] 
 Error Description: [mysqli_fetch_array() expects parameter 1 to be mysqli_result, bool given] 
 Error File: [D:\xampp\htdocs\POSSales\get_sales.php] 
 Error Line: [42]
2023-12-19 14:48:25,055 [pavalam] Error number: [8] 
 Error Description: [Trying to get property 'clientid' of non-object] 
 Error File: [D:\xampp\htdocs\POSSales\get_last_sync.php] 
 Error Line: [20]
2023-12-19 14:48:25,058 [pavalam] Error number: [2] 
 Error Description: [mysqli_fetch_array() expects parameter 1 to be mysqli_result, bool given] 
 Error File: [D:\xampp\htdocs\POSSales\get_last_sync.php] 
 Error Line: [23]
2023-12-19 14:48:25,528 [pavalam] Error number: [2] 
 Error Description: [mysqli_fetch_array() expects parameter 1 to be mysqli_result, bool given] 
 Error File: [D:\xampp\htdocs\POSSales\get_last_sync.php] 
 Error Line: [23]
2023-12-19 14:48:28,284 [pavalam] Error number: [2] 
 Error Description: [mysqli_fetch_array() expects parameter 1 to be mysqli_result, bool given] 
 Error File: [D:\xampp\htdocs\POSSales\get_sales.php] 
 Error Line: [42]
2023-12-19 14:49:25,195 [pavalam] Error number: [8] 
 Error Description: [Trying to get property 'clientid' of non-object] 
 Error File: [D:\xampp\htdocs\POSSales\get_last_sync.php] 
 Error Line: [20]
2023-12-19 14:49:25,198 [pavalam] Error number: [2] 
 Error Description: [mysqli_fetch_array() expects parameter 1 to be mysqli_result, bool given] 
 Error File: [D:\xampp\htdocs\POSSales\get_last_sync.php] 
 Error Line: [23]
2023-12-19 14:49:25,639 [pavalam] Error number: [2] 
 Error Description: [mysqli_fetch_array() expects parameter 1 to be mysqli_result, bool given] 
 Error File: [D:\xampp\htdocs\POSSales\get_last_sync.php] 
 Error Line: [23]
2023-12-19 14:49:25,640 [pavalam] Error number: [2] 
 Error Description: [mysqli_fetch_array() expects parameter 1 to be mysqli_result, bool given] 
 Error File: [D:\xampp\htdocs\POSSales\get_sales.php] 
 Error Line: [42]
2023-12-19 14:50:25,082 [pavalam] Error number: [8] 
 Error Description: [Trying to get property 'clientid' of non-object] 
 Error File: [D:\xampp\htdocs\POSSales\get_last_sync.php] 
 Error Line: [20]
2023-12-19 14:50:25,086 [pavalam] Error number: [2] 
 Error Description: [mysqli_fetch_array() expects parameter 1 to be mysqli_result, bool given] 
 Error File: [D:\xampp\htdocs\POSSales\get_last_sync.php] 
 Error Line: [23]
2023-12-19 14:50:25,517 [pavalam] Error number: [2] 
 Error Description: [mysqli_fetch_array() expects parameter 1 to be mysqli_result, bool given] 
 Error File: [D:\xampp\htdocs\POSSales\get_sales.php] 
 Error Line: [42]
2023-12-19 14:50:25,532 [pavalam] Error number: [2] 
 Error Description: [mysqli_fetch_array() expects parameter 1 to be mysqli_result, bool given] 
 Error File: [D:\xampp\htdocs\POSSales\get_last_sync.php] 
 Error Line: [23]
2023-12-19 14:51:25,299 [pavalam] Error number: [8] 
 Error Description: [Trying to get property 'clientid' of non-object] 
 Error File: [D:\xampp\htdocs\POSSales\get_last_sync.php] 
 Error Line: [20]
2023-12-19 14:51:25,304 [pavalam] Error number: [2] 
 Error Description: [mysqli_fetch_array() expects parameter 1 to be mysqli_result, bool given] 
 Error File: [D:\xampp\htdocs\POSSales\get_last_sync.php] 
 Error Line: [23]
2023-12-19 14:51:26,052 [pavalam] Error number: [2] 
 Error Description: [mysqli_fetch_array() expects parameter 1 to be mysqli_result, bool given] 
 Error File: [D:\xampp\htdocs\POSSales\get_sales.php] 
 Error Line: [42]
2023-12-19 14:51:26,052 [pavalam] Error number: [2] 
 Error Description: [mysqli_fetch_array() expects parameter 1 to be mysqli_result, bool given] 
 Error File: [D:\xampp\htdocs\POSSales\get_last_sync.php] 
 Error Line: [23]
2023-12-19 14:52:25,080 [pavalam] Error number: [8] 
 Error Description: [Trying to get property 'clientid' of non-object] 
 Error File: [D:\xampp\htdocs\POSSales\get_last_sync.php] 
 Error Line: [20]
2023-12-19 14:52:25,085 [pavalam] Error number: [2] 
 Error Description: [mysqli_fetch_array() expects parameter 1 to be mysqli_result, bool given] 
 Error File: [D:\xampp\htdocs\POSSales\get_last_sync.php] 
 Error Line: [23]
2023-12-19 14:52:26,579 [pavalam] Error number: [2] 
 Error Description: [mysqli_fetch_array() expects parameter 1 to be mysqli_result, bool given] 
 Error File: [D:\xampp\htdocs\POSSales\get_sales.php] 
 Error Line: [42]
2023-12-19 14:52:26,579 [pavalam] Error number: [2] 
 Error Description: [mysqli_fetch_array() expects parameter 1 to be mysqli_result, bool given] 
 Error File: [D:\xampp\htdocs\POSSales\get_last_sync.php] 
 Error Line: [23]
2023-12-19 14:53:25,180 [pavalam] Error number: [8] 
 Error Description: [Trying to get property 'clientid' of non-object] 
 Error File: [D:\xampp\htdocs\POSSales\get_last_sync.php] 
 Error Line: [20]
2023-12-19 14:53:25,323 [pavalam] Error number: [2] 
 Error Description: [mysqli_fetch_array() expects parameter 1 to be mysqli_result, bool given] 
 Error File: [D:\xampp\htdocs\POSSales\get_last_sync.php] 
 Error Line: [23]
2023-12-19 14:53:25,609 [pavalam] Error number: [2] 
 Error Description: [mysqli_fetch_array() expects parameter 1 to be mysqli_result, bool given] 
 Error File: [D:\xampp\htdocs\POSSales\get_sales.php] 
 Error Line: [42]
2023-12-19 14:53:25,761 [pavalam] Error number: [2] 
 Error Description: [mysqli_fetch_array() expects parameter 1 to be mysqli_result, bool given] 
 Error File: [D:\xampp\htdocs\POSSales\get_last_sync.php] 
 Error Line: [23]
2023-12-19 14:54:25,062 [pavalam] Error number: [8] 
 Error Description: [Trying to get property 'clientid' of non-object] 
 Error File: [D:\xampp\htdocs\POSSales\get_last_sync.php] 
 Error Line: [20]
2023-12-19 14:54:25,065 [pavalam] Error number: [2] 
 Error Description: [mysqli_fetch_array() expects parameter 1 to be mysqli_result, bool given] 
 Error File: [D:\xampp\htdocs\POSSales\get_last_sync.php] 
 Error Line: [23]
2023-12-19 14:54:25,505 [pavalam] Error number: [2] 
 Error Description: [mysqli_fetch_array() expects parameter 1 to be mysqli_result, bool given] 
 Error File: [D:\xampp\htdocs\POSSales\get_last_sync.php] 
 Error Line: [23]
2023-12-19 14:54:25,517 [pavalam] Error number: [2] 
 Error Description: [mysqli_fetch_array() expects parameter 1 to be mysqli_result, bool given] 
 Error File: [D:\xampp\htdocs\POSSales\get_sales.php] 
 Error Line: [42]
2023-12-19 14:55:25,077 [pavalam] Error number: [8] 
 Error Description: [Trying to get property 'clientid' of non-object] 
 Error File: [D:\xampp\htdocs\POSSales\get_last_sync.php] 
 Error Line: [20]
2023-12-19 14:55:25,098 [pavalam] Error number: [2] 
 Error Description: [mysqli_fetch_array() expects parameter 1 to be mysqli_result, bool given] 
 Error File: [D:\xampp\htdocs\POSSales\get_last_sync.php] 
 Error Line: [23]
2023-12-19 14:55:26,225 [pavalam] Error number: [2] 
 Error Description: [mysqli_fetch_array() expects parameter 1 to be mysqli_result, bool given] 
 Error File: [D:\xampp\htdocs\POSSales\get_sales.php] 
 Error Line: [42]
2023-12-19 14:55:26,225 [pavalam] Error number: [2] 
 Error Description: [mysqli_fetch_array() expects parameter 1 to be mysqli_result, bool given] 
 Error File: [D:\xampp\htdocs\POSSales\get_last_sync.php] 
 Error Line: [23]
2023-12-19 14:56:25,096 [pavalam] Error number: [8] 
 Error Description: [Trying to get property 'clientid' of non-object] 
 Error File: [D:\xampp\htdocs\POSSales\get_last_sync.php] 
 Error Line: [20]
2023-12-19 14:56:25,099 [pavalam] Error number: [2] 
 Error Description: [mysqli_fetch_array() expects parameter 1 to be mysqli_result, bool given] 
 Error File: [D:\xampp\htdocs\POSSales\get_last_sync.php] 
 Error Line: [23]
2023-12-19 14:56:25,521 [pavalam] Error number: [2] 
 Error Description: [mysqli_fetch_array() expects parameter 1 to be mysqli_result, bool given] 
 Error File: [D:\xampp\htdocs\POSSales\get_sales.php] 
 Error Line: [42]
2023-12-19 14:56:25,554 [pavalam] Error number: [2] 
 Error Description: [mysqli_fetch_array() expects parameter 1 to be mysqli_result, bool given] 
 Error File: [D:\xampp\htdocs\POSSales\get_last_sync.php] 
 Error Line: [23]
2023-12-19 14:57:25,079 [pavalam] Error number: [8] 
 Error Description: [Trying to get property 'clientid' of non-object] 
 Error File: [D:\xampp\htdocs\POSSales\get_last_sync.php] 
 Error Line: [20]
2023-12-19 14:57:25,082 [pavalam] Error number: [2] 
 Error Description: [mysqli_fetch_array() expects parameter 1 to be mysqli_result, bool given] 
 Error File: [D:\xampp\htdocs\POSSales\get_last_sync.php] 
 Error Line: [23]
2023-12-19 14:57:25,530 [pavalam] Error number: [2] 
 Error Description: [mysqli_fetch_array() expects parameter 1 to be mysqli_result, bool given] 
 Error File: [D:\xampp\htdocs\POSSales\get_sales.php] 
 Error Line: [42]
2023-12-19 14:57:25,530 [pavalam] Error number: [2] 
 Error Description: [mysqli_fetch_array() expects parameter 1 to be mysqli_result, bool given] 
 Error File: [D:\xampp\htdocs\POSSales\get_last_sync.php] 
 Error Line: [23]
2023-12-19 14:58:25,389 [pavalam] Error number: [8] 
 Error Description: [Trying to get property 'clientid' of non-object] 
 Error File: [D:\xampp\htdocs\POSSales\get_last_sync.php] 
 Error Line: [20]
2023-12-19 14:58:25,394 [pavalam] Error number: [2] 
 Error Description: [mysqli_fetch_array() expects parameter 1 to be mysqli_result, bool given] 
 Error File: [D:\xampp\htdocs\POSSales\get_last_sync.php] 
 Error Line: [23]
2023-12-19 14:58:26,731 [pavalam] Error number: [2] 
 Error Description: [mysqli_fetch_array() expects parameter 1 to be mysqli_result, bool given] 
 Error File: [D:\xampp\htdocs\POSSales\get_last_sync.php] 
 Error Line: [23]
2023-12-19 14:58:26,736 [pavalam] Error number: [2] 
 Error Description: [mysqli_fetch_array() expects parameter 1 to be mysqli_result, bool given] 
 Error File: [D:\xampp\htdocs\POSSales\get_sales.php] 
 Error Line: [42]
2023-12-19 14:59:25,135 [pavalam] Error number: [8] 
 Error Description: [Trying to get property 'clientid' of non-object] 
 Error File: [D:\xampp\htdocs\POSSales\get_last_sync.php] 
 Error Line: [20]
2023-12-19 14:59:25,138 [pavalam] Error number: [2] 
 Error Description: [mysqli_fetch_array() expects parameter 1 to be mysqli_result, bool given] 
 Error File: [D:\xampp\htdocs\POSSales\get_last_sync.php] 
 Error Line: [23]
2023-12-19 14:59:25,587 [pavalam] Error number: [2] 
 Error Description: [mysqli_fetch_array() expects parameter 1 to be mysqli_result, bool given] 
 Error File: [D:\xampp\htdocs\POSSales\get_last_sync.php] 
 Error Line: [23]
2023-12-19 14:59:25,588 [pavalam] Error number: [2] 
 Error Description: [mysqli_fetch_array() expects parameter 1 to be mysqli_result, bool given] 
 Error File: [D:\xampp\htdocs\POSSales\get_sales.php] 
 Error Line: [42]
2023-12-19 15:00:25,056 [pavalam] Error number: [8] 
 Error Description: [Trying to get property 'clientid' of non-object] 
 Error File: [D:\xampp\htdocs\POSSales\get_last_sync.php] 
 Error Line: [20]
2023-12-19 15:00:25,059 [pavalam] Error number: [2] 
 Error Description: [mysqli_fetch_array() expects parameter 1 to be mysqli_result, bool given] 
 Error File: [D:\xampp\htdocs\POSSales\get_last_sync.php] 
 Error Line: [23]
2023-12-19 15:00:25,503 [pavalam] Error number: [2] 
 Error Description: [mysqli_fetch_array() expects parameter 1 to be mysqli_result, bool given] 
 Error File: [D:\xampp\htdocs\POSSales\get_last_sync.php] 
 Error Line: [23]
2023-12-19 15:00:25,506 [pavalam] Error number: [2] 
 Error Description: [mysqli_fetch_array() expects parameter 1 to be mysqli_result, bool given] 
 Error File: [D:\xampp\htdocs\POSSales\get_sales.php] 
 Error Line: [42]
2023-12-19 15:01:25,397 [pavalam] Error number: [8] 
 Error Description: [Trying to get property 'clientid' of non-object] 
 Error File: [D:\xampp\htdocs\POSSales\get_last_sync.php] 
 Error Line: [20]
2023-12-19 15:01:25,401 [pavalam] Error number: [2] 
 Error Description: [mysqli_fetch_array() expects parameter 1 to be mysqli_result, bool given] 
 Error File: [D:\xampp\htdocs\POSSales\get_last_sync.php] 
 Error Line: [23]
2023-12-19 15:01:25,667 [pavalam] Error number: [2] 
 Error Description: [mysqli_fetch_array() expects parameter 1 to be mysqli_result, bool given] 
 Error File: [D:\xampp\htdocs\POSSales\get_sales.php] 
 Error Line: [42]
2023-12-19 15:01:25,850 [pavalam] Error number: [2] 
 Error Description: [mysqli_fetch_array() expects parameter 1 to be mysqli_result, bool given] 
 Error File: [D:\xampp\htdocs\POSSales\get_last_sync.php] 
 Error Line: [23]
2023-12-19 15:02:22,904 [pavalam] Error number: [8] 
 Error Description: [Trying to get property 'clientid' of non-object] 
 Error File: [D:\xampp\htdocs\POSSales\get_last_sync.php] 
 Error Line: [20]
2023-12-19 15:02:23,350 [pavalam] Error number: [2] 
 Error Description: [mysqli_fetch_array() expects parameter 1 to be mysqli_result, bool given] 
 Error File: [D:\xampp\htdocs\POSSales\get_last_sync.php] 
 Error Line: [23]
2023-12-19 15:02:23,687 [pavalam] Error number: [2] 
 Error Description: [mysqli_fetch_array() expects parameter 1 to be mysqli_result, bool given] 
 Error File: [D:\xampp\htdocs\POSSales\get_sales.php] 
 Error Line: [42]
2023-12-19 15:02:24,087 [pavalam] Error number: [2] 
 Error Description: [mysqli_fetch_array() expects parameter 1 to be mysqli_result, bool given] 
 Error File: [D:\xampp\htdocs\POSSales\get_last_sync.php] 
 Error Line: [23]
2023-12-19 15:03:42,113 [pavalam] Error number: [2] 
 Error Description: [mysqli_connect(): (HY000/2002): A connection attempt failed because the connected party did not properly respond after a period of time, or established connection failed because connected host has failed to respond.
] 
 Error File: [D:\xampp\htdocs\POSSales\get_sales.php] 
 Error Line: [13]
2023-12-19 15:03:42,115 [pavalam] Error number: [2] 
 Error Description: [mysqli_error() expects parameter 1 to be mysqli, bool given] 
 Error File: [D:\xampp\htdocs\POSSales\get_sales.php] 
 Error Line: [13]
2023-12-19 15:03:42,113 [pavalam] Error number: [2] 
 Error Description: [mysqli_connect(): (HY000/2002): A connection attempt failed because the connected party did not properly respond after a period of time, or established connection failed because connected host has failed to respond.
] 
 Error File: [D:\xampp\htdocs\POSSales\get_last_sync.php] 
 Error Line: [13]
2023-12-19 15:03:42,116 [pavalam] Error number: [2] 
 Error Description: [mysqli_error() expects parameter 1 to be mysqli, bool given] 
 Error File: [D:\xampp\htdocs\POSSales\get_last_sync.php] 
 Error Line: [13]
2023-12-19 15:04:03,414 [pavalam] Error number: [2] 
 Error Description: [mysqli_connect(): (HY000/2002): A connection attempt failed because the connected party did not properly respond after a period of time, or established connection failed because connected host has failed to respond.
] 
 Error File: [D:\xampp\htdocs\POSSales\get_sales.php] 
 Error Line: [13]
2023-12-19 15:04:03,414 [pavalam] Error number: [2] 
 Error Description: [mysqli_connect(): (HY000/2002): A connection attempt failed because the connected party did not properly respond after a period of time, or established connection failed because connected host has failed to respond.
] 
 Error File: [D:\xampp\htdocs\POSSales\get_last_sync.php] 
 Error Line: [13]
2023-12-19 15:04:03,415 [pavalam] Error number: [2] 
 Error Description: [mysqli_error() expects parameter 1 to be mysqli, bool given] 
 Error File: [D:\xampp\htdocs\POSSales\get_sales.php] 
 Error Line: [13]
2023-12-19 15:04:03,415 [pavalam] Error number: [2] 
 Error Description: [mysqli_error() expects parameter 1 to be mysqli, bool given] 
 Error File: [D:\xampp\htdocs\POSSales\get_last_sync.php] 
 Error Line: [13]
2023-12-19 15:04:42,119 [pavalam] Error number: [2] 
 Error Description: [mysqli_connect(): (HY000/2002): A connection attempt failed because the connected party did not properly respond after a period of time, or established connection failed because connected host has failed to respond.
] 
 Error File: [D:\xampp\htdocs\POSSales\get_last_sync.php] 
 Error Line: [13]
2023-12-19 15:04:42,119 [pavalam] Error number: [2] 
 Error Description: [mysqli_connect(): (HY000/2002): A connection attempt failed because the connected party did not properly respond after a period of time, or established connection failed because connected host has failed to respond.
] 
 Error File: [D:\xampp\htdocs\POSSales\get_sales.php] 
 Error Line: [13]
2023-12-19 15:04:42,121 [pavalam] Error number: [2] 
 Error Description: [mysqli_error() expects parameter 1 to be mysqli, bool given] 
 Error File: [D:\xampp\htdocs\POSSales\get_last_sync.php] 
 Error Line: [13]
2023-12-19 15:04:42,121 [pavalam] Error number: [2] 
 Error Description: [mysqli_error() expects parameter 1 to be mysqli, bool given] 
 Error File: [D:\xampp\htdocs\POSSales\get_sales.php] 
 Error Line: [13]
2023-12-19 15:05:03,419 [pavalam] Error number: [2] 
 Error Description: [mysqli_connect(): (HY000/2002): A connection attempt failed because the connected party did not properly respond after a period of time, or established connection failed because connected host has failed to respond.
] 
 Error File: [D:\xampp\htdocs\POSSales\get_last_sync.php] 
 Error Line: [13]
2023-12-19 15:05:03,419 [pavalam] Error number: [2] 
 Error Description: [mysqli_connect(): (HY000/2002): A connection attempt failed because the connected party did not properly respond after a period of time, or established connection failed because connected host has failed to respond.
] 
 Error File: [D:\xampp\htdocs\POSSales\get_sales.php] 
 Error Line: [13]
2023-12-19 15:05:03,420 [pavalam] Error number: [2] 
 Error Description: [mysqli_error() expects parameter 1 to be mysqli, bool given] 
 Error File: [D:\xampp\htdocs\POSSales\get_last_sync.php] 
 Error Line: [13]
2023-12-19 15:05:03,420 [pavalam] Error number: [2] 
 Error Description: [mysqli_error() expects parameter 1 to be mysqli, bool given] 
 Error File: [D:\xampp\htdocs\POSSales\get_sales.php] 
 Error Line: [13]
2023-12-19 15:05:42,082 [pavalam] Error number: [2] 
 Error Description: [mysqli_connect(): (HY000/2002): A connection attempt failed because the connected party did not properly respond after a period of time, or established connection failed because connected host has failed to respond.
] 
 Error File: [D:\xampp\htdocs\POSSales\get_sales.php] 
 Error Line: [13]
2023-12-19 15:05:42,082 [pavalam] Error number: [2] 
 Error Description: [mysqli_connect(): (HY000/2002): A connection attempt failed because the connected party did not properly respond after a period of time, or established connection failed because connected host has failed to respond.
] 
 Error File: [D:\xampp\htdocs\POSSales\get_last_sync.php] 
 Error Line: [13]
2023-12-19 15:05:42,083 [pavalam] Error number: [2] 
 Error Description: [mysqli_error() expects parameter 1 to be mysqli, bool given] 
 Error File: [D:\xampp\htdocs\POSSales\get_sales.php] 
 Error Line: [13]
2023-12-19 15:05:42,083 [pavalam] Error number: [2] 
 Error Description: [mysqli_error() expects parameter 1 to be mysqli, bool given] 
 Error File: [D:\xampp\htdocs\POSSales\get_last_sync.php] 
 Error Line: [13]
2023-12-19 15:05:51,811 [pavalam] Error number: [2] 
 Error Description: [mysqli_connect(): (HY000/2002): An established connection was aborted by the software in your host machine.
] 
 Error File: [D:\xampp\htdocs\POSSales\get_sales.php] 
 Error Line: [13]
2023-12-19 15:05:51,812 [pavalam] Error number: [2] 
 Error Description: [mysqli_error() expects parameter 1 to be mysqli, bool given] 
 Error File: [D:\xampp\htdocs\POSSales\get_sales.php] 
 Error Line: [13]
2023-12-19 15:05:51,811 [pavalam] Error number: [2] 
 Error Description: [mysqli_connect(): (HY000/2002): An established connection was aborted by the software in your host machine.
] 
 Error File: [D:\xampp\htdocs\POSSales\get_last_sync.php] 
 Error Line: [13]
2023-12-19 15:05:51,813 [pavalam] Error number: [2] 
 Error Description: [mysqli_error() expects parameter 1 to be mysqli, bool given] 
 Error File: [D:\xampp\htdocs\POSSales\get_last_sync.php] 
 Error Line: [13]
2023-12-19 15:06:21,092 [pavalam] Error number: [8] 
 Error Description: [Trying to get property 'clientid' of non-object] 
 Error File: [D:\xampp\htdocs\POSSales\get_last_sync.php] 
 Error Line: [20]
2023-12-19 15:06:21,097 [pavalam] Error number: [2] 
 Error Description: [mysqli_fetch_array() expects parameter 1 to be mysqli_result, bool given] 
 Error File: [D:\xampp\htdocs\POSSales\get_last_sync.php] 
 Error Line: [23]
2023-12-19 15:06:21,545 [pavalam] Error number: [2] 
 Error Description: [mysqli_fetch_array() expects parameter 1 to be mysqli_result, bool given] 
 Error File: [D:\xampp\htdocs\POSSales\get_last_sync.php] 
 Error Line: [23]
2023-12-19 15:06:21,552 [pavalam] Error number: [2] 
 Error Description: [mysqli_fetch_array() expects parameter 1 to be mysqli_result, bool given] 
 Error File: [D:\xampp\htdocs\POSSales\get_sales.php] 
 Error Line: [42]
2023-12-19 15:07:25,093 [pavalam] Error number: [8] 
 Error Description: [Trying to get property 'clientid' of non-object] 
 Error File: [D:\xampp\htdocs\POSSales\get_last_sync.php] 
 Error Line: [20]
2023-12-19 15:07:25,110 [pavalam] Error number: [2] 
 Error Description: [mysqli_fetch_array() expects parameter 1 to be mysqli_result, bool given] 
 Error File: [D:\xampp\htdocs\POSSales\get_last_sync.php] 
 Error Line: [23]
2023-12-19 15:07:25,620 [pavalam] Error number: [2] 
 Error Description: [mysqli_fetch_array() expects parameter 1 to be mysqli_result, bool given] 
 Error File: [D:\xampp\htdocs\POSSales\get_sales.php] 
 Error Line: [42]
2023-12-19 15:07:25,620 [pavalam] Error number: [2] 
 Error Description: [mysqli_fetch_array() expects parameter 1 to be mysqli_result, bool given] 
 Error File: [D:\xampp\htdocs\POSSales\get_last_sync.php] 
 Error Line: [23]
2023-12-19 15:08:26,673 [pavalam] Error number: [8] 
 Error Description: [Trying to get property 'clientid' of non-object] 
 Error File: [D:\xampp\htdocs\POSSales\get_last_sync.php] 
 Error Line: [20]
2023-12-19 15:08:26,677 [pavalam] Error number: [2] 
 Error Description: [mysqli_fetch_array() expects parameter 1 to be mysqli_result, bool given] 
 Error File: [D:\xampp\htdocs\POSSales\get_last_sync.php] 
 Error Line: [23]
2023-12-19 15:08:27,130 [pavalam] Error number: [2] 
 Error Description: [mysqli_fetch_array() expects parameter 1 to be mysqli_result, bool given] 
 Error File: [D:\xampp\htdocs\POSSales\get_last_sync.php] 
 Error Line: [23]
2023-12-19 15:08:29,633 [pavalam] Error number: [2] 
 Error Description: [mysqli_fetch_array() expects parameter 1 to be mysqli_result, bool given] 
 Error File: [D:\xampp\htdocs\POSSales\get_sales.php] 
 Error Line: [42]
2023-12-19 15:09:26,136 [pavalam] Error number: [8] 
 Error Description: [Trying to get property 'clientid' of non-object] 
 Error File: [D:\xampp\htdocs\POSSales\get_last_sync.php] 
 Error Line: [20]
2023-12-19 15:09:26,262 [pavalam] Error number: [2] 
 Error Description: [mysqli_fetch_array() expects parameter 1 to be mysqli_result, bool given] 
 Error File: [D:\xampp\htdocs\POSSales\get_last_sync.php] 
 Error Line: [23]
2023-12-19 15:09:26,870 [pavalam] Error number: [2] 
 Error Description: [mysqli_fetch_array() expects parameter 1 to be mysqli_result, bool given] 
 Error File: [D:\xampp\htdocs\POSSales\get_sales.php] 
 Error Line: [42]
2023-12-19 15:09:26,872 [pavalam] Error number: [2] 
 Error Description: [mysqli_fetch_array() expects parameter 1 to be mysqli_result, bool given] 
 Error File: [D:\xampp\htdocs\POSSales\get_last_sync.php] 
 Error Line: [23]
2023-12-19 15:10:25,054 [pavalam] Error number: [8] 
 Error Description: [Trying to get property 'clientid' of non-object] 
 Error File: [D:\xampp\htdocs\POSSales\get_last_sync.php] 
 Error Line: [20]
2023-12-19 15:10:25,060 [pavalam] Error number: [2] 
 Error Description: [mysqli_fetch_array() expects parameter 1 to be mysqli_result, bool given] 
 Error File: [D:\xampp\htdocs\POSSales\get_last_sync.php] 
 Error Line: [23]
2023-12-19 15:10:25,504 [pavalam] Error number: [2] 
 Error Description: [mysqli_fetch_array() expects parameter 1 to be mysqli_result, bool given] 
 Error File: [D:\xampp\htdocs\POSSales\get_last_sync.php] 
 Error Line: [23]
2023-12-19 15:10:25,540 [pavalam] Error number: [2] 
 Error Description: [mysqli_fetch_array() expects parameter 1 to be mysqli_result, bool given] 
 Error File: [D:\xampp\htdocs\POSSales\get_sales.php] 
 Error Line: [42]
2023-12-19 15:11:25,099 [pavalam] Error number: [8] 
 Error Description: [Trying to get property 'clientid' of non-object] 
 Error File: [D:\xampp\htdocs\POSSales\get_last_sync.php] 
 Error Line: [20]
2023-12-19 15:11:25,102 [pavalam] Error number: [2] 
 Error Description: [mysqli_fetch_array() expects parameter 1 to be mysqli_result, bool given] 
 Error File: [D:\xampp\htdocs\POSSales\get_last_sync.php] 
 Error Line: [23]
2023-12-19 15:11:25,533 [pavalam] Error number: [2] 
 Error Description: [mysqli_fetch_array() expects parameter 1 to be mysqli_result, bool given] 
 Error File: [D:\xampp\htdocs\POSSales\get_sales.php] 
 Error Line: [42]
2023-12-19 15:11:25,556 [pavalam] Error number: [2] 
 Error Description: [mysqli_fetch_array() expects parameter 1 to be mysqli_result, bool given] 
 Error File: [D:\xampp\htdocs\POSSales\get_last_sync.php] 
 Error Line: [23]
2023-12-19 15:12:25,081 [pavalam] Error number: [8] 
 Error Description: [Trying to get property 'clientid' of non-object] 
 Error File: [D:\xampp\htdocs\POSSales\get_last_sync.php] 
 Error Line: [20]
2023-12-19 15:12:25,086 [pavalam] Error number: [2] 
 Error Description: [mysqli_fetch_array() expects parameter 1 to be mysqli_result, bool given] 
 Error File: [D:\xampp\htdocs\POSSales\get_last_sync.php] 
 Error Line: [23]
2023-12-19 15:12:25,786 [pavalam] Error number: [2] 
 Error Description: [mysqli_fetch_array() expects parameter 1 to be mysqli_result, bool given] 
 Error File: [D:\xampp\htdocs\POSSales\get_last_sync.php] 
 Error Line: [23]
2023-12-19 15:12:25,786 [pavalam] Error number: [2] 
 Error Description: [mysqli_fetch_array() expects parameter 1 to be mysqli_result, bool given] 
 Error File: [D:\xampp\htdocs\POSSales\get_sales.php] 
 Error Line: [42]
2023-12-19 15:13:25,307 [pavalam] Error number: [8] 
 Error Description: [Trying to get property 'clientid' of non-object] 
 Error File: [D:\xampp\htdocs\POSSales\get_last_sync.php] 
 Error Line: [20]
2023-12-19 15:13:25,321 [pavalam] Error number: [2] 
 Error Description: [mysqli_fetch_array() expects parameter 1 to be mysqli_result, bool given] 
 Error File: [D:\xampp\htdocs\POSSales\get_last_sync.php] 
 Error Line: [23]
2023-12-19 15:13:25,942 [pavalam] Error number: [2] 
 Error Description: [mysqli_fetch_array() expects parameter 1 to be mysqli_result, bool given] 
 Error File: [D:\xampp\htdocs\POSSales\get_sales.php] 
 Error Line: [42]
2023-12-19 15:13:25,943 [pavalam] Error number: [2] 
 Error Description: [mysqli_fetch_array() expects parameter 1 to be mysqli_result, bool given] 
 Error File: [D:\xampp\htdocs\POSSales\get_last_sync.php] 
 Error Line: [23]
2023-12-19 15:14:25,094 [pavalam] Error number: [8] 
 Error Description: [Trying to get property 'clientid' of non-object] 
 Error File: [D:\xampp\htdocs\POSSales\get_last_sync.php] 
 Error Line: [20]
2023-12-19 15:14:25,098 [pavalam] Error number: [2] 
 Error Description: [mysqli_fetch_array() expects parameter 1 to be mysqli_result, bool given] 
 Error File: [D:\xampp\htdocs\POSSales\get_last_sync.php] 
 Error Line: [23]
2023-12-19 15:14:25,541 [pavalam] Error number: [2] 
 Error Description: [mysqli_fetch_array() expects parameter 1 to be mysqli_result, bool given] 
 Error File: [D:\xampp\htdocs\POSSales\get_sales.php] 
 Error Line: [42]
2023-12-19 15:14:25,556 [pavalam] Error number: [2] 
 Error Description: [mysqli_fetch_array() expects parameter 1 to be mysqli_result, bool given] 
 Error File: [D:\xampp\htdocs\POSSales\get_last_sync.php] 
 Error Line: [23]
2023-12-19 15:15:25,159 [pavalam] Error number: [8] 
 Error Description: [Trying to get property 'clientid' of non-object] 
 Error File: [D:\xampp\htdocs\POSSales\get_last_sync.php] 
 Error Line: [20]
2023-12-19 15:15:25,193 [pavalam] Error number: [2] 
 Error Description: [mysqli_fetch_array() expects parameter 1 to be mysqli_result, bool given] 
 Error File: [D:\xampp\htdocs\POSSales\get_last_sync.php] 
 Error Line: [23]
2023-12-19 15:15:25,696 [pavalam] Error number: [2] 
 Error Description: [mysqli_fetch_array() expects parameter 1 to be mysqli_result, bool given] 
 Error File: [D:\xampp\htdocs\POSSales\get_sales.php] 
 Error Line: [42]
2023-12-19 15:15:25,710 [pavalam] Error number: [2] 
 Error Description: [mysqli_fetch_array() expects parameter 1 to be mysqli_result, bool given] 
 Error File: [D:\xampp\htdocs\POSSales\get_last_sync.php] 
 Error Line: [23]
2023-12-19 15:16:25,105 [pavalam] Error number: [8] 
 Error Description: [Trying to get property 'clientid' of non-object] 
 Error File: [D:\xampp\htdocs\POSSales\get_last_sync.php] 
 Error Line: [20]
2023-12-19 15:16:25,307 [pavalam] Error number: [2] 
 Error Description: [mysqli_fetch_array() expects parameter 1 to be mysqli_result, bool given] 
 Error File: [D:\xampp\htdocs\POSSales\get_last_sync.php] 
 Error Line: [23]
2023-12-19 15:16:26,045 [pavalam] Error number: [2] 
 Error Description: [mysqli_fetch_array() expects parameter 1 to be mysqli_result, bool given] 
 Error File: [D:\xampp\htdocs\POSSales\get_sales.php] 
 Error Line: [42]
2023-12-19 15:16:26,045 [pavalam] Error number: [2] 
 Error Description: [mysqli_fetch_array() expects parameter 1 to be mysqli_result, bool given] 
 Error File: [D:\xampp\htdocs\POSSales\get_last_sync.php] 
 Error Line: [23]
2023-12-19 15:17:25,717 [pavalam] Error number: [8] 
 Error Description: [Trying to get property 'clientid' of non-object] 
 Error File: [D:\xampp\htdocs\POSSales\get_last_sync.php] 
 Error Line: [20]
2023-12-19 15:17:25,719 [pavalam] Error number: [2] 
 Error Description: [mysqli_fetch_array() expects parameter 1 to be mysqli_result, bool given] 
 Error File: [D:\xampp\htdocs\POSSales\get_last_sync.php] 
 Error Line: [23]
2023-12-19 15:17:26,195 [pavalam] Error number: [2] 
 Error Description: [mysqli_fetch_array() expects parameter 1 to be mysqli_result, bool given] 
 Error File: [D:\xampp\htdocs\POSSales\get_last_sync.php] 
 Error Line: [23]
2023-12-19 15:17:26,197 [pavalam] Error number: [2] 
 Error Description: [mysqli_fetch_array() expects parameter 1 to be mysqli_result, bool given] 
 Error File: [D:\xampp\htdocs\POSSales\get_sales.php] 
 Error Line: [42]
2023-12-19 15:18:25,104 [pavalam] Error number: [8] 
 Error Description: [Trying to get property 'clientid' of non-object] 
 Error File: [D:\xampp\htdocs\POSSales\get_last_sync.php] 
 Error Line: [20]
2023-12-19 15:18:25,320 [pavalam] Error number: [2] 
 Error Description: [mysqli_fetch_array() expects parameter 1 to be mysqli_result, bool given] 
 Error File: [D:\xampp\htdocs\POSSales\get_last_sync.php] 
 Error Line: [23]
2023-12-19 15:18:25,547 [pavalam] Error number: [2] 
 Error Description: [mysqli_fetch_array() expects parameter 1 to be mysqli_result, bool given] 
 Error File: [D:\xampp\htdocs\POSSales\get_sales.php] 
 Error Line: [42]
2023-12-19 15:18:26,154 [pavalam] Error number: [2] 
 Error Description: [mysqli_fetch_array() expects parameter 1 to be mysqli_result, bool given] 
 Error File: [D:\xampp\htdocs\POSSales\get_last_sync.php] 
 Error Line: [23]
2023-12-19 15:19:25,109 [pavalam] Error number: [8] 
 Error Description: [Trying to get property 'clientid' of non-object] 
 Error File: [D:\xampp\htdocs\POSSales\get_last_sync.php] 
 Error Line: [20]
2023-12-19 15:19:25,112 [pavalam] Error number: [2] 
 Error Description: [mysqli_fetch_array() expects parameter 1 to be mysqli_result, bool given] 
 Error File: [D:\xampp\htdocs\POSSales\get_last_sync.php] 
 Error Line: [23]
2023-12-19 15:19:25,551 [pavalam] Error number: [2] 
 Error Description: [mysqli_fetch_array() expects parameter 1 to be mysqli_result, bool given] 
 Error File: [D:\xampp\htdocs\POSSales\get_sales.php] 
 Error Line: [42]
2023-12-19 15:19:25,551 [pavalam] Error number: [2] 
 Error Description: [mysqli_fetch_array() expects parameter 1 to be mysqli_result, bool given] 
 Error File: [D:\xampp\htdocs\POSSales\get_last_sync.php] 
 Error Line: [23]
2023-12-19 15:20:25,065 [pavalam] Error number: [8] 
 Error Description: [Trying to get property 'clientid' of non-object] 
 Error File: [D:\xampp\htdocs\POSSales\get_last_sync.php] 
 Error Line: [20]
2023-12-19 15:20:25,068 [pavalam] Error number: [2] 
 Error Description: [mysqli_fetch_array() expects parameter 1 to be mysqli_result, bool given] 
 Error File: [D:\xampp\htdocs\POSSales\get_last_sync.php] 
 Error Line: [23]
2023-12-19 15:20:25,514 [pavalam] Error number: [2] 
 Error Description: [mysqli_fetch_array() expects parameter 1 to be mysqli_result, bool given] 
 Error File: [D:\xampp\htdocs\POSSales\get_last_sync.php] 
 Error Line: [23]
2023-12-19 15:20:25,549 [pavalam] Error number: [2] 
 Error Description: [mysqli_fetch_array() expects parameter 1 to be mysqli_result, bool given] 
 Error File: [D:\xampp\htdocs\POSSales\get_sales.php] 
 Error Line: [42]
2023-12-19 15:21:25,609 [pavalam] Error number: [8] 
 Error Description: [Trying to get property 'clientid' of non-object] 
 Error File: [D:\xampp\htdocs\POSSales\get_last_sync.php] 
 Error Line: [20]
2023-12-19 15:21:25,612 [pavalam] Error number: [2] 
 Error Description: [mysqli_fetch_array() expects parameter 1 to be mysqli_result, bool given] 
 Error File: [D:\xampp\htdocs\POSSales\get_last_sync.php] 
 Error Line: [23]
2023-12-19 15:21:26,070 [pavalam] Error number: [2] 
 Error Description: [mysqli_fetch_array() expects parameter 1 to be mysqli_result, bool given] 
 Error File: [D:\xampp\htdocs\POSSales\get_last_sync.php] 
 Error Line: [23]
2023-12-19 15:21:26,074 [pavalam] Error number: [2] 
 Error Description: [mysqli_fetch_array() expects parameter 1 to be mysqli_result, bool given] 
 Error File: [D:\xampp\htdocs\POSSales\get_sales.php] 
 Error Line: [42]
2023-12-19 15:22:25,097 [pavalam] Error number: [8] 
 Error Description: [Trying to get property 'clientid' of non-object] 
 Error File: [D:\xampp\htdocs\POSSales\get_last_sync.php] 
 Error Line: [20]
2023-12-19 15:22:25,103 [pavalam] Error number: [2] 
 Error Description: [mysqli_fetch_array() expects parameter 1 to be mysqli_result, bool given] 
 Error File: [D:\xampp\htdocs\POSSales\get_last_sync.php] 
 Error Line: [23]
2023-12-19 15:22:25,776 [pavalam] Error number: [2] 
 Error Description: [mysqli_fetch_array() expects parameter 1 to be mysqli_result, bool given] 
 Error File: [D:\xampp\htdocs\POSSales\get_sales.php] 
 Error Line: [42]
2023-12-19 15:22:25,778 [pavalam] Error number: [2] 
 Error Description: [mysqli_fetch_array() expects parameter 1 to be mysqli_result, bool given] 
 Error File: [D:\xampp\htdocs\POSSales\get_last_sync.php] 
 Error Line: [23]
2023-12-19 15:23:25,442 [pavalam] Error number: [8] 
 Error Description: [Trying to get property 'clientid' of non-object] 
 Error File: [D:\xampp\htdocs\POSSales\get_last_sync.php] 
 Error Line: [20]
2023-12-19 15:23:25,445 [pavalam] Error number: [2] 
 Error Description: [mysqli_fetch_array() expects parameter 1 to be mysqli_result, bool given] 
 Error File: [D:\xampp\htdocs\POSSales\get_last_sync.php] 
 Error Line: [23]
2023-12-19 15:23:25,890 [pavalam] Error number: [2] 
 Error Description: [mysqli_fetch_array() expects parameter 1 to be mysqli_result, bool given] 
 Error File: [D:\xampp\htdocs\POSSales\get_sales.php] 
 Error Line: [42]
2023-12-19 15:23:25,917 [pavalam] Error number: [2] 
 Error Description: [mysqli_fetch_array() expects parameter 1 to be mysqli_result, bool given] 
 Error File: [D:\xampp\htdocs\POSSales\get_last_sync.php] 
 Error Line: [23]
2023-12-19 15:24:25,114 [pavalam] Error number: [8] 
 Error Description: [Trying to get property 'clientid' of non-object] 
 Error File: [D:\xampp\htdocs\POSSales\get_last_sync.php] 
 Error Line: [20]
2023-12-19 15:24:25,118 [pavalam] Error number: [2] 
 Error Description: [mysqli_fetch_array() expects parameter 1 to be mysqli_result, bool given] 
 Error File: [D:\xampp\htdocs\POSSales\get_last_sync.php] 
 Error Line: [23]
2023-12-19 15:24:25,545 [pavalam] Error number: [2] 
 Error Description: [mysqli_fetch_array() expects parameter 1 to be mysqli_result, bool given] 
 Error File: [D:\xampp\htdocs\POSSales\get_sales.php] 
 Error Line: [42]
2023-12-19 15:24:25,564 [pavalam] Error number: [2] 
 Error Description: [mysqli_fetch_array() expects parameter 1 to be mysqli_result, bool given] 
 Error File: [D:\xampp\htdocs\POSSales\get_last_sync.php] 
 Error Line: [23]
2023-12-19 15:25:25,458 [pavalam] Error number: [8] 
 Error Description: [Trying to get property 'clientid' of non-object] 
 Error File: [D:\xampp\htdocs\POSSales\get_last_sync.php] 
 Error Line: [20]
2023-12-19 15:25:25,461 [pavalam] Error number: [2] 
 Error Description: [mysqli_fetch_array() expects parameter 1 to be mysqli_result, bool given] 
 Error File: [D:\xampp\htdocs\POSSales\get_last_sync.php] 
 Error Line: [23]
2023-12-19 15:25:25,905 [pavalam] Error number: [2] 
 Error Description: [mysqli_fetch_array() expects parameter 1 to be mysqli_result, bool given] 
 Error File: [D:\xampp\htdocs\POSSales\get_sales.php] 
 Error Line: [42]
2023-12-19 15:25:25,917 [pavalam] Error number: [2] 
 Error Description: [mysqli_fetch_array() expects parameter 1 to be mysqli_result, bool given] 
 Error File: [D:\xampp\htdocs\POSSales\get_last_sync.php] 
 Error Line: [23]
2023-12-19 15:26:25,073 [pavalam] Error number: [8] 
 Error Description: [Trying to get property 'clientid' of non-object] 
 Error File: [D:\xampp\htdocs\POSSales\get_last_sync.php] 
 Error Line: [20]
2023-12-19 15:26:25,077 [pavalam] Error number: [2] 
 Error Description: [mysqli_fetch_array() expects parameter 1 to be mysqli_result, bool given] 
 Error File: [D:\xampp\htdocs\POSSales\get_last_sync.php] 
 Error Line: [23]
2023-12-19 15:26:25,526 [pavalam] Error number: [2] 
 Error Description: [mysqli_fetch_array() expects parameter 1 to be mysqli_result, bool given] 
 Error File: [D:\xampp\htdocs\POSSales\get_last_sync.php] 
 Error Line: [23]
2023-12-19 15:26:25,545 [pavalam] Error number: [2] 
 Error Description: [mysqli_fetch_array() expects parameter 1 to be mysqli_result, bool given] 
 Error File: [D:\xampp\htdocs\POSSales\get_sales.php] 
 Error Line: [42]
2023-12-19 15:27:25,063 [pavalam] Error number: [8] 
 Error Description: [Trying to get property 'clientid' of non-object] 
 Error File: [D:\xampp\htdocs\POSSales\get_last_sync.php] 
 Error Line: [20]
2023-12-19 15:27:25,066 [pavalam] Error number: [2] 
 Error Description: [mysqli_fetch_array() expects parameter 1 to be mysqli_result, bool given] 
 Error File: [D:\xampp\htdocs\POSSales\get_last_sync.php] 
 Error Line: [23]
2023-12-19 15:27:25,495 [pavalam] Error number: [2] 
 Error Description: [mysqli_fetch_array() expects parameter 1 to be mysqli_result, bool given] 
 Error File: [D:\xampp\htdocs\POSSales\get_last_sync.php] 
 Error Line: [23]
2023-12-19 15:27:25,495 [pavalam] Error number: [2] 
 Error Description: [mysqli_fetch_array() expects parameter 1 to be mysqli_result, bool given] 
 Error File: [D:\xampp\htdocs\POSSales\get_sales.php] 
 Error Line: [42]
2023-12-19 15:28:25,283 [pavalam] Error number: [8] 
 Error Description: [Trying to get property 'clientid' of non-object] 
 Error File: [D:\xampp\htdocs\POSSales\get_last_sync.php] 
 Error Line: [20]
2023-12-19 15:28:25,288 [pavalam] Error number: [2] 
 Error Description: [mysqli_fetch_array() expects parameter 1 to be mysqli_result, bool given] 
 Error File: [D:\xampp\htdocs\POSSales\get_last_sync.php] 
 Error Line: [23]
2023-12-19 15:28:25,726 [pavalam] Error number: [2] 
 Error Description: [mysqli_fetch_array() expects parameter 1 to be mysqli_result, bool given] 
 Error File: [D:\xampp\htdocs\POSSales\get_sales.php] 
 Error Line: [42]
2023-12-19 15:28:25,759 [pavalam] Error number: [2] 
 Error Description: [mysqli_fetch_array() expects parameter 1 to be mysqli_result, bool given] 
 Error File: [D:\xampp\htdocs\POSSales\get_last_sync.php] 
 Error Line: [23]
2023-12-19 15:29:25,819 [pavalam] Error number: [8] 
 Error Description: [Trying to get property 'clientid' of non-object] 
 Error File: [D:\xampp\htdocs\POSSales\get_last_sync.php] 
 Error Line: [20]
2023-12-19 15:29:25,822 [pavalam] Error number: [2] 
 Error Description: [mysqli_fetch_array() expects parameter 1 to be mysqli_result, bool given] 
 Error File: [D:\xampp\htdocs\POSSales\get_last_sync.php] 
 Error Line: [23]
2023-12-19 15:29:26,292 [pavalam] Error number: [2] 
 Error Description: [mysqli_fetch_array() expects parameter 1 to be mysqli_result, bool given] 
 Error File: [D:\xampp\htdocs\POSSales\get_last_sync.php] 
 Error Line: [23]
2023-12-19 15:29:26,294 [pavalam] Error number: [2] 
 Error Description: [mysqli_fetch_array() expects parameter 1 to be mysqli_result, bool given] 
 Error File: [D:\xampp\htdocs\POSSales\get_sales.php] 
 Error Line: [42]
2023-12-19 15:30:25,070 [pavalam] Error number: [8] 
 Error Description: [Trying to get property 'clientid' of non-object] 
 Error File: [D:\xampp\htdocs\POSSales\get_last_sync.php] 
 Error Line: [20]
2023-12-19 15:30:25,074 [pavalam] Error number: [2] 
 Error Description: [mysqli_fetch_array() expects parameter 1 to be mysqli_result, bool given] 
 Error File: [D:\xampp\htdocs\POSSales\get_last_sync.php] 
 Error Line: [23]
2023-12-19 15:30:25,511 [pavalam] Error number: [2] 
 Error Description: [mysqli_fetch_array() expects parameter 1 to be mysqli_result, bool given] 
 Error File: [D:\xampp\htdocs\POSSales\get_last_sync.php] 
 Error Line: [23]
2023-12-19 15:30:25,745 [pavalam] Error number: [2] 
 Error Description: [mysqli_fetch_array() expects parameter 1 to be mysqli_result, bool given] 
 Error File: [D:\xampp\htdocs\POSSales\get_sales.php] 
 Error Line: [42]
2023-12-19 15:31:25,698 [pavalam] Error number: [8] 
 Error Description: [Trying to get property 'clientid' of non-object] 
 Error File: [D:\xampp\htdocs\POSSales\get_last_sync.php] 
 Error Line: [20]
2023-12-19 15:31:25,702 [pavalam] Error number: [2] 
 Error Description: [mysqli_fetch_array() expects parameter 1 to be mysqli_result, bool given] 
 Error File: [D:\xampp\htdocs\POSSales\get_last_sync.php] 
 Error Line: [23]
2023-12-19 15:31:27,336 [pavalam] Error number: [2] 
 Error Description: [mysqli_fetch_array() expects parameter 1 to be mysqli_result, bool given] 
 Error File: [D:\xampp\htdocs\POSSales\get_last_sync.php] 
 Error Line: [23]
2023-12-19 15:31:27,337 [pavalam] Error number: [2] 
 Error Description: [mysqli_fetch_array() expects parameter 1 to be mysqli_result, bool given] 
 Error File: [D:\xampp\htdocs\POSSales\get_sales.php] 
 Error Line: [42]
2023-12-19 15:32:25,083 [pavalam] Error number: [8] 
 Error Description: [Trying to get property 'clientid' of non-object] 
 Error File: [D:\xampp\htdocs\POSSales\get_last_sync.php] 
 Error Line: [20]
2023-12-19 15:32:25,086 [pavalam] Error number: [2] 
 Error Description: [mysqli_fetch_array() expects parameter 1 to be mysqli_result, bool given] 
 Error File: [D:\xampp\htdocs\POSSales\get_last_sync.php] 
 Error Line: [23]
2023-12-19 15:32:25,515 [pavalam] Error number: [2] 
 Error Description: [mysqli_fetch_array() expects parameter 1 to be mysqli_result, bool given] 
 Error File: [D:\xampp\htdocs\POSSales\get_sales.php] 
 Error Line: [42]
2023-12-19 15:32:25,515 [pavalam] Error number: [2] 
 Error Description: [mysqli_fetch_array() expects parameter 1 to be mysqli_result, bool given] 
 Error File: [D:\xampp\htdocs\POSSales\get_last_sync.php] 
 Error Line: [23]
2023-12-19 15:33:25,493 [pavalam] Error number: [8] 
 Error Description: [Trying to get property 'clientid' of non-object] 
 Error File: [D:\xampp\htdocs\POSSales\get_last_sync.php] 
 Error Line: [20]
2023-12-19 15:33:25,736 [pavalam] Error number: [2] 
 Error Description: [mysqli_fetch_array() expects parameter 1 to be mysqli_result, bool given] 
 Error File: [D:\xampp\htdocs\POSSales\get_last_sync.php] 
 Error Line: [23]
2023-12-19 15:33:26,085 [pavalam] Error number: [2] 
 Error Description: [mysqli_fetch_array() expects parameter 1 to be mysqli_result, bool given] 
 Error File: [D:\xampp\htdocs\POSSales\get_sales.php] 
 Error Line: [42]
2023-12-19 15:33:26,193 [pavalam] Error number: [2] 
 Error Description: [mysqli_fetch_array() expects parameter 1 to be mysqli_result, bool given] 
 Error File: [D:\xampp\htdocs\POSSales\get_last_sync.php] 
 Error Line: [23]
2023-12-19 15:34:25,131 [pavalam] Error number: [8] 
 Error Description: [Trying to get property 'clientid' of non-object] 
 Error File: [D:\xampp\htdocs\POSSales\get_last_sync.php] 
 Error Line: [20]
2023-12-19 15:34:25,135 [pavalam] Error number: [2] 
 Error Description: [mysqli_fetch_array() expects parameter 1 to be mysqli_result, bool given] 
 Error File: [D:\xampp\htdocs\POSSales\get_last_sync.php] 
 Error Line: [23]
2023-12-19 15:34:25,820 [pavalam] Error number: [2] 
 Error Description: [mysqli_fetch_array() expects parameter 1 to be mysqli_result, bool given] 
 Error File: [D:\xampp\htdocs\POSSales\get_sales.php] 
 Error Line: [42]
2023-12-19 15:34:25,829 [pavalam] Error number: [2] 
 Error Description: [mysqli_fetch_array() expects parameter 1 to be mysqli_result, bool given] 
 Error File: [D:\xampp\htdocs\POSSales\get_last_sync.php] 
 Error Line: [23]
2023-12-19 15:35:25,704 [pavalam] Error number: [8] 
 Error Description: [Trying to get property 'clientid' of non-object] 
 Error File: [D:\xampp\htdocs\POSSales\get_last_sync.php] 
 Error Line: [20]
2023-12-19 15:35:25,708 [pavalam] Error number: [2] 
 Error Description: [mysqli_fetch_array() expects parameter 1 to be mysqli_result, bool given] 
 Error File: [D:\xampp\htdocs\POSSales\get_last_sync.php] 
 Error Line: [23]
2023-12-19 15:35:26,195 [pavalam] Error number: [2] 
 Error Description: [mysqli_fetch_array() expects parameter 1 to be mysqli_result, bool given] 
 Error File: [D:\xampp\htdocs\POSSales\get_last_sync.php] 
 Error Line: [23]
2023-12-19 15:35:26,195 [pavalam] Error number: [2] 
 Error Description: [mysqli_fetch_array() expects parameter 1 to be mysqli_result, bool given] 
 Error File: [D:\xampp\htdocs\POSSales\get_sales.php] 
 Error Line: [42]
2023-12-19 15:36:25,465 [pavalam] Error number: [8] 
 Error Description: [Trying to get property 'clientid' of non-object] 
 Error File: [D:\xampp\htdocs\POSSales\get_last_sync.php] 
 Error Line: [20]
2023-12-19 15:36:25,469 [pavalam] Error number: [2] 
 Error Description: [mysqli_fetch_array() expects parameter 1 to be mysqli_result, bool given] 
 Error File: [D:\xampp\htdocs\POSSales\get_last_sync.php] 
 Error Line: [23]
2023-12-19 15:36:25,937 [pavalam] Error number: [2] 
 Error Description: [mysqli_fetch_array() expects parameter 1 to be mysqli_result, bool given] 
 Error File: [D:\xampp\htdocs\POSSales\get_sales.php] 
 Error Line: [42]
2023-12-19 15:36:25,938 [pavalam] Error number: [2] 
 Error Description: [mysqli_fetch_array() expects parameter 1 to be mysqli_result, bool given] 
 Error File: [D:\xampp\htdocs\POSSales\get_last_sync.php] 
 Error Line: [23]
2023-12-19 15:37:25,654 [pavalam] Error number: [8] 
 Error Description: [Trying to get property 'clientid' of non-object] 
 Error File: [D:\xampp\htdocs\POSSales\get_last_sync.php] 
 Error Line: [20]
2023-12-19 15:37:25,657 [pavalam] Error number: [2] 
 Error Description: [mysqli_fetch_array() expects parameter 1 to be mysqli_result, bool given] 
 Error File: [D:\xampp\htdocs\POSSales\get_last_sync.php] 
 Error Line: [23]
2023-12-19 15:37:26,291 [pavalam] Error number: [2] 
 Error Description: [mysqli_fetch_array() expects parameter 1 to be mysqli_result, bool given] 
 Error File: [D:\xampp\htdocs\POSSales\get_last_sync.php] 
 Error Line: [23]
2023-12-19 15:37:26,299 [pavalam] Error number: [2] 
 Error Description: [mysqli_fetch_array() expects parameter 1 to be mysqli_result, bool given] 
 Error File: [D:\xampp\htdocs\POSSales\get_sales.php] 
 Error Line: [42]
2023-12-19 15:38:25,160 [pavalam] Error number: [8] 
 Error Description: [Trying to get property 'clientid' of non-object] 
 Error File: [D:\xampp\htdocs\POSSales\get_last_sync.php] 
 Error Line: [20]
2023-12-19 15:38:25,334 [pavalam] Error number: [2] 
 Error Description: [mysqli_fetch_array() expects parameter 1 to be mysqli_result, bool given] 
 Error File: [D:\xampp\htdocs\POSSales\get_last_sync.php] 
 Error Line: [23]
2023-12-19 15:38:25,666 [pavalam] Error number: [2] 
 Error Description: [mysqli_fetch_array() expects parameter 1 to be mysqli_result, bool given] 
 Error File: [D:\xampp\htdocs\POSSales\get_sales.php] 
 Error Line: [42]
2023-12-19 15:38:25,797 [pavalam] Error number: [2] 
 Error Description: [mysqli_fetch_array() expects parameter 1 to be mysqli_result, bool given] 
 Error File: [D:\xampp\htdocs\POSSales\get_last_sync.php] 
 Error Line: [23]
2023-12-19 15:39:25,062 [pavalam] Error number: [8] 
 Error Description: [Trying to get property 'clientid' of non-object] 
 Error File: [D:\xampp\htdocs\POSSales\get_last_sync.php] 
 Error Line: [20]
2023-12-19 15:39:25,065 [pavalam] Error number: [2] 
 Error Description: [mysqli_fetch_array() expects parameter 1 to be mysqli_result, bool given] 
 Error File: [D:\xampp\htdocs\POSSales\get_last_sync.php] 
 Error Line: [23]
2023-12-19 15:39:25,512 [pavalam] Error number: [2] 
 Error Description: [mysqli_fetch_array() expects parameter 1 to be mysqli_result, bool given] 
 Error File: [D:\xampp\htdocs\POSSales\get_sales.php] 
 Error Line: [42]
2023-12-19 15:39:25,525 [pavalam] Error number: [2] 
 Error Description: [mysqli_fetch_array() expects parameter 1 to be mysqli_result, bool given] 
 Error File: [D:\xampp\htdocs\POSSales\get_last_sync.php] 
 Error Line: [23]
2023-12-19 15:40:25,125 [pavalam] Error number: [8] 
 Error Description: [Trying to get property 'clientid' of non-object] 
 Error File: [D:\xampp\htdocs\POSSales\get_last_sync.php] 
 Error Line: [20]
2023-12-19 15:40:25,129 [pavalam] Error number: [2] 
 Error Description: [mysqli_fetch_array() expects parameter 1 to be mysqli_result, bool given] 
 Error File: [D:\xampp\htdocs\POSSales\get_last_sync.php] 
 Error Line: [23]
2023-12-19 15:40:25,575 [pavalam] Error number: [2] 
 Error Description: [mysqli_fetch_array() expects parameter 1 to be mysqli_result, bool given] 
 Error File: [D:\xampp\htdocs\POSSales\get_last_sync.php] 
 Error Line: [23]
2023-12-19 15:40:26,072 [pavalam] Error number: [2] 
 Error Description: [mysqli_fetch_array() expects parameter 1 to be mysqli_result, bool given] 
 Error File: [D:\xampp\htdocs\POSSales\get_sales.php] 
 Error Line: [42]
2023-12-19 15:41:25,077 [pavalam] Error number: [8] 
 Error Description: [Trying to get property 'clientid' of non-object] 
 Error File: [D:\xampp\htdocs\POSSales\get_last_sync.php] 
 Error Line: [20]
2023-12-19 15:41:25,080 [pavalam] Error number: [2] 
 Error Description: [mysqli_fetch_array() expects parameter 1 to be mysqli_result, bool given] 
 Error File: [D:\xampp\htdocs\POSSales\get_last_sync.php] 
 Error Line: [23]
2023-12-19 15:41:25,573 [pavalam] Error number: [2] 
 Error Description: [mysqli_fetch_array() expects parameter 1 to be mysqli_result, bool given] 
 Error File: [D:\xampp\htdocs\POSSales\get_sales.php] 
 Error Line: [42]
2023-12-19 15:41:25,582 [pavalam] Error number: [2] 
 Error Description: [mysqli_fetch_array() expects parameter 1 to be mysqli_result, bool given] 
 Error File: [D:\xampp\htdocs\POSSales\get_last_sync.php] 
 Error Line: [23]
2023-12-19 15:42:25,657 [pavalam] Error number: [8] 
 Error Description: [Trying to get property 'clientid' of non-object] 
 Error File: [D:\xampp\htdocs\POSSales\get_last_sync.php] 
 Error Line: [20]
2023-12-19 15:42:25,660 [pavalam] Error number: [2] 
 Error Description: [mysqli_fetch_array() expects parameter 1 to be mysqli_result, bool given] 
 Error File: [D:\xampp\htdocs\POSSales\get_last_sync.php] 
 Error Line: [23]
2023-12-19 15:42:26,513 [pavalam] Error number: [2] 
 Error Description: [mysqli_fetch_array() expects parameter 1 to be mysqli_result, bool given] 
 Error File: [D:\xampp\htdocs\POSSales\get_sales.php] 
 Error Line: [42]
2023-12-19 15:42:26,518 [pavalam] Error number: [2] 
 Error Description: [mysqli_fetch_array() expects parameter 1 to be mysqli_result, bool given] 
 Error File: [D:\xampp\htdocs\POSSales\get_last_sync.php] 
 Error Line: [23]
