2023-12-06 12:22:36,586 [pavalam] Error number: [8] 
 Error Description: [Undefined index: sales] 
 Error File: [D:\xampp\htdocs\POSSales\insert_date_sales.php] 
 Error Line: [15]
2023-12-06 12:28:32,848 [pavalam] Error number: [8] 
 Error Description: [Undefined index: sales] 
 Error File: [D:\xampp\htdocs\POSSales\insert_date_sales.php] 
 Error Line: [15]
2023-12-06 12:29:09,429 [pavalam] Error number: [8] 
 Error Description: [Undefined index: sales] 
 Error File: [D:\xampp\htdocs\POSSales\insert_date_sales.php] 
 Error Line: [15]
2023-12-06 12:29:35,369 [pavalam] Error number: [8] 
 Error Description: [Undefined index: sales] 
 Error File: [D:\xampp\htdocs\POSSales\insert_date_sales.php] 
 Error Line: [15]
2023-12-06 12:29:41,619 [pavalam] Error number: [8] 
 Error Description: [Undefined index: sales] 
 Error File: [D:\xampp\htdocs\POSSales\insert_date_sales.php] 
 Error Line: [15]
2023-12-06 12:29:48,784 [pavalam] Error number: [8] 
 Error Description: [Undefined index: sales] 
 Error File: [D:\xampp\htdocs\POSSales\insert_date_sales.php] 
 Error Line: [15]
2023-12-06 12:30:53,356 [pavalam] Error number: [8] 
 Error Description: [Undefined index: sales] 
 Error File: [D:\xampp\htdocs\POSSales\insert_date_sales.php] 
 Error Line: [15]
2023-12-06 12:32:56,384 [pavalam] Error number: [8] 
 Error Description: [Undefined index: sales] 
 Error File: [D:\xampp\htdocs\POSSales\insert_date_sales.php] 
 Error Line: [15]
2023-12-06 12:33:35,853 [pavalam] Error number: [8] 
 Error Description: [Undefined index: sales] 
 Error File: [D:\xampp\htdocs\POSSales\insert_date_sales.php] 
 Error Line: [15]
2023-12-06 12:36:36,958 [pavalam] Error number: [8] 
 Error Description: [Array to string conversion] 
 Error File: [D:\xampp\htdocs\POSSales\insert_date_sales.php] 
 Error Line: [16]
2023-12-06 12:36:55,964 [pavalam] Error number: [8] 
 Error Description: [Array to string conversion] 
 Error File: [D:\xampp\htdocs\POSSales\insert_date_sales.php] 
 Error Line: [16]
2023-12-06 12:37:17,943 [pavalam] Error number: [8] 
 Error Description: [Array to string conversion] 
 Error File: [D:\xampp\htdocs\POSSales\insert_date_sales.php] 
 Error Line: [16]
2023-12-06 12:40:35,771 [pavalam] Error number: [8] 
 Error Description: [Array to string conversion] 
 Error File: [D:\xampp\htdocs\POSSales\insert_date_sales.php] 
 Error Line: [16]
2023-12-06 12:42:01,493 [pavalam] Error number: [2] 
 Error Description: [Illegal string offset 'sales'] 
 Error File: [D:\xampp\htdocs\POSSales\insert_date_sales.php] 
 Error Line: [16]
2023-12-06 12:42:33,970 [pavalam] Error number: [2] 
 Error Description: [Illegal string offset 'sales'] 
 Error File: [D:\xampp\htdocs\POSSales\insert_date_sales.php] 
 Error Line: [18]
2023-12-06 12:42:46,104 [pavalam] Error number: [8] 
 Error Description: [Trying to get property 'sales' of non-object] 
 Error File: [D:\xampp\htdocs\POSSales\insert_date_sales.php] 
 Error Line: [18]
2023-12-06 12:43:18,935 [pavalam] Error number: [2] 
 Error Description: [Illegal string offset 'sales'] 
 Error File: [D:\xampp\htdocs\POSSales\insert_date_sales.php] 
 Error Line: [18]
2023-12-06 12:44:16,369 [pavalam] Error number: [2] 
 Error Description: [Illegal string offset 'sales'] 
 Error File: [D:\xampp\htdocs\POSSales\insert_date_sales.php] 
 Error Line: [18]
2023-12-06 12:45:23,429 [pavalam] Error number: [8] 
 Error Description: [Array to string conversion] 
 Error File: [D:\xampp\htdocs\POSSales\insert_date_sales.php] 
 Error Line: [18]
2023-12-06 12:46:32,597 [pavalam] Error number: [2] 
 Error Description: [Illegal string offset 'sales'] 
 Error File: [D:\xampp\htdocs\POSSales\insert_date_sales.php] 
 Error Line: [18]
2023-12-06 12:46:55,282 [pavalam] Error number: [2] 
 Error Description: [Illegal string offset 'sales'] 
 Error File: [D:\xampp\htdocs\POSSales\insert_date_sales.php] 
 Error Line: [18]
2023-12-06 12:47:27,526 [pavalam] Error number: [2] 
 Error Description: [Illegal string offset 'sales'] 
 Error File: [D:\xampp\htdocs\POSSales\insert_date_sales.php] 
 Error Line: [18]
2023-12-06 12:49:18,860 [pavalam] Error number: [8] 
 Error Description: [Array to string conversion] 
 Error File: [D:\xampp\htdocs\POSSales\insert_date_sales.php] 
 Error Line: [19]
2023-12-06 12:49:29,534 [pavalam] Error number: [8] 
 Error Description: [Array to string conversion] 
 Error File: [D:\xampp\htdocs\POSSales\insert_date_sales.php] 
 Error Line: [19]
2023-12-06 12:50:33,610 [pavalam] Error number: [2] 
 Error Description: [Illegal string offset 'sales'] 
 Error File: [D:\xampp\htdocs\POSSales\insert_date_sales.php] 
 Error Line: [19]
2023-12-06 12:54:09,376 [pavalam] Error number: [2] 
 Error Description: [json_decode() expects parameter 1 to be string, object given] 
 Error File: [D:\xampp\htdocs\POSSales\insert_date_sales.php] 
 Error Line: [16]
2023-12-06 12:54:21,619 [pavalam] Error number: [2] 
 Error Description: [json_decode() expects parameter 1 to be string, array given] 
 Error File: [D:\xampp\htdocs\POSSales\insert_date_sales.php] 
 Error Line: [16]
2023-12-06 12:55:12,662 [pavalam] Error number: [2] 
 Error Description: [Illegal string offset 'sales'] 
 Error File: [D:\xampp\htdocs\POSSales\insert_date_sales.php] 
 Error Line: [19]
2023-12-06 12:57:08,648 [pavalam] Error number: [8] 
 Error Description: [Array to string conversion] 
 Error File: [D:\xampp\htdocs\POSSales\insert_date_sales.php] 
 Error Line: [19]
2023-12-06 12:57:43,435 [pavalam] Error number: [8] 
 Error Description: [Array to string conversion] 
 Error File: [D:\xampp\htdocs\POSSales\insert_date_sales.php] 
 Error Line: [19]
2023-12-06 13:02:02,759 [pavalam] Error number: [2] 
 Error Description: [Invalid argument supplied for foreach()] 
 Error File: [D:\xampp\htdocs\POSSales\insert_date_sales.php] 
 Error Line: [18]
2023-12-06 13:02:17,774 [pavalam] Error number: [2] 
 Error Description: [Invalid argument supplied for foreach()] 
 Error File: [D:\xampp\htdocs\POSSales\insert_date_sales.php] 
 Error Line: [18]
2023-12-06 13:02:38,487 [pavalam] Error number: [2] 
 Error Description: [Invalid argument supplied for foreach()] 
 Error File: [D:\xampp\htdocs\POSSales\insert_date_sales.php] 
 Error Line: [18]
2023-12-06 13:02:53,302 [pavalam] Error number: [2] 
 Error Description: [Invalid argument supplied for foreach()] 
 Error File: [D:\xampp\htdocs\POSSales\insert_date_sales.php] 
 Error Line: [19]
2023-12-06 13:14:15,547 [pavalam] Error number: [2] 
 Error Description: [Invalid argument supplied for foreach()] 
 Error File: [D:\xampp\htdocs\POSSales\insert_date_sales.php] 
 Error Line: [21]
2023-12-06 13:15:46,468 [pavalam] Error number: [8] 
 Error Description: [Undefined property: stdClass::$id] 
 Error File: [D:\xampp\htdocs\POSSales\insert_date_sales.php] 
 Error Line: [25]
2023-12-06 13:15:46,469 [pavalam] Error number: [8] 
 Error Description: [Undefined property: stdClass::$id] 
 Error File: [D:\xampp\htdocs\POSSales\insert_date_sales.php] 
 Error Line: [26]
