2024-01-02 05:50:12,975 [pavalam] Error number: [8] 
 Error Description: [Undefined index: status] 
 Error File: [E:\xampp\htdocs\POSSales\sales_login.php] 
 Error Line: [75]
2024-01-02 05:50:12,983 [pavalam] Error number: [8] 
 Error Description: [Undefined index: status] 
 Error File: [E:\xampp\htdocs\POSSales\sales_login.php] 
 Error Line: [85]
2024-01-02 13:51:57,319 [pavalam] Error number: [2] 
 Error Description: [mysqli_fetch_array() expects parameter 1 to be mysqli_result, boolean given] 
 Error File: [E:\xampp\htdocs\POSSales\get_sales.php] 
 Error Line: [42]
2024-01-02 13:52:28,766 [pavalam] Error number: [2] 
 Error Description: [mysqli_fetch_array() expects parameter 1 to be mysqli_result, boolean given] 
 Error File: [E:\xampp\htdocs\POSSales\get_sales.php] 
 Error Line: [42]
2024-01-02 13:52:28,920 [pavalam] Error number: [2] 
 Error Description: [mysqli_fetch_array() expects parameter 1 to be mysqli_result, boolean given] 
 Error File: [E:\xampp\htdocs\POSSales\get_sales.php] 
 Error Line: [42]
2024-01-02 13:53:28,985 [pavalam] Error number: [2] 
 Error Description: [mysqli_fetch_array() expects parameter 1 to be mysqli_result, boolean given] 
 Error File: [E:\xampp\htdocs\POSSales\get_sales.php] 
 Error Line: [42]
2024-01-02 13:54:28,867 [pavalam] Error number: [2] 
 Error Description: [mysqli_fetch_array() expects parameter 1 to be mysqli_result, boolean given] 
 Error File: [E:\xampp\htdocs\POSSales\get_sales.php] 
 Error Line: [42]
2024-01-02 13:54:39,869 [pavalam] Error number: [2] 
 Error Description: [mysqli_fetch_array() expects parameter 1 to be mysqli_result, boolean given] 
 Error File: [E:\xampp\htdocs\POSSales\get_sales.php] 
 Error Line: [42]
2024-01-02 13:54:58,833 [pavalam] Error number: [2] 
 Error Description: [mysqli_fetch_array() expects parameter 1 to be mysqli_result, boolean given] 
 Error File: [E:\xampp\htdocs\POSSales\get_sales.php] 
 Error Line: [42]
2024-01-02 13:55:10,747 [pavalam] Error number: [2] 
 Error Description: [mysqli_fetch_array() expects parameter 1 to be mysqli_result, boolean given] 
 Error File: [E:\xampp\htdocs\POSSales\get_sales.php] 
 Error Line: [42]
2024-01-02 13:55:18,218 [pavalam] Error number: [2] 
 Error Description: [mysqli_fetch_array() expects parameter 1 to be mysqli_result, boolean given] 
 Error File: [E:\xampp\htdocs\POSSales\get_sales.php] 
 Error Line: [42]
2024-01-02 13:55:18,453 [pavalam] Error number: [2] 
 Error Description: [mysqli_fetch_array() expects parameter 1 to be mysqli_result, boolean given] 
 Error File: [E:\xampp\htdocs\POSSales\get_sales.php] 
 Error Line: [42]
2024-01-02 13:55:22,764 [pavalam] Error number: [2] 
 Error Description: [mysqli_fetch_array() expects parameter 1 to be mysqli_result, boolean given] 
 Error File: [E:\xampp\htdocs\POSSales\get_sales.php] 
 Error Line: [42]
2024-01-02 13:55:22,952 [pavalam] Error number: [2] 
 Error Description: [mysqli_fetch_array() expects parameter 1 to be mysqli_result, boolean given] 
 Error File: [E:\xampp\htdocs\POSSales\get_sales.php] 
 Error Line: [42]
2024-01-02 13:55:23,225 [pavalam] Error number: [2] 
 Error Description: [mysqli_fetch_array() expects parameter 1 to be mysqli_result, boolean given] 
 Error File: [E:\xampp\htdocs\POSSales\get_sales.php] 
 Error Line: [42]
2024-01-02 13:55:23,413 [pavalam] Error number: [2] 
 Error Description: [mysqli_fetch_array() expects parameter 1 to be mysqli_result, boolean given] 
 Error File: [E:\xampp\htdocs\POSSales\get_sales.php] 
 Error Line: [42]
2024-01-02 13:56:23,577 [pavalam] Error number: [2] 
 Error Description: [mysqli_fetch_array() expects parameter 1 to be mysqli_result, boolean given] 
 Error File: [E:\xampp\htdocs\POSSales\get_sales.php] 
 Error Line: [42]
