2023-11-18 08:00:16,308 [pavalam] Error number: [8] 
 Error Description: [Undefined index: paraimeinumber] 
 Error File: [E:\xampp\htdocs\fosapi\check_authorized.php] 
 Error Line: [22]
2023-11-18 08:08:20,504 [pavalam] Error number: [8] 
 Error Description: [Undefined index: paraimeinumber] 
 Error File: [E:\xampp\htdocs\fosapi\check_authorized.php] 
 Error Line: [22]
2023-11-18 08:11:06,230 [pavalam] Error number: [8] 
 Error Description: [Undefined index: paraimeinumber] 
 Error File: [E:\xampp\htdocs\fosapi\check_authorized.php] 
 Error Line: [22]
2023-11-18 08:11:38,195 [pavalam] Error number: [8] 
 Error Description: [Undefined index: paraimeinumber] 
 Error File: [E:\xampp\htdocs\fosapi\check_authorized.php] 
 Error Line: [22]
2023-11-18 08:11:43,869 [pavalam] Error number: [8] 
 Error Description: [Undefined index: paraimeinumber] 
 Error File: [E:\xampp\htdocs\fosapi\check_authorized.php] 
 Error Line: [22]
2023-11-18 08:17:12,300 [pavalam] Error number: [8] 
 Error Description: [Undefined index: paraimeinumber] 
 Error File: [E:\xampp\htdocs\fosapi\check_authorized.php] 
 Error Line: [22]
2023-11-18 10:44:56,500 [pavalam] Error number: [8] 
 Error Description: [Undefined index: parapasscode] 
 Error File: [E:\xampp\htdocs\fosapi\login.php] 
 Error Line: [22]
2023-11-18 10:44:56,501 [pavalam] Error number: [8] 
 Error Description: [Undefined index: paraimeinumber] 
 Error File: [E:\xampp\htdocs\fosapi\login.php] 
 Error Line: [23]
2023-11-18 10:44:56,501 [pavalam] Error number: [8] 
 Error Description: [Undefined index: paraactivity] 
 Error File: [E:\xampp\htdocs\fosapi\login.php] 
 Error Line: [24]
2023-11-18 10:44:56,501 [pavalam] Error number: [8] 
 Error Description: [Undefined index: paraactions] 
 Error File: [E:\xampp\htdocs\fosapi\login.php] 
 Error Line: [25]
