2023-12-28 05:21:12,234 [pavalam] Error number: [8] 
 Error Description: [Undefined variable: lastInsertId] 
 Error File: [D:\xampp\htdocs\POSSales\insert_customer.php] 
 Error Line: [55]
2023-12-28 05:24:36,965 [pavalam] Error number: [8] 
 Error Description: [Undefined property: stdClass::$customer_id] 
 Error File: [D:\xampp\htdocs\POSSales\insert_customer.php] 
 Error Line: [25]
2023-12-28 11:21:41,526 [pavalam] Error number: [8] 
 Error Description: [Trying to get property of non-object] 
 Error File: [E:\xampp\htdocs\POSSales\insert_customer.php] 
 Error Line: [25]
2023-12-28 11:21:41,527 [pavalam] Error number: [8] 
 Error Description: [Trying to get property of non-object] 
 Error File: [E:\xampp\htdocs\POSSales\insert_customer.php] 
 Error Line: [27]
2023-12-28 11:21:41,527 [pavalam] Error number: [8] 
 Error Description: [Trying to get property of non-object] 
 Error File: [E:\xampp\htdocs\POSSales\insert_customer.php] 
 Error Line: [62]
2023-12-28 11:21:41,527 [pavalam] Error number: [8] 
 Error Description: [Trying to get property of non-object] 
 Error File: [E:\xampp\htdocs\POSSales\insert_customer.php] 
 Error Line: [62]
2023-12-28 11:21:41,527 [pavalam] Error number: [8] 
 Error Description: [Trying to get property of non-object] 
 Error File: [E:\xampp\htdocs\POSSales\insert_customer.php] 
 Error Line: [62]
2023-12-28 13:31:09,732 [pavalam] Error number: [8] 
 Error Description: [Undefined property: stdClass::$email_id] 
 Error File: [E:\xampp\htdocs\POSSales\insert_subscription_plan.php] 
 Error Line: [26]
2023-12-28 13:31:09,733 [pavalam] Error number: [8] 
 Error Description: [Undefined property: stdClass::$email_id] 
 Error File: [E:\xampp\htdocs\POSSales\insert_subscription_plan.php] 
 Error Line: [35]
