2023-12-11 13:04:03,052 [pavalam] Error number: [8] 
 Error Description: [Undefined index: fromdate] 
 Error File: [D:\xampp\htdocs\POSSales\get_sales.php] 
 Error Line: [17]
2023-12-11 13:04:03,059 [pavalam] Error number: [8] 
 Error Description: [Undefined index: todate] 
 Error File: [D:\xampp\htdocs\POSSales\get_sales.php] 
 Error Line: [18]
2023-12-11 13:04:03,704 [pavalam] Error number: [8] 
 Error Description: [Undefined index: fromdate] 
 Error File: [D:\xampp\htdocs\POSSales\get_sales.php] 
 Error Line: [17]
2023-12-11 13:04:03,705 [pavalam] Error number: [8] 
 Error Description: [Undefined index: todate] 
 Error File: [D:\xampp\htdocs\POSSales\get_sales.php] 
 Error Line: [18]
2023-12-11 13:05:19,235 [pavalam] Error number: [8] 
 Error Description: [Undefined index: fromdate] 
 Error File: [D:\xampp\htdocs\POSSales\get_sales.php] 
 Error Line: [17]
2023-12-11 13:05:19,236 [pavalam] Error number: [8] 
 Error Description: [Undefined index: todate] 
 Error File: [D:\xampp\htdocs\POSSales\get_sales.php] 
 Error Line: [18]
2023-12-11 13:05:19,852 [pavalam] Error number: [8] 
 Error Description: [Undefined index: fromdate] 
 Error File: [D:\xampp\htdocs\POSSales\get_sales.php] 
 Error Line: [17]
2023-12-11 13:05:19,852 [pavalam] Error number: [8] 
 Error Description: [Undefined index: todate] 
 Error File: [D:\xampp\htdocs\POSSales\get_sales.php] 
 Error Line: [18]
2023-12-11 13:05:25,302 [pavalam] Error number: [8] 
 Error Description: [Undefined index: fromdate] 
 Error File: [D:\xampp\htdocs\POSSales\get_sales.php] 
 Error Line: [17]
2023-12-11 13:05:25,302 [pavalam] Error number: [8] 
 Error Description: [Undefined index: todate] 
 Error File: [D:\xampp\htdocs\POSSales\get_sales.php] 
 Error Line: [18]
2023-12-11 13:07:14,270 [pavalam] Error number: [8] 
 Error Description: [Undefined index: fromdate] 
 Error File: [D:\xampp\htdocs\POSSales\get_sales.php] 
 Error Line: [17]
2023-12-11 13:07:14,271 [pavalam] Error number: [8] 
 Error Description: [Undefined index: todate] 
 Error File: [D:\xampp\htdocs\POSSales\get_sales.php] 
 Error Line: [18]
2023-12-11 13:08:42,607 [pavalam] Error number: [8] 
 Error Description: [Undefined index: fromdate] 
 Error File: [D:\xampp\htdocs\POSSales\get_sales.php] 
 Error Line: [17]
2023-12-11 13:08:42,608 [pavalam] Error number: [8] 
 Error Description: [Undefined index: todate] 
 Error File: [D:\xampp\htdocs\POSSales\get_sales.php] 
 Error Line: [18]
2023-12-11 13:09:17,517 [pavalam] Error number: [8] 
 Error Description: [Undefined index: fromdate] 
 Error File: [D:\xampp\htdocs\POSSales\get_sales.php] 
 Error Line: [17]
2023-12-11 13:09:17,518 [pavalam] Error number: [8] 
 Error Description: [Undefined index: todate] 
 Error File: [D:\xampp\htdocs\POSSales\get_sales.php] 
 Error Line: [18]
2023-12-11 13:09:27,814 [pavalam] Error number: [8] 
 Error Description: [Undefined index: fromdate] 
 Error File: [D:\xampp\htdocs\POSSales\get_sales.php] 
 Error Line: [17]
2023-12-11 13:09:27,815 [pavalam] Error number: [8] 
 Error Description: [Undefined index: todate] 
 Error File: [D:\xampp\htdocs\POSSales\get_sales.php] 
 Error Line: [18]
2023-12-11 13:10:03,883 [pavalam] Error number: [8] 
 Error Description: [Undefined index: fromdate] 
 Error File: [D:\xampp\htdocs\POSSales\get_sales.php] 
 Error Line: [17]
2023-12-11 13:10:03,884 [pavalam] Error number: [8] 
 Error Description: [Undefined index: todate] 
 Error File: [D:\xampp\htdocs\POSSales\get_sales.php] 
 Error Line: [18]
2023-12-11 13:10:09,621 [pavalam] Error number: [8] 
 Error Description: [Undefined index: fromdate] 
 Error File: [D:\xampp\htdocs\POSSales\get_sales.php] 
 Error Line: [17]
2023-12-11 13:10:09,622 [pavalam] Error number: [8] 
 Error Description: [Undefined index: todate] 
 Error File: [D:\xampp\htdocs\POSSales\get_sales.php] 
 Error Line: [18]
2023-12-11 13:17:13,237 [pavalam] Error number: [8] 
 Error Description: [Undefined index: fromdate] 
 Error File: [D:\xampp\htdocs\POSSales\get_sales.php] 
 Error Line: [17]
2023-12-11 13:17:13,239 [pavalam] Error number: [8] 
 Error Description: [Undefined index: todate] 
 Error File: [D:\xampp\htdocs\POSSales\get_sales.php] 
 Error Line: [18]
2023-12-11 13:17:46,744 [pavalam] Error number: [8] 
 Error Description: [Undefined index: todate] 
 Error File: [D:\xampp\htdocs\POSSales\get_sales.php] 
 Error Line: [18]
2023-12-11 13:18:09,555 [pavalam] Error number: [8] 
 Error Description: [Undefined index: todate] 
 Error File: [D:\xampp\htdocs\POSSales\get_sales.php] 
 Error Line: [18]
2023-12-11 13:18:11,665 [pavalam] Error number: [8] 
 Error Description: [Undefined index: todate] 
 Error File: [D:\xampp\htdocs\POSSales\get_sales.php] 
 Error Line: [18]
2023-12-11 13:47:53,202 [pavalam] Error number: [8] 
 Error Description: [Trying to get property 'fromdate' of non-object] 
 Error File: [D:\xampp\htdocs\POSSales\get_sales.php] 
 Error Line: [34]
2023-12-11 13:48:04,659 [pavalam] Error number: [8] 
 Error Description: [Trying to get property 'fromdate' of non-object] 
 Error File: [D:\xampp\htdocs\POSSales\get_sales.php] 
 Error Line: [35]
2023-12-11 13:49:01,789 [pavalam] Error number: [8] 
 Error Description: [Undefined variable: fromdate] 
 Error File: [D:\xampp\htdocs\POSSales\get_sales.php] 
 Error Line: [39]
2023-12-11 13:49:01,789 [pavalam] Error number: [8] 
 Error Description: [Undefined variable: todate] 
 Error File: [D:\xampp\htdocs\POSSales\get_sales.php] 
 Error Line: [39]
2023-12-11 13:49:01,791 [pavalam] Error number: [8] 
 Error Description: [Undefined variable: fromdate] 
 Error File: [D:\xampp\htdocs\POSSales\get_sales.php] 
 Error Line: [46]
2023-12-11 13:49:01,791 [pavalam] Error number: [8] 
 Error Description: [Undefined variable: todate] 
 Error File: [D:\xampp\htdocs\POSSales\get_sales.php] 
 Error Line: [46]
2023-12-11 13:49:17,866 [pavalam] Error number: [8] 
 Error Description: [Undefined variable: fromdate] 
 Error File: [D:\xampp\htdocs\POSSales\get_sales.php] 
 Error Line: [39]
2023-12-11 13:49:17,867 [pavalam] Error number: [8] 
 Error Description: [Undefined variable: todate] 
 Error File: [D:\xampp\htdocs\POSSales\get_sales.php] 
 Error Line: [39]
2023-12-11 13:49:17,870 [pavalam] Error number: [8] 
 Error Description: [Undefined variable: fromdate] 
 Error File: [D:\xampp\htdocs\POSSales\get_sales.php] 
 Error Line: [46]
2023-12-11 13:49:17,870 [pavalam] Error number: [8] 
 Error Description: [Undefined variable: todate] 
 Error File: [D:\xampp\htdocs\POSSales\get_sales.php] 
 Error Line: [46]
2023-12-11 14:01:16,571 [pavalam] Error number: [8] 
 Error Description: [Undefined index: amount] 
 Error File: [D:\xampp\htdocs\POSSales\get_sales.php] 
 Error Line: [61]
2023-12-11 14:01:16,575 [pavalam] Error number: [8] 
 Error Description: [Undefined index: amount] 
 Error File: [D:\xampp\htdocs\POSSales\get_sales.php] 
 Error Line: [61]
2023-12-11 14:01:16,575 [pavalam] Error number: [8] 
 Error Description: [Undefined index: amount] 
 Error File: [D:\xampp\htdocs\POSSales\get_sales.php] 
 Error Line: [61]
2023-12-11 14:01:16,575 [pavalam] Error number: [8] 
 Error Description: [Undefined index: amount] 
 Error File: [D:\xampp\htdocs\POSSales\get_sales.php] 
 Error Line: [61]
2023-12-11 14:01:16,575 [pavalam] Error number: [8] 
 Error Description: [Undefined index: amount] 
 Error File: [D:\xampp\htdocs\POSSales\get_sales.php] 
 Error Line: [61]
2023-12-11 14:01:16,575 [pavalam] Error number: [8] 
 Error Description: [Undefined index: amount] 
 Error File: [D:\xampp\htdocs\POSSales\get_sales.php] 
 Error Line: [61]
2023-12-11 14:01:16,576 [pavalam] Error number: [8] 
 Error Description: [Undefined index: amount] 
 Error File: [D:\xampp\htdocs\POSSales\get_sales.php] 
 Error Line: [61]
2023-12-11 14:01:16,576 [pavalam] Error number: [8] 
 Error Description: [Undefined index: amount] 
 Error File: [D:\xampp\htdocs\POSSales\get_sales.php] 
 Error Line: [61]
2023-12-11 14:01:16,576 [pavalam] Error number: [8] 
 Error Description: [Undefined index: amount] 
 Error File: [D:\xampp\htdocs\POSSales\get_sales.php] 
 Error Line: [61]
2023-12-11 14:01:16,576 [pavalam] Error number: [8] 
 Error Description: [Undefined index: amount] 
 Error File: [D:\xampp\htdocs\POSSales\get_sales.php] 
 Error Line: [61]
2023-12-11 14:01:16,576 [pavalam] Error number: [8] 
 Error Description: [Undefined index: amount] 
 Error File: [D:\xampp\htdocs\POSSales\get_sales.php] 
 Error Line: [61]
2023-12-11 14:01:16,576 [pavalam] Error number: [8] 
 Error Description: [Undefined index: amount] 
 Error File: [D:\xampp\htdocs\POSSales\get_sales.php] 
 Error Line: [61]
2023-12-11 14:01:16,576 [pavalam] Error number: [8] 
 Error Description: [Undefined index: amount] 
 Error File: [D:\xampp\htdocs\POSSales\get_sales.php] 
 Error Line: [61]
2023-12-11 14:01:16,577 [pavalam] Error number: [8] 
 Error Description: [Undefined index: amount] 
 Error File: [D:\xampp\htdocs\POSSales\get_sales.php] 
 Error Line: [61]
2023-12-11 14:01:16,577 [pavalam] Error number: [8] 
 Error Description: [Undefined index: amount] 
 Error File: [D:\xampp\htdocs\POSSales\get_sales.php] 
 Error Line: [61]
2023-12-11 14:01:16,577 [pavalam] Error number: [8] 
 Error Description: [Undefined index: amount] 
 Error File: [D:\xampp\htdocs\POSSales\get_sales.php] 
 Error Line: [61]
2023-12-11 14:01:16,577 [pavalam] Error number: [8] 
 Error Description: [Undefined index: amount] 
 Error File: [D:\xampp\htdocs\POSSales\get_sales.php] 
 Error Line: [61]
2023-12-11 14:01:16,577 [pavalam] Error number: [8] 
 Error Description: [Undefined index: amount] 
 Error File: [D:\xampp\htdocs\POSSales\get_sales.php] 
 Error Line: [61]
2023-12-11 14:01:16,577 [pavalam] Error number: [8] 
 Error Description: [Undefined index: amount] 
 Error File: [D:\xampp\htdocs\POSSales\get_sales.php] 
 Error Line: [61]
2023-12-11 14:01:16,577 [pavalam] Error number: [8] 
 Error Description: [Undefined index: amount] 
 Error File: [D:\xampp\htdocs\POSSales\get_sales.php] 
 Error Line: [61]
2023-12-11 14:01:16,578 [pavalam] Error number: [8] 
 Error Description: [Undefined index: amount] 
 Error File: [D:\xampp\htdocs\POSSales\get_sales.php] 
 Error Line: [61]
2023-12-11 14:01:16,578 [pavalam] Error number: [8] 
 Error Description: [Undefined index: amount] 
 Error File: [D:\xampp\htdocs\POSSales\get_sales.php] 
 Error Line: [61]
2023-12-11 14:01:16,578 [pavalam] Error number: [8] 
 Error Description: [Undefined index: amount] 
 Error File: [D:\xampp\htdocs\POSSales\get_sales.php] 
 Error Line: [61]
2023-12-11 14:01:16,578 [pavalam] Error number: [8] 
 Error Description: [Undefined index: amount] 
 Error File: [D:\xampp\htdocs\POSSales\get_sales.php] 
 Error Line: [61]
2023-12-11 14:01:16,578 [pavalam] Error number: [8] 
 Error Description: [Undefined index: amount] 
 Error File: [D:\xampp\htdocs\POSSales\get_sales.php] 
 Error Line: [61]
2023-12-11 14:01:16,578 [pavalam] Error number: [8] 
 Error Description: [Undefined index: amount] 
 Error File: [D:\xampp\htdocs\POSSales\get_sales.php] 
 Error Line: [61]
2023-12-11 14:01:16,579 [pavalam] Error number: [8] 
 Error Description: [Undefined index: amount] 
 Error File: [D:\xampp\htdocs\POSSales\get_sales.php] 
 Error Line: [61]
2023-12-11 14:01:16,579 [pavalam] Error number: [8] 
 Error Description: [Undefined index: amount] 
 Error File: [D:\xampp\htdocs\POSSales\get_sales.php] 
 Error Line: [61]
2023-12-11 14:01:16,579 [pavalam] Error number: [8] 
 Error Description: [Undefined index: amount] 
 Error File: [D:\xampp\htdocs\POSSales\get_sales.php] 
 Error Line: [61]
2023-12-11 14:01:16,579 [pavalam] Error number: [8] 
 Error Description: [Undefined index: amount] 
 Error File: [D:\xampp\htdocs\POSSales\get_sales.php] 
 Error Line: [61]
2023-12-11 14:01:16,579 [pavalam] Error number: [8] 
 Error Description: [Undefined index: amount] 
 Error File: [D:\xampp\htdocs\POSSales\get_sales.php] 
 Error Line: [61]
2023-12-11 14:01:16,579 [pavalam] Error number: [8] 
 Error Description: [Undefined index: amount] 
 Error File: [D:\xampp\htdocs\POSSales\get_sales.php] 
 Error Line: [61]
2023-12-11 14:01:16,579 [pavalam] Error number: [8] 
 Error Description: [Undefined index: amount] 
 Error File: [D:\xampp\htdocs\POSSales\get_sales.php] 
 Error Line: [61]
2023-12-11 14:01:16,579 [pavalam] Error number: [8] 
 Error Description: [Undefined index: amount] 
 Error File: [D:\xampp\htdocs\POSSales\get_sales.php] 
 Error Line: [61]
2023-12-11 14:01:16,579 [pavalam] Error number: [8] 
 Error Description: [Undefined index: amount] 
 Error File: [D:\xampp\htdocs\POSSales\get_sales.php] 
 Error Line: [61]
2023-12-11 14:01:16,580 [pavalam] Error number: [8] 
 Error Description: [Undefined index: amount] 
 Error File: [D:\xampp\htdocs\POSSales\get_sales.php] 
 Error Line: [61]
2023-12-11 14:01:16,580 [pavalam] Error number: [8] 
 Error Description: [Undefined index: amount] 
 Error File: [D:\xampp\htdocs\POSSales\get_sales.php] 
 Error Line: [61]
2023-12-11 14:01:16,580 [pavalam] Error number: [8] 
 Error Description: [Undefined index: amount] 
 Error File: [D:\xampp\htdocs\POSSales\get_sales.php] 
 Error Line: [61]
2023-12-11 14:01:16,580 [pavalam] Error number: [8] 
 Error Description: [Undefined index: amount] 
 Error File: [D:\xampp\htdocs\POSSales\get_sales.php] 
 Error Line: [61]
2023-12-11 14:01:16,580 [pavalam] Error number: [8] 
 Error Description: [Undefined index: amount] 
 Error File: [D:\xampp\htdocs\POSSales\get_sales.php] 
 Error Line: [61]
2023-12-11 14:01:16,580 [pavalam] Error number: [8] 
 Error Description: [Undefined index: amount] 
 Error File: [D:\xampp\htdocs\POSSales\get_sales.php] 
 Error Line: [61]
2023-12-11 14:01:16,580 [pavalam] Error number: [8] 
 Error Description: [Undefined index: amount] 
 Error File: [D:\xampp\htdocs\POSSales\get_sales.php] 
 Error Line: [61]
2023-12-11 14:01:16,580 [pavalam] Error number: [8] 
 Error Description: [Undefined index: amount] 
 Error File: [D:\xampp\htdocs\POSSales\get_sales.php] 
 Error Line: [61]
2023-12-11 14:01:16,580 [pavalam] Error number: [8] 
 Error Description: [Undefined index: amount] 
 Error File: [D:\xampp\htdocs\POSSales\get_sales.php] 
 Error Line: [61]
2023-12-11 14:01:16,580 [pavalam] Error number: [8] 
 Error Description: [Undefined index: amount] 
 Error File: [D:\xampp\htdocs\POSSales\get_sales.php] 
 Error Line: [61]
2023-12-11 14:01:16,581 [pavalam] Error number: [8] 
 Error Description: [Undefined index: amount] 
 Error File: [D:\xampp\htdocs\POSSales\get_sales.php] 
 Error Line: [61]
2023-12-11 14:01:16,581 [pavalam] Error number: [8] 
 Error Description: [Undefined index: amount] 
 Error File: [D:\xampp\htdocs\POSSales\get_sales.php] 
 Error Line: [61]
2023-12-11 14:01:16,581 [pavalam] Error number: [8] 
 Error Description: [Undefined index: amount] 
 Error File: [D:\xampp\htdocs\POSSales\get_sales.php] 
 Error Line: [61]
2023-12-11 14:01:16,581 [pavalam] Error number: [8] 
 Error Description: [Undefined index: amount] 
 Error File: [D:\xampp\htdocs\POSSales\get_sales.php] 
 Error Line: [61]
2023-12-11 14:01:16,603 [pavalam] Error number: [8] 
 Error Description: [Undefined index: amount] 
 Error File: [D:\xampp\htdocs\POSSales\get_sales.php] 
 Error Line: [61]
2023-12-11 14:01:16,604 [pavalam] Error number: [8] 
 Error Description: [Undefined index: amount] 
 Error File: [D:\xampp\htdocs\POSSales\get_sales.php] 
 Error Line: [61]
2023-12-11 14:01:16,604 [pavalam] Error number: [8] 
 Error Description: [Undefined index: amount] 
 Error File: [D:\xampp\htdocs\POSSales\get_sales.php] 
 Error Line: [61]
2023-12-11 14:01:16,604 [pavalam] Error number: [8] 
 Error Description: [Undefined index: amount] 
 Error File: [D:\xampp\htdocs\POSSales\get_sales.php] 
 Error Line: [61]
2023-12-11 14:01:16,604 [pavalam] Error number: [8] 
 Error Description: [Undefined index: amount] 
 Error File: [D:\xampp\htdocs\POSSales\get_sales.php] 
 Error Line: [61]
2023-12-11 14:01:16,605 [pavalam] Error number: [8] 
 Error Description: [Undefined index: amount] 
 Error File: [D:\xampp\htdocs\POSSales\get_sales.php] 
 Error Line: [61]
2023-12-11 14:01:16,605 [pavalam] Error number: [8] 
 Error Description: [Undefined index: amount] 
 Error File: [D:\xampp\htdocs\POSSales\get_sales.php] 
 Error Line: [61]
2023-12-11 14:01:16,605 [pavalam] Error number: [8] 
 Error Description: [Undefined index: amount] 
 Error File: [D:\xampp\htdocs\POSSales\get_sales.php] 
 Error Line: [61]
2023-12-11 14:01:16,605 [pavalam] Error number: [8] 
 Error Description: [Undefined index: amount] 
 Error File: [D:\xampp\htdocs\POSSales\get_sales.php] 
 Error Line: [61]
2023-12-11 14:01:16,605 [pavalam] Error number: [8] 
 Error Description: [Undefined index: amount] 
 Error File: [D:\xampp\htdocs\POSSales\get_sales.php] 
 Error Line: [61]
2023-12-11 14:01:16,605 [pavalam] Error number: [8] 
 Error Description: [Undefined index: amount] 
 Error File: [D:\xampp\htdocs\POSSales\get_sales.php] 
 Error Line: [61]
2023-12-11 14:01:16,605 [pavalam] Error number: [8] 
 Error Description: [Undefined index: amount] 
 Error File: [D:\xampp\htdocs\POSSales\get_sales.php] 
 Error Line: [61]
2023-12-11 14:01:16,606 [pavalam] Error number: [8] 
 Error Description: [Undefined index: amount] 
 Error File: [D:\xampp\htdocs\POSSales\get_sales.php] 
 Error Line: [61]
2023-12-11 14:01:16,606 [pavalam] Error number: [8] 
 Error Description: [Undefined index: amount] 
 Error File: [D:\xampp\htdocs\POSSales\get_sales.php] 
 Error Line: [61]
2023-12-11 14:01:16,606 [pavalam] Error number: [8] 
 Error Description: [Undefined index: amount] 
 Error File: [D:\xampp\htdocs\POSSales\get_sales.php] 
 Error Line: [61]
2023-12-11 14:01:16,606 [pavalam] Error number: [8] 
 Error Description: [Undefined index: amount] 
 Error File: [D:\xampp\htdocs\POSSales\get_sales.php] 
 Error Line: [61]
2023-12-11 14:01:16,606 [pavalam] Error number: [8] 
 Error Description: [Undefined index: amount] 
 Error File: [D:\xampp\htdocs\POSSales\get_sales.php] 
 Error Line: [61]
2023-12-11 14:01:16,606 [pavalam] Error number: [8] 
 Error Description: [Undefined index: amount] 
 Error File: [D:\xampp\htdocs\POSSales\get_sales.php] 
 Error Line: [61]
2023-12-11 14:01:16,606 [pavalam] Error number: [8] 
 Error Description: [Undefined index: amount] 
 Error File: [D:\xampp\htdocs\POSSales\get_sales.php] 
 Error Line: [61]
2023-12-11 14:01:16,607 [pavalam] Error number: [8] 
 Error Description: [Undefined index: amount] 
 Error File: [D:\xampp\htdocs\POSSales\get_sales.php] 
 Error Line: [61]
2023-12-11 14:01:16,607 [pavalam] Error number: [8] 
 Error Description: [Undefined index: amount] 
 Error File: [D:\xampp\htdocs\POSSales\get_sales.php] 
 Error Line: [61]
2023-12-11 14:01:16,607 [pavalam] Error number: [8] 
 Error Description: [Undefined index: amount] 
 Error File: [D:\xampp\htdocs\POSSales\get_sales.php] 
 Error Line: [61]
2023-12-11 14:01:16,607 [pavalam] Error number: [8] 
 Error Description: [Undefined index: amount] 
 Error File: [D:\xampp\htdocs\POSSales\get_sales.php] 
 Error Line: [61]
2023-12-11 14:01:16,607 [pavalam] Error number: [8] 
 Error Description: [Undefined index: amount] 
 Error File: [D:\xampp\htdocs\POSSales\get_sales.php] 
 Error Line: [61]
2023-12-11 14:01:16,607 [pavalam] Error number: [8] 
 Error Description: [Undefined index: amount] 
 Error File: [D:\xampp\htdocs\POSSales\get_sales.php] 
 Error Line: [61]
2023-12-11 14:01:16,608 [pavalam] Error number: [8] 
 Error Description: [Undefined index: amount] 
 Error File: [D:\xampp\htdocs\POSSales\get_sales.php] 
 Error Line: [61]
2023-12-11 14:01:16,608 [pavalam] Error number: [8] 
 Error Description: [Undefined index: amount] 
 Error File: [D:\xampp\htdocs\POSSales\get_sales.php] 
 Error Line: [61]
2023-12-11 14:01:16,608 [pavalam] Error number: [8] 
 Error Description: [Undefined index: amount] 
 Error File: [D:\xampp\htdocs\POSSales\get_sales.php] 
 Error Line: [61]
2023-12-11 14:01:16,608 [pavalam] Error number: [8] 
 Error Description: [Undefined index: amount] 
 Error File: [D:\xampp\htdocs\POSSales\get_sales.php] 
 Error Line: [61]
2023-12-11 14:01:16,608 [pavalam] Error number: [8] 
 Error Description: [Undefined index: amount] 
 Error File: [D:\xampp\htdocs\POSSales\get_sales.php] 
 Error Line: [61]
2023-12-11 14:01:16,608 [pavalam] Error number: [8] 
 Error Description: [Undefined index: amount] 
 Error File: [D:\xampp\htdocs\POSSales\get_sales.php] 
 Error Line: [61]
2023-12-11 14:01:16,609 [pavalam] Error number: [8] 
 Error Description: [Undefined index: amount] 
 Error File: [D:\xampp\htdocs\POSSales\get_sales.php] 
 Error Line: [61]
2023-12-11 14:01:16,609 [pavalam] Error number: [8] 
 Error Description: [Undefined index: amount] 
 Error File: [D:\xampp\htdocs\POSSales\get_sales.php] 
 Error Line: [61]
2023-12-11 14:01:16,609 [pavalam] Error number: [8] 
 Error Description: [Undefined index: amount] 
 Error File: [D:\xampp\htdocs\POSSales\get_sales.php] 
 Error Line: [61]
2023-12-11 14:01:16,609 [pavalam] Error number: [8] 
 Error Description: [Undefined index: amount] 
 Error File: [D:\xampp\htdocs\POSSales\get_sales.php] 
 Error Line: [61]
2023-12-11 14:01:16,609 [pavalam] Error number: [8] 
 Error Description: [Undefined index: amount] 
 Error File: [D:\xampp\htdocs\POSSales\get_sales.php] 
 Error Line: [61]
2023-12-11 14:01:16,609 [pavalam] Error number: [8] 
 Error Description: [Undefined index: amount] 
 Error File: [D:\xampp\htdocs\POSSales\get_sales.php] 
 Error Line: [61]
2023-12-11 14:01:16,609 [pavalam] Error number: [8] 
 Error Description: [Undefined index: amount] 
 Error File: [D:\xampp\htdocs\POSSales\get_sales.php] 
 Error Line: [61]
2023-12-11 14:01:16,610 [pavalam] Error number: [8] 
 Error Description: [Undefined index: amount] 
 Error File: [D:\xampp\htdocs\POSSales\get_sales.php] 
 Error Line: [61]
2023-12-11 14:01:16,610 [pavalam] Error number: [8] 
 Error Description: [Undefined index: amount] 
 Error File: [D:\xampp\htdocs\POSSales\get_sales.php] 
 Error Line: [61]
2023-12-11 14:01:16,610 [pavalam] Error number: [8] 
 Error Description: [Undefined index: amount] 
 Error File: [D:\xampp\htdocs\POSSales\get_sales.php] 
 Error Line: [61]
2023-12-11 14:01:16,610 [pavalam] Error number: [8] 
 Error Description: [Undefined index: amount] 
 Error File: [D:\xampp\htdocs\POSSales\get_sales.php] 
 Error Line: [61]
2023-12-11 14:01:16,610 [pavalam] Error number: [8] 
 Error Description: [Undefined index: amount] 
 Error File: [D:\xampp\htdocs\POSSales\get_sales.php] 
 Error Line: [61]
2023-12-11 14:01:16,610 [pavalam] Error number: [8] 
 Error Description: [Undefined index: amount] 
 Error File: [D:\xampp\htdocs\POSSales\get_sales.php] 
 Error Line: [61]
2023-12-11 14:01:16,610 [pavalam] Error number: [8] 
 Error Description: [Undefined index: amount] 
 Error File: [D:\xampp\htdocs\POSSales\get_sales.php] 
 Error Line: [61]
2023-12-11 14:01:16,611 [pavalam] Error number: [8] 
 Error Description: [Undefined index: amount] 
 Error File: [D:\xampp\htdocs\POSSales\get_sales.php] 
 Error Line: [61]
2023-12-11 14:01:16,611 [pavalam] Error number: [8] 
 Error Description: [Undefined index: amount] 
 Error File: [D:\xampp\htdocs\POSSales\get_sales.php] 
 Error Line: [61]
2023-12-11 14:01:16,611 [pavalam] Error number: [8] 
 Error Description: [Undefined index: amount] 
 Error File: [D:\xampp\htdocs\POSSales\get_sales.php] 
 Error Line: [61]
2023-12-11 14:01:16,611 [pavalam] Error number: [8] 
 Error Description: [Undefined index: amount] 
 Error File: [D:\xampp\htdocs\POSSales\get_sales.php] 
 Error Line: [61]
2023-12-11 14:01:34,933 [pavalam] Error number: [8] 
 Error Description: [Undefined index: amount] 
 Error File: [D:\xampp\htdocs\POSSales\get_sales.php] 
 Error Line: [61]
2023-12-11 14:01:34,934 [pavalam] Error number: [8] 
 Error Description: [Undefined index: amount] 
 Error File: [D:\xampp\htdocs\POSSales\get_sales.php] 
 Error Line: [61]
2023-12-11 14:01:34,934 [pavalam] Error number: [8] 
 Error Description: [Undefined index: amount] 
 Error File: [D:\xampp\htdocs\POSSales\get_sales.php] 
 Error Line: [61]
2023-12-11 14:01:34,934 [pavalam] Error number: [8] 
 Error Description: [Undefined index: amount] 
 Error File: [D:\xampp\htdocs\POSSales\get_sales.php] 
 Error Line: [61]
2023-12-11 14:01:34,934 [pavalam] Error number: [8] 
 Error Description: [Undefined index: amount] 
 Error File: [D:\xampp\htdocs\POSSales\get_sales.php] 
 Error Line: [61]
2023-12-11 14:01:34,935 [pavalam] Error number: [8] 
 Error Description: [Undefined index: amount] 
 Error File: [D:\xampp\htdocs\POSSales\get_sales.php] 
 Error Line: [61]
2023-12-11 14:01:34,935 [pavalam] Error number: [8] 
 Error Description: [Undefined index: amount] 
 Error File: [D:\xampp\htdocs\POSSales\get_sales.php] 
 Error Line: [61]
2023-12-11 14:01:34,935 [pavalam] Error number: [8] 
 Error Description: [Undefined index: amount] 
 Error File: [D:\xampp\htdocs\POSSales\get_sales.php] 
 Error Line: [61]
2023-12-11 14:01:34,935 [pavalam] Error number: [8] 
 Error Description: [Undefined index: amount] 
 Error File: [D:\xampp\htdocs\POSSales\get_sales.php] 
 Error Line: [61]
2023-12-11 14:01:34,935 [pavalam] Error number: [8] 
 Error Description: [Undefined index: amount] 
 Error File: [D:\xampp\htdocs\POSSales\get_sales.php] 
 Error Line: [61]
2023-12-11 14:01:34,935 [pavalam] Error number: [8] 
 Error Description: [Undefined index: amount] 
 Error File: [D:\xampp\htdocs\POSSales\get_sales.php] 
 Error Line: [61]
2023-12-11 14:01:34,936 [pavalam] Error number: [8] 
 Error Description: [Undefined index: amount] 
 Error File: [D:\xampp\htdocs\POSSales\get_sales.php] 
 Error Line: [61]
2023-12-11 14:01:34,936 [pavalam] Error number: [8] 
 Error Description: [Undefined index: amount] 
 Error File: [D:\xampp\htdocs\POSSales\get_sales.php] 
 Error Line: [61]
2023-12-11 14:01:34,936 [pavalam] Error number: [8] 
 Error Description: [Undefined index: amount] 
 Error File: [D:\xampp\htdocs\POSSales\get_sales.php] 
 Error Line: [61]
2023-12-11 14:01:34,936 [pavalam] Error number: [8] 
 Error Description: [Undefined index: amount] 
 Error File: [D:\xampp\htdocs\POSSales\get_sales.php] 
 Error Line: [61]
2023-12-11 14:01:34,936 [pavalam] Error number: [8] 
 Error Description: [Undefined index: amount] 
 Error File: [D:\xampp\htdocs\POSSales\get_sales.php] 
 Error Line: [61]
2023-12-11 14:01:34,936 [pavalam] Error number: [8] 
 Error Description: [Undefined index: amount] 
 Error File: [D:\xampp\htdocs\POSSales\get_sales.php] 
 Error Line: [61]
2023-12-11 14:01:34,936 [pavalam] Error number: [8] 
 Error Description: [Undefined index: amount] 
 Error File: [D:\xampp\htdocs\POSSales\get_sales.php] 
 Error Line: [61]
2023-12-11 14:01:34,937 [pavalam] Error number: [8] 
 Error Description: [Undefined index: amount] 
 Error File: [D:\xampp\htdocs\POSSales\get_sales.php] 
 Error Line: [61]
2023-12-11 14:01:34,937 [pavalam] Error number: [8] 
 Error Description: [Undefined index: amount] 
 Error File: [D:\xampp\htdocs\POSSales\get_sales.php] 
 Error Line: [61]
2023-12-11 14:01:34,937 [pavalam] Error number: [8] 
 Error Description: [Undefined index: amount] 
 Error File: [D:\xampp\htdocs\POSSales\get_sales.php] 
 Error Line: [61]
2023-12-11 14:01:34,937 [pavalam] Error number: [8] 
 Error Description: [Undefined index: amount] 
 Error File: [D:\xampp\htdocs\POSSales\get_sales.php] 
 Error Line: [61]
2023-12-11 14:01:34,937 [pavalam] Error number: [8] 
 Error Description: [Undefined index: amount] 
 Error File: [D:\xampp\htdocs\POSSales\get_sales.php] 
 Error Line: [61]
2023-12-11 14:01:34,937 [pavalam] Error number: [8] 
 Error Description: [Undefined index: amount] 
 Error File: [D:\xampp\htdocs\POSSales\get_sales.php] 
 Error Line: [61]
2023-12-11 14:01:34,938 [pavalam] Error number: [8] 
 Error Description: [Undefined index: amount] 
 Error File: [D:\xampp\htdocs\POSSales\get_sales.php] 
 Error Line: [61]
2023-12-11 14:01:34,938 [pavalam] Error number: [8] 
 Error Description: [Undefined index: amount] 
 Error File: [D:\xampp\htdocs\POSSales\get_sales.php] 
 Error Line: [61]
2023-12-11 14:01:34,938 [pavalam] Error number: [8] 
 Error Description: [Undefined index: amount] 
 Error File: [D:\xampp\htdocs\POSSales\get_sales.php] 
 Error Line: [61]
2023-12-11 14:01:34,938 [pavalam] Error number: [8] 
 Error Description: [Undefined index: amount] 
 Error File: [D:\xampp\htdocs\POSSales\get_sales.php] 
 Error Line: [61]
2023-12-11 14:01:34,938 [pavalam] Error number: [8] 
 Error Description: [Undefined index: amount] 
 Error File: [D:\xampp\htdocs\POSSales\get_sales.php] 
 Error Line: [61]
2023-12-11 14:01:34,938 [pavalam] Error number: [8] 
 Error Description: [Undefined index: amount] 
 Error File: [D:\xampp\htdocs\POSSales\get_sales.php] 
 Error Line: [61]
2023-12-11 14:01:34,939 [pavalam] Error number: [8] 
 Error Description: [Undefined index: amount] 
 Error File: [D:\xampp\htdocs\POSSales\get_sales.php] 
 Error Line: [61]
2023-12-11 14:01:34,939 [pavalam] Error number: [8] 
 Error Description: [Undefined index: amount] 
 Error File: [D:\xampp\htdocs\POSSales\get_sales.php] 
 Error Line: [61]
2023-12-11 14:01:34,939 [pavalam] Error number: [8] 
 Error Description: [Undefined index: amount] 
 Error File: [D:\xampp\htdocs\POSSales\get_sales.php] 
 Error Line: [61]
2023-12-11 14:01:34,939 [pavalam] Error number: [8] 
 Error Description: [Undefined index: amount] 
 Error File: [D:\xampp\htdocs\POSSales\get_sales.php] 
 Error Line: [61]
2023-12-11 14:01:34,939 [pavalam] Error number: [8] 
 Error Description: [Undefined index: amount] 
 Error File: [D:\xampp\htdocs\POSSales\get_sales.php] 
 Error Line: [61]
2023-12-11 14:01:34,939 [pavalam] Error number: [8] 
 Error Description: [Undefined index: amount] 
 Error File: [D:\xampp\htdocs\POSSales\get_sales.php] 
 Error Line: [61]
2023-12-11 14:01:34,939 [pavalam] Error number: [8] 
 Error Description: [Undefined index: amount] 
 Error File: [D:\xampp\htdocs\POSSales\get_sales.php] 
 Error Line: [61]
2023-12-11 14:01:34,940 [pavalam] Error number: [8] 
 Error Description: [Undefined index: amount] 
 Error File: [D:\xampp\htdocs\POSSales\get_sales.php] 
 Error Line: [61]
2023-12-11 14:01:34,940 [pavalam] Error number: [8] 
 Error Description: [Undefined index: amount] 
 Error File: [D:\xampp\htdocs\POSSales\get_sales.php] 
 Error Line: [61]
2023-12-11 14:01:34,940 [pavalam] Error number: [8] 
 Error Description: [Undefined index: amount] 
 Error File: [D:\xampp\htdocs\POSSales\get_sales.php] 
 Error Line: [61]
2023-12-11 14:01:34,940 [pavalam] Error number: [8] 
 Error Description: [Undefined index: amount] 
 Error File: [D:\xampp\htdocs\POSSales\get_sales.php] 
 Error Line: [61]
2023-12-11 14:01:34,940 [pavalam] Error number: [8] 
 Error Description: [Undefined index: amount] 
 Error File: [D:\xampp\htdocs\POSSales\get_sales.php] 
 Error Line: [61]
2023-12-11 14:01:34,940 [pavalam] Error number: [8] 
 Error Description: [Undefined index: amount] 
 Error File: [D:\xampp\htdocs\POSSales\get_sales.php] 
 Error Line: [61]
2023-12-11 14:01:34,941 [pavalam] Error number: [8] 
 Error Description: [Undefined index: amount] 
 Error File: [D:\xampp\htdocs\POSSales\get_sales.php] 
 Error Line: [61]
2023-12-11 14:01:34,941 [pavalam] Error number: [8] 
 Error Description: [Undefined index: amount] 
 Error File: [D:\xampp\htdocs\POSSales\get_sales.php] 
 Error Line: [61]
2023-12-11 14:01:34,941 [pavalam] Error number: [8] 
 Error Description: [Undefined index: amount] 
 Error File: [D:\xampp\htdocs\POSSales\get_sales.php] 
 Error Line: [61]
2023-12-11 14:01:34,941 [pavalam] Error number: [8] 
 Error Description: [Undefined index: amount] 
 Error File: [D:\xampp\htdocs\POSSales\get_sales.php] 
 Error Line: [61]
2023-12-11 14:01:34,941 [pavalam] Error number: [8] 
 Error Description: [Undefined index: amount] 
 Error File: [D:\xampp\htdocs\POSSales\get_sales.php] 
 Error Line: [61]
2023-12-11 14:01:34,941 [pavalam] Error number: [8] 
 Error Description: [Undefined index: amount] 
 Error File: [D:\xampp\htdocs\POSSales\get_sales.php] 
 Error Line: [61]
2023-12-11 14:02:10,479 [pavalam] Error number: [8] 
 Error Description: [Undefined index: amount] 
 Error File: [D:\xampp\htdocs\POSSales\get_sales.php] 
 Error Line: [61]
2023-12-11 14:02:10,480 [pavalam] Error number: [8] 
 Error Description: [Undefined index: amount] 
 Error File: [D:\xampp\htdocs\POSSales\get_sales.php] 
 Error Line: [61]
2023-12-11 14:02:10,480 [pavalam] Error number: [8] 
 Error Description: [Undefined index: amount] 
 Error File: [D:\xampp\htdocs\POSSales\get_sales.php] 
 Error Line: [61]
2023-12-11 14:02:10,480 [pavalam] Error number: [8] 
 Error Description: [Undefined index: amount] 
 Error File: [D:\xampp\htdocs\POSSales\get_sales.php] 
 Error Line: [61]
2023-12-11 14:02:10,480 [pavalam] Error number: [8] 
 Error Description: [Undefined index: amount] 
 Error File: [D:\xampp\htdocs\POSSales\get_sales.php] 
 Error Line: [61]
2023-12-11 14:02:10,480 [pavalam] Error number: [8] 
 Error Description: [Undefined index: amount] 
 Error File: [D:\xampp\htdocs\POSSales\get_sales.php] 
 Error Line: [61]
2023-12-11 14:02:10,480 [pavalam] Error number: [8] 
 Error Description: [Undefined index: amount] 
 Error File: [D:\xampp\htdocs\POSSales\get_sales.php] 
 Error Line: [61]
2023-12-11 14:02:10,481 [pavalam] Error number: [8] 
 Error Description: [Undefined index: amount] 
 Error File: [D:\xampp\htdocs\POSSales\get_sales.php] 
 Error Line: [61]
2023-12-11 14:02:10,481 [pavalam] Error number: [8] 
 Error Description: [Undefined index: amount] 
 Error File: [D:\xampp\htdocs\POSSales\get_sales.php] 
 Error Line: [61]
2023-12-11 14:02:10,481 [pavalam] Error number: [8] 
 Error Description: [Undefined index: amount] 
 Error File: [D:\xampp\htdocs\POSSales\get_sales.php] 
 Error Line: [61]
2023-12-11 14:02:10,481 [pavalam] Error number: [8] 
 Error Description: [Undefined index: amount] 
 Error File: [D:\xampp\htdocs\POSSales\get_sales.php] 
 Error Line: [61]
2023-12-11 14:02:10,481 [pavalam] Error number: [8] 
 Error Description: [Undefined index: amount] 
 Error File: [D:\xampp\htdocs\POSSales\get_sales.php] 
 Error Line: [61]
2023-12-11 14:02:10,481 [pavalam] Error number: [8] 
 Error Description: [Undefined index: amount] 
 Error File: [D:\xampp\htdocs\POSSales\get_sales.php] 
 Error Line: [61]
2023-12-11 14:02:10,481 [pavalam] Error number: [8] 
 Error Description: [Undefined index: amount] 
 Error File: [D:\xampp\htdocs\POSSales\get_sales.php] 
 Error Line: [61]
2023-12-11 14:02:10,481 [pavalam] Error number: [8] 
 Error Description: [Undefined index: amount] 
 Error File: [D:\xampp\htdocs\POSSales\get_sales.php] 
 Error Line: [61]
2023-12-11 14:02:10,481 [pavalam] Error number: [8] 
 Error Description: [Undefined index: amount] 
 Error File: [D:\xampp\htdocs\POSSales\get_sales.php] 
 Error Line: [61]
2023-12-11 14:02:10,481 [pavalam] Error number: [8] 
 Error Description: [Undefined index: amount] 
 Error File: [D:\xampp\htdocs\POSSales\get_sales.php] 
 Error Line: [61]
2023-12-11 14:02:10,481 [pavalam] Error number: [8] 
 Error Description: [Undefined index: amount] 
 Error File: [D:\xampp\htdocs\POSSales\get_sales.php] 
 Error Line: [61]
2023-12-11 14:02:10,482 [pavalam] Error number: [8] 
 Error Description: [Undefined index: amount] 
 Error File: [D:\xampp\htdocs\POSSales\get_sales.php] 
 Error Line: [61]
2023-12-11 14:02:10,482 [pavalam] Error number: [8] 
 Error Description: [Undefined index: amount] 
 Error File: [D:\xampp\htdocs\POSSales\get_sales.php] 
 Error Line: [61]
2023-12-11 14:02:10,482 [pavalam] Error number: [8] 
 Error Description: [Undefined index: amount] 
 Error File: [D:\xampp\htdocs\POSSales\get_sales.php] 
 Error Line: [61]
2023-12-11 14:02:10,482 [pavalam] Error number: [8] 
 Error Description: [Undefined index: amount] 
 Error File: [D:\xampp\htdocs\POSSales\get_sales.php] 
 Error Line: [61]
2023-12-11 14:02:10,482 [pavalam] Error number: [8] 
 Error Description: [Undefined index: amount] 
 Error File: [D:\xampp\htdocs\POSSales\get_sales.php] 
 Error Line: [61]
2023-12-11 14:02:10,482 [pavalam] Error number: [8] 
 Error Description: [Undefined index: amount] 
 Error File: [D:\xampp\htdocs\POSSales\get_sales.php] 
 Error Line: [61]
2023-12-11 14:02:10,482 [pavalam] Error number: [8] 
 Error Description: [Undefined index: amount] 
 Error File: [D:\xampp\htdocs\POSSales\get_sales.php] 
 Error Line: [61]
2023-12-11 14:02:10,482 [pavalam] Error number: [8] 
 Error Description: [Undefined index: amount] 
 Error File: [D:\xampp\htdocs\POSSales\get_sales.php] 
 Error Line: [61]
2023-12-11 14:02:10,482 [pavalam] Error number: [8] 
 Error Description: [Undefined index: amount] 
 Error File: [D:\xampp\htdocs\POSSales\get_sales.php] 
 Error Line: [61]
2023-12-11 14:02:10,482 [pavalam] Error number: [8] 
 Error Description: [Undefined index: amount] 
 Error File: [D:\xampp\htdocs\POSSales\get_sales.php] 
 Error Line: [61]
2023-12-11 14:02:10,483 [pavalam] Error number: [8] 
 Error Description: [Undefined index: amount] 
 Error File: [D:\xampp\htdocs\POSSales\get_sales.php] 
 Error Line: [61]
2023-12-11 14:02:10,483 [pavalam] Error number: [8] 
 Error Description: [Undefined index: amount] 
 Error File: [D:\xampp\htdocs\POSSales\get_sales.php] 
 Error Line: [61]
2023-12-11 14:02:10,483 [pavalam] Error number: [8] 
 Error Description: [Undefined index: amount] 
 Error File: [D:\xampp\htdocs\POSSales\get_sales.php] 
 Error Line: [61]
2023-12-11 14:02:10,483 [pavalam] Error number: [8] 
 Error Description: [Undefined index: amount] 
 Error File: [D:\xampp\htdocs\POSSales\get_sales.php] 
 Error Line: [61]
2023-12-11 14:02:10,483 [pavalam] Error number: [8] 
 Error Description: [Undefined index: amount] 
 Error File: [D:\xampp\htdocs\POSSales\get_sales.php] 
 Error Line: [61]
2023-12-11 14:02:10,483 [pavalam] Error number: [8] 
 Error Description: [Undefined index: amount] 
 Error File: [D:\xampp\htdocs\POSSales\get_sales.php] 
 Error Line: [61]
2023-12-11 14:02:10,483 [pavalam] Error number: [8] 
 Error Description: [Undefined index: amount] 
 Error File: [D:\xampp\htdocs\POSSales\get_sales.php] 
 Error Line: [61]
2023-12-11 14:02:10,483 [pavalam] Error number: [8] 
 Error Description: [Undefined index: amount] 
 Error File: [D:\xampp\htdocs\POSSales\get_sales.php] 
 Error Line: [61]
2023-12-11 14:02:10,483 [pavalam] Error number: [8] 
 Error Description: [Undefined index: amount] 
 Error File: [D:\xampp\htdocs\POSSales\get_sales.php] 
 Error Line: [61]
2023-12-11 14:02:10,484 [pavalam] Error number: [8] 
 Error Description: [Undefined index: amount] 
 Error File: [D:\xampp\htdocs\POSSales\get_sales.php] 
 Error Line: [61]
2023-12-11 14:02:10,484 [pavalam] Error number: [8] 
 Error Description: [Undefined index: amount] 
 Error File: [D:\xampp\htdocs\POSSales\get_sales.php] 
 Error Line: [61]
2023-12-11 14:02:10,484 [pavalam] Error number: [8] 
 Error Description: [Undefined index: amount] 
 Error File: [D:\xampp\htdocs\POSSales\get_sales.php] 
 Error Line: [61]
2023-12-11 14:02:10,484 [pavalam] Error number: [8] 
 Error Description: [Undefined index: amount] 
 Error File: [D:\xampp\htdocs\POSSales\get_sales.php] 
 Error Line: [61]
2023-12-11 14:02:10,484 [pavalam] Error number: [8] 
 Error Description: [Undefined index: amount] 
 Error File: [D:\xampp\htdocs\POSSales\get_sales.php] 
 Error Line: [61]
2023-12-11 14:02:10,484 [pavalam] Error number: [8] 
 Error Description: [Undefined index: amount] 
 Error File: [D:\xampp\htdocs\POSSales\get_sales.php] 
 Error Line: [61]
2023-12-11 14:02:10,484 [pavalam] Error number: [8] 
 Error Description: [Undefined index: amount] 
 Error File: [D:\xampp\htdocs\POSSales\get_sales.php] 
 Error Line: [61]
2023-12-11 14:02:10,484 [pavalam] Error number: [8] 
 Error Description: [Undefined index: amount] 
 Error File: [D:\xampp\htdocs\POSSales\get_sales.php] 
 Error Line: [61]
2023-12-11 14:02:10,484 [pavalam] Error number: [8] 
 Error Description: [Undefined index: amount] 
 Error File: [D:\xampp\htdocs\POSSales\get_sales.php] 
 Error Line: [61]
2023-12-11 14:02:10,484 [pavalam] Error number: [8] 
 Error Description: [Undefined index: amount] 
 Error File: [D:\xampp\htdocs\POSSales\get_sales.php] 
 Error Line: [61]
2023-12-11 14:02:10,485 [pavalam] Error number: [8] 
 Error Description: [Undefined index: amount] 
 Error File: [D:\xampp\htdocs\POSSales\get_sales.php] 
 Error Line: [61]
2023-12-11 14:02:10,485 [pavalam] Error number: [8] 
 Error Description: [Undefined index: amount] 
 Error File: [D:\xampp\htdocs\POSSales\get_sales.php] 
 Error Line: [61]
