2023-12-08 06:01:32,297 [pavalam] Error number: [8] 
 Error Description: [Array to string conversion] 
 Error File: [D:\xampp\htdocs\POSSales\insert_date_sales.php] 
 Error Line: [54]
2023-12-08 08:46:09,341 [pavalam] Error number: [8] 
 Error Description: [Array to string conversion] 
 Error File: [D:\xampp\htdocs\POSSales\insert_date_sales.php] 
 Error Line: [54]
2023-12-08 11:03:26,077 [pavalam] Error number: [2] 
 Error Description: [Invalid argument supplied for foreach()] 
 Error File: [D:\xampp\htdocs\POSSales\insert_date_sales.php] 
 Error Line: [54]
2023-12-08 11:04:14,722 [pavalam] Error number: [2] 
 Error Description: [Invalid argument supplied for foreach()] 
 Error File: [D:\xampp\htdocs\POSSales\insert_date_sales.php] 
 Error Line: [54]
2023-12-08 11:07:10,187 [pavalam] Error number: [8] 
 Error Description: [Array to string conversion] 
 Error File: [D:\xampp\htdocs\POSSales\insert_date_sales.php] 
 Error Line: [53]
2023-12-08 11:08:03,589 [pavalam] Error number: [2] 
 Error Description: [Invalid argument supplied for foreach()] 
 Error File: [D:\xampp\htdocs\POSSales\insert_date_sales.php] 
 Error Line: [54]
2023-12-08 11:09:02,398 [pavalam] Error number: [8] 
 Error Description: [Array to string conversion] 
 Error File: [D:\xampp\htdocs\POSSales\insert_date_sales.php] 
 Error Line: [53]
2023-12-08 11:09:02,399 [pavalam] Error number: [8] 
 Error Description: [Undefined variable: name] 
 Error File: [D:\xampp\htdocs\POSSales\insert_date_sales.php] 
 Error Line: [55]
2023-12-08 11:09:02,399 [pavalam] Error number: [2] 
 Error Description: [Illegal string offset 'name'] 
 Error File: [D:\xampp\htdocs\POSSales\insert_date_sales.php] 
 Error Line: [55]
2023-12-08 11:09:02,399 [pavalam] Error number: [2] 
 Error Description: [Illegal string offset 'year'] 
 Error File: [D:\xampp\htdocs\POSSales\insert_date_sales.php] 
 Error Line: [55]
2023-12-08 11:09:44,483 [pavalam] Error number: [8] 
 Error Description: [Array to string conversion] 
 Error File: [D:\xampp\htdocs\POSSales\insert_date_sales.php] 
 Error Line: [53]
2023-12-08 11:10:29,753 [pavalam] Error number: [2] 
 Error Description: [Illegal string offset 'date'] 
 Error File: [D:\xampp\htdocs\POSSales\insert_date_sales.php] 
 Error Line: [54]
2023-12-08 11:13:36,795 [pavalam] Error number: [2] 
 Error Description: [Invalid argument supplied for foreach()] 
 Error File: [D:\xampp\htdocs\POSSales\insert_date_sales.php] 
 Error Line: [53]
2023-12-08 11:13:50,530 [pavalam] Error number: [2] 
 Error Description: [Invalid argument supplied for foreach()] 
 Error File: [D:\xampp\htdocs\POSSales\insert_date_sales.php] 
 Error Line: [53]
2023-12-08 11:17:07,820 [pavalam] Error number: [8] 
 Error Description: [Array to string conversion] 
 Error File: [D:\xampp\htdocs\POSSales\insert_date_sales.php] 
 Error Line: [55]
2023-12-08 11:17:30,183 [pavalam] Error number: [8] 
 Error Description: [Array to string conversion] 
 Error File: [D:\xampp\htdocs\POSSales\insert_date_sales.php] 
 Error Line: [55]
2023-12-08 11:19:05,441 [pavalam] Error number: [8] 
 Error Description: [Array to string conversion] 
 Error File: [D:\xampp\htdocs\POSSales\insert_date_sales.php] 
 Error Line: [55]
2023-12-08 11:19:28,756 [pavalam] Error number: [8] 
 Error Description: [Array to string conversion] 
 Error File: [D:\xampp\htdocs\POSSales\insert_date_sales.php] 
 Error Line: [55]
2023-12-08 11:20:44,381 [pavalam] Error number: [2] 
 Error Description: [Invalid argument supplied for foreach()] 
 Error File: [D:\xampp\htdocs\POSSales\insert_date_sales.php] 
 Error Line: [57]
2023-12-08 11:20:55,175 [pavalam] Error number: [2] 
 Error Description: [Invalid argument supplied for foreach()] 
 Error File: [D:\xampp\htdocs\POSSales\insert_date_sales.php] 
 Error Line: [57]
2023-12-08 11:23:15,990 [pavalam] Error number: [2] 
 Error Description: [A non-numeric value encountered] 
 Error File: [D:\xampp\htdocs\POSSales\insert_date_sales.php] 
 Error Line: [56]
2023-12-08 11:23:15,992 [pavalam] Error number: [2] 
 Error Description: [A non-numeric value encountered] 
 Error File: [D:\xampp\htdocs\POSSales\insert_date_sales.php] 
 Error Line: [56]
2023-12-08 11:23:15,993 [pavalam] Error number: [2] 
 Error Description: [A non-numeric value encountered] 
 Error File: [D:\xampp\htdocs\POSSales\insert_date_sales.php] 
 Error Line: [56]
2023-12-08 11:23:15,993 [pavalam] Error number: [2] 
 Error Description: [Invalid argument supplied for foreach()] 
 Error File: [D:\xampp\htdocs\POSSales\insert_date_sales.php] 
 Error Line: [58]
2023-12-08 11:24:10,378 [pavalam] Error number: [2] 
 Error Description: [Invalid argument supplied for foreach()] 
 Error File: [D:\xampp\htdocs\POSSales\insert_date_sales.php] 
 Error Line: [55]
2023-12-08 11:29:37,620 [pavalam] Error number: [8] 
 Error Description: [Array to string conversion] 
 Error File: [D:\xampp\htdocs\POSSales\insert_date_sales.php] 
 Error Line: [57]
2023-12-08 11:30:21,432 [pavalam] Error number: [8] 
 Error Description: [Undefined offset: 0] 
 Error File: [D:\xampp\htdocs\POSSales\insert_date_sales.php] 
 Error Line: [59]
2023-12-08 11:30:37,097 [pavalam] Error number: [8] 
 Error Description: [Undefined index: date] 
 Error File: [D:\xampp\htdocs\POSSales\insert_date_sales.php] 
 Error Line: [59]
2023-12-08 11:30:50,575 [pavalam] Error number: [8] 
 Error Description: [Trying to get property 'date' of non-object] 
 Error File: [D:\xampp\htdocs\POSSales\insert_date_sales.php] 
 Error Line: [59]
2023-12-08 11:30:58,437 [pavalam] Error number: [8] 
 Error Description: [Array to string conversion] 
 Error File: [D:\xampp\htdocs\POSSales\insert_date_sales.php] 
 Error Line: [59]
2023-12-08 11:31:28,250 [pavalam] Error number: [2] 
 Error Description: [Invalid argument supplied for foreach()] 
 Error File: [D:\xampp\htdocs\POSSales\insert_date_sales.php] 
 Error Line: [57]
2023-12-08 11:32:07,035 [pavalam] Error number: [2] 
 Error Description: [Invalid argument supplied for foreach()] 
 Error File: [D:\xampp\htdocs\POSSales\insert_date_sales.php] 
 Error Line: [57]
2023-12-08 11:33:19,330 [pavalam] Error number: [8] 
 Error Description: [Array to string conversion] 
 Error File: [D:\xampp\htdocs\POSSales\insert_date_sales.php] 
 Error Line: [56]
2023-12-08 11:34:26,071 [pavalam] Error number: [8] 
 Error Description: [Array to string conversion] 
 Error File: [D:\xampp\htdocs\POSSales\insert_date_sales.php] 
 Error Line: [56]
2023-12-08 11:34:37,467 [pavalam] Error number: [8] 
 Error Description: [Array to string conversion] 
 Error File: [D:\xampp\htdocs\POSSales\insert_date_sales.php] 
 Error Line: [56]
2023-12-08 11:35:16,906 [pavalam] Error number: [8] 
 Error Description: [Array to string conversion] 
 Error File: [D:\xampp\htdocs\POSSales\insert_date_sales.php] 
 Error Line: [58]
2023-12-08 11:35:57,034 [pavalam] Error number: [8] 
 Error Description: [Array to string conversion] 
 Error File: [D:\xampp\htdocs\POSSales\insert_date_sales.php] 
 Error Line: [56]
2023-12-08 11:36:09,269 [pavalam] Error number: [8] 
 Error Description: [Array to string conversion] 
 Error File: [D:\xampp\htdocs\POSSales\insert_date_sales.php] 
 Error Line: [56]
2023-12-08 11:37:20,830 [pavalam] Error number: [2] 
 Error Description: [Invalid argument supplied for foreach()] 
 Error File: [D:\xampp\htdocs\POSSales\insert_date_sales.php] 
 Error Line: [56]
2023-12-08 11:39:36,067 [pavalam] Error number: [2] 
 Error Description: [Invalid argument supplied for foreach()] 
 Error File: [D:\xampp\htdocs\POSSales\insert_date_sales.php] 
 Error Line: [57]
2023-12-08 11:40:07,068 [pavalam] Error number: [2] 
 Error Description: [Invalid argument supplied for foreach()] 
 Error File: [D:\xampp\htdocs\POSSales\insert_date_sales.php] 
 Error Line: [57]
2023-12-08 11:40:18,824 [pavalam] Error number: [2] 
 Error Description: [Invalid argument supplied for foreach()] 
 Error File: [D:\xampp\htdocs\POSSales\insert_date_sales.php] 
 Error Line: [57]
2023-12-08 11:40:42,514 [pavalam] Error number: [2] 
 Error Description: [Invalid argument supplied for foreach()] 
 Error File: [D:\xampp\htdocs\POSSales\insert_date_sales.php] 
 Error Line: [57]
2023-12-08 11:41:03,293 [pavalam] Error number: [2] 
 Error Description: [Invalid argument supplied for foreach()] 
 Error File: [D:\xampp\htdocs\POSSales\insert_date_sales.php] 
 Error Line: [57]
2023-12-08 11:44:39,789 [pavalam] Error number: [8] 
 Error Description: [Undefined variable: url] 
 Error File: [D:\xampp\htdocs\POSSales\insert_date_sales.php] 
 Error Line: [52]
2023-12-08 11:44:39,797 [pavalam] Error number: [2] 
 Error Description: [file_get_contents(): Filename cannot be empty] 
 Error File: [D:\xampp\htdocs\POSSales\insert_date_sales.php] 
 Error Line: [52]
2023-12-08 11:44:39,797 [pavalam] Error number: [8] 
 Error Description: [Array to string conversion] 
 Error File: [D:\xampp\htdocs\POSSales\insert_date_sales.php] 
 Error Line: [56]
2023-12-08 11:45:00,416 [pavalam] Error number: [8] 
 Error Description: [Array to string conversion] 
 Error File: [D:\xampp\htdocs\POSSales\insert_date_sales.php] 
 Error Line: [56]
2023-12-08 11:46:35,189 [pavalam] Error number: [2] 
 Error Description: [Illegal string offset 'billdate'] 
 Error File: [D:\xampp\htdocs\POSSales\insert_date_sales.php] 
 Error Line: [55]
2023-12-08 11:50:23,222 [pavalam] Error number: [8] 
 Error Description: [Array to string conversion] 
 Error File: [D:\xampp\htdocs\POSSales\insert_date_sales.php] 
 Error Line: [58]
2023-12-08 11:50:23,223 [pavalam] Error number: [2] 
 Error Description: [Invalid argument supplied for foreach()] 
 Error File: [D:\xampp\htdocs\POSSales\insert_date_sales.php] 
 Error Line: [62]
2023-12-08 11:50:37,402 [pavalam] Error number: [2] 
 Error Description: [json_decode() expects parameter 1 to be string, array given] 
 Error File: [D:\xampp\htdocs\POSSales\insert_date_sales.php] 
 Error Line: [61]
2023-12-08 11:50:37,403 [pavalam] Error number: [2] 
 Error Description: [Invalid argument supplied for foreach()] 
 Error File: [D:\xampp\htdocs\POSSales\insert_date_sales.php] 
 Error Line: [62]
2023-12-08 11:50:51,161 [pavalam] Error number: [2] 
 Error Description: [Invalid argument supplied for foreach()] 
 Error File: [D:\xampp\htdocs\POSSales\insert_date_sales.php] 
 Error Line: [62]
2023-12-08 11:51:13,400 [pavalam] Error number: [8] 
 Error Description: [Undefined offset: 0] 
 Error File: [D:\xampp\htdocs\POSSales\insert_date_sales.php] 
 Error Line: [55]
2023-12-08 11:52:16,409 [pavalam] Error number: [8] 
 Error Description: [Array to string conversion] 
 Error File: [D:\xampp\htdocs\POSSales\insert_date_sales.php] 
 Error Line: [59]
2023-12-08 11:52:27,308 [pavalam] Error number: [8] 
 Error Description: [Array to string conversion] 
 Error File: [D:\xampp\htdocs\POSSales\insert_date_sales.php] 
 Error Line: [59]
2023-12-08 11:52:34,373 [pavalam] Error number: [8] 
 Error Description: [Array to string conversion] 
 Error File: [D:\xampp\htdocs\POSSales\insert_date_sales.php] 
 Error Line: [59]
2023-12-08 11:54:36,833 [pavalam] Error number: [2] 
 Error Description: [count() expects at least 1 parameter, 0 given] 
 Error File: [D:\xampp\htdocs\POSSales\insert_date_sales.php] 
 Error Line: [54]
2023-12-08 11:54:36,835 [pavalam] Error number: [8] 
 Error Description: [Array to string conversion] 
 Error File: [D:\xampp\htdocs\POSSales\insert_date_sales.php] 
 Error Line: [54]
2023-12-08 11:55:58,544 [pavalam] Error number: [2] 
 Error Description: [Use of undefined constant i - assumed 'i' (this will throw an Error in a future version of PHP)] 
 Error File: [D:\xampp\htdocs\POSSales\insert_date_sales.php] 
 Error Line: [56]
2023-12-08 11:55:58,546 [pavalam] Error number: [8] 
 Error Description: [Undefined index: i] 
 Error File: [D:\xampp\htdocs\POSSales\insert_date_sales.php] 
 Error Line: [56]
2023-12-08 11:57:33,180 [pavalam] Error number: [2] 
 Error Description: [count(): Parameter must be an array or an object that implements Countable] 
 Error File: [D:\xampp\htdocs\POSSales\insert_date_sales.php] 
 Error Line: [54]
2023-12-08 11:57:33,182 [pavalam] Error number: [2] 
 Error Description: [count(): Parameter must be an array or an object that implements Countable] 
 Error File: [D:\xampp\htdocs\POSSales\insert_date_sales.php] 
 Error Line: [54]
2023-12-08 11:59:50,502 [pavalam] Error number: [2] 
 Error Description: [Invalid argument supplied for foreach()] 
 Error File: [D:\xampp\htdocs\POSSales\insert_date_sales.php] 
 Error Line: [59]
2023-12-08 12:03:15,635 [pavalam] Error number: [2] 
 Error Description: [Invalid argument supplied for foreach()] 
 Error File: [D:\xampp\htdocs\POSSales\insert_date_sales.php] 
 Error Line: [61]
2023-12-08 12:07:53,239 [pavalam] Error number: [2] 
 Error Description: [Invalid argument supplied for foreach()] 
 Error File: [D:\xampp\htdocs\POSSales\insert_date_sales.php] 
 Error Line: [62]
2023-12-08 12:08:07,361 [pavalam] Error number: [2] 
 Error Description: [Invalid argument supplied for foreach()] 
 Error File: [D:\xampp\htdocs\POSSales\insert_date_sales.php] 
 Error Line: [62]
2023-12-08 12:10:32,016 [pavalam] Error number: [2] 
 Error Description: [Invalid argument supplied for foreach()] 
 Error File: [D:\xampp\htdocs\POSSales\insert_date_sales.php] 
 Error Line: [63]
2023-12-08 12:12:05,133 [pavalam] Error number: [2] 
 Error Description: [Invalid argument supplied for foreach()] 
 Error File: [D:\xampp\htdocs\POSSales\insert_date_sales.php] 
 Error Line: [63]
2023-12-08 12:12:43,613 [pavalam] Error number: [8] 
 Error Description: [Array to string conversion] 
 Error File: [D:\xampp\htdocs\POSSales\insert_date_sales.php] 
 Error Line: [54]
2023-12-08 12:13:02,308 [pavalam] Error number: [2] 
 Error Description: [Illegal string offset 'billdate'] 
 Error File: [D:\xampp\htdocs\POSSales\insert_date_sales.php] 
 Error Line: [54]
2023-12-08 12:15:31,043 [pavalam] Error number: [8] 
 Error Description: [Array to string conversion] 
 Error File: [D:\xampp\htdocs\POSSales\insert_date_sales.php] 
 Error Line: [54]
2023-12-08 12:17:18,993 [pavalam] Error number: [2] 
 Error Description: [Use of undefined constant JSON - assumed 'JSON' (this will throw an Error in a future version of PHP)] 
 Error File: [D:\xampp\htdocs\POSSales\insert_date_sales.php] 
 Error Line: [53]
2023-12-08 12:30:30,653 [pavalam] Error number: [2] 
 Error Description: [Invalid argument supplied for foreach()] 
 Error File: [D:\xampp\htdocs\POSSales\insert_date_sales.php] 
 Error Line: [60]
2023-12-08 12:34:23,342 [pavalam] Error number: [2] 
 Error Description: [Invalid argument supplied for foreach()] 
 Error File: [D:\xampp\htdocs\POSSales\insert_date_sales.php] 
 Error Line: [61]
2023-12-08 12:41:53,545 [pavalam] Error number: [2] 
 Error Description: [Invalid argument supplied for foreach()] 
 Error File: [D:\xampp\htdocs\POSSales\insert_date_sales.php] 
 Error Line: [61]
2023-12-08 12:42:49,702 [pavalam] Error number: [2] 
 Error Description: [Invalid argument supplied for foreach()] 
 Error File: [D:\xampp\htdocs\POSSales\insert_date_sales.php] 
 Error Line: [62]
2023-12-08 12:43:07,039 [pavalam] Error number: [2] 
 Error Description: [Invalid argument supplied for foreach()] 
 Error File: [D:\xampp\htdocs\POSSales\insert_date_sales.php] 
 Error Line: [62]
2023-12-08 12:43:35,877 [pavalam] Error number: [8] 
 Error Description: [Array to string conversion] 
 Error File: [D:\xampp\htdocs\POSSales\insert_date_sales.php] 
 Error Line: [60]
2023-12-08 12:43:35,878 [pavalam] Error number: [2] 
 Error Description: [Invalid argument supplied for foreach()] 
 Error File: [D:\xampp\htdocs\POSSales\insert_date_sales.php] 
 Error Line: [62]
2023-12-08 12:44:00,638 [pavalam] Error number: [2] 
 Error Description: [Invalid argument supplied for foreach()] 
 Error File: [D:\xampp\htdocs\POSSales\insert_date_sales.php] 
 Error Line: [62]
2023-12-08 12:44:18,542 [pavalam] Error number: [2] 
 Error Description: [Invalid argument supplied for foreach()] 
 Error File: [D:\xampp\htdocs\POSSales\insert_date_sales.php] 
 Error Line: [61]
2023-12-08 12:44:51,613 [pavalam] Error number: [2] 
 Error Description: [Invalid argument supplied for foreach()] 
 Error File: [D:\xampp\htdocs\POSSales\insert_date_sales.php] 
 Error Line: [61]
2023-12-08 12:45:18,362 [pavalam] Error number: [2] 
 Error Description: [Invalid argument supplied for foreach()] 
 Error File: [D:\xampp\htdocs\POSSales\insert_date_sales.php] 
 Error Line: [61]
2023-12-08 12:47:33,742 [pavalam] Error number: [2] 
 Error Description: [Invalid argument supplied for foreach()] 
 Error File: [D:\xampp\htdocs\POSSales\insert_date_sales.php] 
 Error Line: [61]
2023-12-08 12:48:02,661 [pavalam] Error number: [2] 
 Error Description: [Invalid argument supplied for foreach()] 
 Error File: [D:\xampp\htdocs\POSSales\insert_date_sales.php] 
 Error Line: [62]
2023-12-08 12:48:22,960 [pavalam] Error number: [2] 
 Error Description: [Invalid argument supplied for foreach()] 
 Error File: [D:\xampp\htdocs\POSSales\insert_date_sales.php] 
 Error Line: [62]
2023-12-08 12:48:48,316 [pavalam] Error number: [2] 
 Error Description: [Invalid argument supplied for foreach()] 
 Error File: [D:\xampp\htdocs\POSSales\insert_date_sales.php] 
 Error Line: [62]
2023-12-08 12:50:16,389 [pavalam] Error number: [2] 
 Error Description: [Invalid argument supplied for foreach()] 
 Error File: [D:\xampp\htdocs\POSSales\insert_date_sales.php] 
 Error Line: [62]
2023-12-08 12:51:33,395 [pavalam] Error number: [8] 
 Error Description: [Undefined variable: res] 
 Error File: [D:\xampp\htdocs\POSSales\insert_date_sales.php] 
 Error Line: [60]
2023-12-08 12:51:33,397 [pavalam] Error number: [2] 
 Error Description: [Invalid argument supplied for foreach()] 
 Error File: [D:\xampp\htdocs\POSSales\insert_date_sales.php] 
 Error Line: [62]
2023-12-08 12:52:06,738 [pavalam] Error number: [2] 
 Error Description: [Invalid argument supplied for foreach()] 
 Error File: [D:\xampp\htdocs\POSSales\insert_date_sales.php] 
 Error Line: [62]
2023-12-08 12:52:31,871 [pavalam] Error number: [2] 
 Error Description: [Invalid argument supplied for foreach()] 
 Error File: [D:\xampp\htdocs\POSSales\insert_date_sales.php] 
 Error Line: [62]
2023-12-08 12:52:42,362 [pavalam] Error number: [2] 
 Error Description: [Invalid argument supplied for foreach()] 
 Error File: [D:\xampp\htdocs\POSSales\insert_date_sales.php] 
 Error Line: [62]
2023-12-08 12:53:30,356 [pavalam] Error number: [2] 
 Error Description: [Invalid argument supplied for foreach()] 
 Error File: [D:\xampp\htdocs\POSSales\insert_date_sales.php] 
 Error Line: [62]
2023-12-08 12:53:49,101 [pavalam] Error number: [2] 
 Error Description: [Invalid argument supplied for foreach()] 
 Error File: [D:\xampp\htdocs\POSSales\insert_date_sales.php] 
 Error Line: [62]
2023-12-08 12:54:52,653 [pavalam] Error number: [2] 
 Error Description: [mysqli_connect(): (HY000/2002): A connection attempt failed because the connected party did not properly respond after a period of time, or established connection failed because connected host has failed to respond.
] 
 Error File: [D:\xampp\htdocs\POSSales\insert_date_sales.php] 
 Error Line: [48]
2023-12-08 12:54:52,655 [pavalam] Error number: [2] 
 Error Description: [mysqli_error() expects parameter 1 to be mysqli, bool given] 
 Error File: [D:\xampp\htdocs\POSSales\insert_date_sales.php] 
 Error Line: [48]
2023-12-08 12:54:53,706 [pavalam] Error number: [2] 
 Error Description: [mysqli_connect(): (HY000/2002): A socket operation was attempted to an unreachable host.
] 
 Error File: [D:\xampp\htdocs\POSSales\insert_date_sales.php] 
 Error Line: [48]
2023-12-08 12:54:53,708 [pavalam] Error number: [2] 
 Error Description: [mysqli_error() expects parameter 1 to be mysqli, bool given] 
 Error File: [D:\xampp\htdocs\POSSales\insert_date_sales.php] 
 Error Line: [48]
2023-12-08 12:55:25,567 [pavalam] Error number: [8] 
 Error Description: [Array to string conversion] 
 Error File: [D:\xampp\htdocs\POSSales\insert_date_sales.php] 
 Error Line: [61]
2023-12-08 12:55:25,568 [pavalam] Error number: [2] 
 Error Description: [Invalid argument supplied for foreach()] 
 Error File: [D:\xampp\htdocs\POSSales\insert_date_sales.php] 
 Error Line: [62]
2023-12-08 12:57:42,372 [pavalam] Error number: [2] 
 Error Description: [Invalid argument supplied for foreach()] 
 Error File: [D:\xampp\htdocs\POSSales\insert_date_sales.php] 
 Error Line: [63]
2023-12-08 12:58:25,499 [pavalam] Error number: [2] 
 Error Description: [Invalid argument supplied for foreach()] 
 Error File: [D:\xampp\htdocs\POSSales\insert_date_sales.php] 
 Error Line: [64]
2023-12-08 12:58:50,477 [pavalam] Error number: [2] 
 Error Description: [Invalid argument supplied for foreach()] 
 Error File: [D:\xampp\htdocs\POSSales\insert_date_sales.php] 
 Error Line: [64]
2023-12-08 12:59:33,693 [pavalam] Error number: [2] 
 Error Description: [Invalid argument supplied for foreach()] 
 Error File: [D:\xampp\htdocs\POSSales\insert_date_sales.php] 
 Error Line: [65]
2023-12-08 13:01:15,165 [pavalam] Error number: [2] 
 Error Description: [Invalid argument supplied for foreach()] 
 Error File: [D:\xampp\htdocs\POSSales\insert_date_sales.php] 
 Error Line: [62]
2023-12-08 13:01:53,526 [pavalam] Error number: [2] 
 Error Description: [Invalid argument supplied for foreach()] 
 Error File: [D:\xampp\htdocs\POSSales\insert_date_sales.php] 
 Error Line: [62]
2023-12-08 13:02:15,560 [pavalam] Error number: [8] 
 Error Description: [Undefined variable: data] 
 Error File: [D:\xampp\htdocs\POSSales\insert_date_sales.php] 
 Error Line: [54]
2023-12-08 13:02:15,561 [pavalam] Error number: [8] 
 Error Description: [Undefined variable: data] 
 Error File: [D:\xampp\htdocs\POSSales\insert_date_sales.php] 
 Error Line: [62]
2023-12-08 13:02:15,561 [pavalam] Error number: [2] 
 Error Description: [Invalid argument supplied for foreach()] 
 Error File: [D:\xampp\htdocs\POSSales\insert_date_sales.php] 
 Error Line: [62]
2023-12-08 13:02:31,016 [pavalam] Error number: [8] 
 Error Description: [Undefined variable: data] 
 Error File: [D:\xampp\htdocs\POSSales\insert_date_sales.php] 
 Error Line: [62]
2023-12-08 13:02:31,017 [pavalam] Error number: [2] 
 Error Description: [Invalid argument supplied for foreach()] 
 Error File: [D:\xampp\htdocs\POSSales\insert_date_sales.php] 
 Error Line: [62]
2023-12-08 13:02:55,355 [pavalam] Error number: [2] 
 Error Description: [Invalid argument supplied for foreach()] 
 Error File: [D:\xampp\htdocs\POSSales\insert_date_sales.php] 
 Error Line: [62]
2023-12-08 13:03:20,340 [pavalam] Error number: [2] 
 Error Description: [Invalid argument supplied for foreach()] 
 Error File: [D:\xampp\htdocs\POSSales\insert_date_sales.php] 
 Error Line: [62]
2023-12-08 13:03:54,503 [pavalam] Error number: [2] 
 Error Description: [Invalid argument supplied for foreach()] 
 Error File: [D:\xampp\htdocs\POSSales\insert_date_sales.php] 
 Error Line: [62]
2023-12-08 13:04:08,223 [pavalam] Error number: [8] 
 Error Description: [Array to string conversion] 
 Error File: [D:\xampp\htdocs\POSSales\insert_date_sales.php] 
 Error Line: [54]
2023-12-08 13:04:08,224 [pavalam] Error number: [2] 
 Error Description: [Invalid argument supplied for foreach()] 
 Error File: [D:\xampp\htdocs\POSSales\insert_date_sales.php] 
 Error Line: [62]
2023-12-08 13:04:33,050 [pavalam] Error number: [2] 
 Error Description: [Invalid argument supplied for foreach()] 
 Error File: [D:\xampp\htdocs\POSSales\insert_date_sales.php] 
 Error Line: [62]
