2021-10-21 09:53:47,002 [pavalam] Error number: [8] 
 Error Description: [Undefined variable: l] 
 Error File: [/home/shivasof/public_html/fosws.trio-s.com/db_config.php] 
 Error Line: [8]
2021-10-21 09:53:47,005 [pavalam] Error number: [2] 
 Error Description: [mysqli_connect(): (28000/1045): Access denied for user 'shivasof_fos'@'localhost' (using password: YES)] 
 Error File: [/home/shivasof/public_html/fosws.trio-s.com/check_authorized.php] 
 Error Line: [15]
2021-10-21 09:53:47,006 [pavalam] Error number: [2] 
 Error Description: [mysqli_error() expects parameter 1 to be mysqli, boolean given] 
 Error File: [/home/shivasof/public_html/fosws.trio-s.com/check_authorized.php] 
 Error Line: [15]
2021-10-21 10:04:45,523 [pavalam] Error number: [8] 
 Error Description: [Undefined variable: l] 
 Error File: [/home/shivasof/public_html/fosws.trio-s.com/db_config.php] 
 Error Line: [8]
2021-10-21 10:04:45,524 [pavalam] Error number: [2] 
 Error Description: [mysqli_connect(): (28000/1045): Access denied for user 'shivasof_fos'@'localhost' (using password: YES)] 
 Error File: [/home/shivasof/public_html/fosws.trio-s.com/check_authorized.php] 
 Error Line: [15]
2021-10-21 10:04:45,525 [pavalam] Error number: [2] 
 Error Description: [mysqli_error() expects parameter 1 to be mysqli, boolean given] 
 Error File: [/home/shivasof/public_html/fosws.trio-s.com/check_authorized.php] 
 Error Line: [15]
2021-10-21 10:05:02,898 [pavalam] Error number: [8] 
 Error Description: [Undefined variable: l] 
 Error File: [/home/shivasof/public_html/fosws.trio-s.com/db_config.php] 
 Error Line: [8]
2021-10-21 10:05:02,899 [pavalam] Error number: [2] 
 Error Description: [mysqli_connect(): (28000/1045): Access denied for user 'shivasof_fos'@'localhost' (using password: YES)] 
 Error File: [/home/shivasof/public_html/fosws.trio-s.com/check_authorized.php] 
 Error Line: [15]
2021-10-21 10:05:02,899 [pavalam] Error number: [2] 
 Error Description: [mysqli_error() expects parameter 1 to be mysqli, boolean given] 
 Error File: [/home/shivasof/public_html/fosws.trio-s.com/check_authorized.php] 
 Error Line: [15]
2021-10-21 10:05:30,294 [pavalam] Error number: [8] 
 Error Description: [Undefined variable: l] 
 Error File: [/home/shivasof/public_html/fosws.trio-s.com/db_config.php] 
 Error Line: [8]
2021-10-21 10:05:30,295 [pavalam] Error number: [2] 
 Error Description: [mysqli_connect(): (28000/1045): Access denied for user 'shivasof_fos'@'localhost' (using password: YES)] 
 Error File: [/home/shivasof/public_html/fosws.trio-s.com/check_authorized.php] 
 Error Line: [15]
2021-10-21 10:05:30,296 [pavalam] Error number: [2] 
 Error Description: [mysqli_error() expects parameter 1 to be mysqli, boolean given] 
 Error File: [/home/shivasof/public_html/fosws.trio-s.com/check_authorized.php] 
 Error Line: [15]
2021-10-21 10:06:05,215 [pavalam] Error number: [8] 
 Error Description: [Undefined variable: l] 
 Error File: [/home/shivasof/public_html/fosws.trio-s.com/db_config.php] 
 Error Line: [8]
2021-10-21 10:06:05,216 [pavalam] Error number: [2] 
 Error Description: [mysqli_connect(): (28000/1045): Access denied for user 'shivasof_fos'@'localhost' (using password: YES)] 
 Error File: [/home/shivasof/public_html/fosws.trio-s.com/check_authorized.php] 
 Error Line: [15]
2021-10-21 10:06:05,216 [pavalam] Error number: [2] 
 Error Description: [mysqli_error() expects parameter 1 to be mysqli, boolean given] 
 Error File: [/home/shivasof/public_html/fosws.trio-s.com/check_authorized.php] 
 Error Line: [15]
2021-10-21 10:11:14,065 [pavalam] Error number: [8] 
 Error Description: [Undefined variable: l] 
 Error File: [/home/shivasof/public_html/fosws.trio-s.com/db_config.php] 
 Error Line: [8]
2021-10-21 10:11:14,066 [pavalam] Error number: [2] 
 Error Description: [mysqli_connect(): (28000/1045): Access denied for user 'shivasof_fos'@'localhost' (using password: YES)] 
 Error File: [/home/shivasof/public_html/fosws.trio-s.com/login.php] 
 Error Line: [15]
2021-10-21 10:11:14,067 [pavalam] Error number: [2] 
 Error Description: [mysqli_error() expects parameter 1 to be mysqli, boolean given] 
 Error File: [/home/shivasof/public_html/fosws.trio-s.com/login.php] 
 Error Line: [15]
2021-10-21 10:28:14,987 [pavalam] Error number: [8] 
 Error Description: [Undefined variable: l] 
 Error File: [/home/shivasof/public_html/fosws.trio-s.com/db_config.php] 
 Error Line: [8]
2021-10-21 10:28:14,989 [pavalam] Error number: [2] 
 Error Description: [mysqli_connect(): (28000/1045): Access denied for user 'shivasof_fos'@'localhost' (using password: YES)] 
 Error File: [/home/shivasof/public_html/fosws.trio-s.com/login.php] 
 Error Line: [15]
2021-10-21 10:28:14,990 [pavalam] Error number: [2] 
 Error Description: [mysqli_error() expects parameter 1 to be mysqli, boolean given] 
 Error File: [/home/shivasof/public_html/fosws.trio-s.com/login.php] 
 Error Line: [15]
2021-10-21 10:28:16,635 [pavalam] Error number: [8] 
 Error Description: [Undefined variable: l] 
 Error File: [/home/shivasof/public_html/fosws.trio-s.com/db_config.php] 
 Error Line: [8]
2021-10-21 10:28:16,672 [pavalam] Error number: [2] 
 Error Description: [mysqli_connect(): (28000/1045): Access denied for user 'shivasof_fos'@'localhost' (using password: YES)] 
 Error File: [/home/shivasof/public_html/fosws.trio-s.com/login.php] 
 Error Line: [15]
2021-10-21 10:28:16,673 [pavalam] Error number: [2] 
 Error Description: [mysqli_error() expects parameter 1 to be mysqli, boolean given] 
 Error File: [/home/shivasof/public_html/fosws.trio-s.com/login.php] 
 Error Line: [15]
2021-10-21 10:31:57,687 [pavalam] Error number: [8] 
 Error Description: [Undefined variable: l] 
 Error File: [/home/shivasof/public_html/fosws.trio-s.com/db_config.php] 
 Error Line: [8]
2021-10-21 10:31:57,688 [pavalam] Error number: [2] 
 Error Description: [mysqli_connect(): (28000/1045): Access denied for user 'root'@'localhost' (using password: YES)] 
 Error File: [/home/shivasof/public_html/fosws.trio-s.com/login.php] 
 Error Line: [15]
2021-10-21 10:31:57,689 [pavalam] Error number: [2] 
 Error Description: [mysqli_error() expects parameter 1 to be mysqli, boolean given] 
 Error File: [/home/shivasof/public_html/fosws.trio-s.com/login.php] 
 Error Line: [15]
2021-10-21 10:33:35,110 [pavalam] Error number: [8] 
 Error Description: [Undefined variable: l] 
 Error File: [/home/shivasof/public_html/fosws.trio-s.com/db_config.php] 
 Error Line: [8]
2021-10-21 10:33:35,111 [pavalam] Error number: [2] 
 Error Description: [mysqli_connect(): (28000/1045): Access denied for user 'shivasof_fos'@'localhost' (using password: YES)] 
 Error File: [/home/shivasof/public_html/fosws.trio-s.com/login.php] 
 Error Line: [15]
2021-10-21 10:33:35,112 [pavalam] Error number: [2] 
 Error Description: [mysqli_error() expects parameter 1 to be mysqli, boolean given] 
 Error File: [/home/shivasof/public_html/fosws.trio-s.com/login.php] 
 Error Line: [15]
2021-10-21 10:34:58,558 [pavalam] Error number: [8] 
 Error Description: [Undefined variable: l] 
 Error File: [/home/shivasof/public_html/fosws.trio-s.com/db_config.php] 
 Error Line: [8]
2021-10-21 10:34:58,560 [pavalam] Error number: [2] 
 Error Description: [mysqli_connect(): (28000/1045): Access denied for user 'shivasof_fos'@'sg1-ss9.a2hosting.com' (using password: YES)] 
 Error File: [/home/shivasof/public_html/fosws.trio-s.com/login.php] 
 Error Line: [15]
2021-10-21 10:34:58,560 [pavalam] Error number: [2] 
 Error Description: [mysqli_error() expects parameter 1 to be mysqli, boolean given] 
 Error File: [/home/shivasof/public_html/fosws.trio-s.com/login.php] 
 Error Line: [15]
