2023-11-20 09:03:30,039 [pavalam] Error number: [8] 
 Error Description: [Undefined index: routename] 
 Error File: [E:\xampp\htdocs\fosapi\checkin.php] 
 Error Line: [24]
2023-11-20 09:03:30,050 [pavalam] Error number: [8] 
 Error Description: [Undefined index: modeoftravel] 
 Error File: [E:\xampp\htdocs\fosapi\checkin.php] 
 Error Line: [25]
2023-11-20 09:03:30,050 [pavalam] Error number: [8] 
 Error Description: [Undefined index: remarks] 
 Error File: [E:\xampp\htdocs\fosapi\checkin.php] 
 Error Line: [26]
2023-11-20 09:03:42,168 [pavalam] Error number: [8] 
 Error Description: [Undefined index: routename] 
 Error File: [E:\xampp\htdocs\fosapi\checkin.php] 
 Error Line: [24]
2023-11-20 09:03:42,168 [pavalam] Error number: [8] 
 Error Description: [Undefined index: modeoftravel] 
 Error File: [E:\xampp\htdocs\fosapi\checkin.php] 
 Error Line: [25]
2023-11-20 09:03:42,168 [pavalam] Error number: [8] 
 Error Description: [Undefined index: remarks] 
 Error File: [E:\xampp\htdocs\fosapi\checkin.php] 
 Error Line: [26]
2023-11-20 09:04:03,621 [pavalam] Error number: [8] 
 Error Description: [Undefined index: routename] 
 Error File: [E:\xampp\htdocs\fosapi\checkin.php] 
 Error Line: [24]
2023-11-20 09:04:03,621 [pavalam] Error number: [8] 
 Error Description: [Undefined index: modeoftravel] 
 Error File: [E:\xampp\htdocs\fosapi\checkin.php] 
 Error Line: [25]
2023-11-20 09:04:03,621 [pavalam] Error number: [8] 
 Error Description: [Undefined index: remarks] 
 Error File: [E:\xampp\htdocs\fosapi\checkin.php] 
 Error Line: [26]
2023-11-20 09:13:47,087 [pavalam] Error number: [8] 
 Error Description: [Undefined index: routename] 
 Error File: [E:\xampp\htdocs\fosapi\checkin.php] 
 Error Line: [24]
2023-11-20 09:13:47,087 [pavalam] Error number: [8] 
 Error Description: [Undefined index: modeoftravel] 
 Error File: [E:\xampp\htdocs\fosapi\checkin.php] 
 Error Line: [25]
2023-11-20 09:13:47,087 [pavalam] Error number: [8] 
 Error Description: [Undefined index: remarks] 
 Error File: [E:\xampp\htdocs\fosapi\checkin.php] 
 Error Line: [26]
2023-11-20 09:13:47,286 [pavalam] Error number: [8] 
 Error Description: [Undefined index: routename] 
 Error File: [E:\xampp\htdocs\fosapi\checkin.php] 
 Error Line: [24]
2023-11-20 09:13:47,286 [pavalam] Error number: [8] 
 Error Description: [Undefined index: modeoftravel] 
 Error File: [E:\xampp\htdocs\fosapi\checkin.php] 
 Error Line: [25]
2023-11-20 09:13:47,286 [pavalam] Error number: [8] 
 Error Description: [Undefined index: remarks] 
 Error File: [E:\xampp\htdocs\fosapi\checkin.php] 
 Error Line: [26]
2023-11-20 09:13:47,567 [pavalam] Error number: [8] 
 Error Description: [Undefined index: routename] 
 Error File: [E:\xampp\htdocs\fosapi\checkin.php] 
 Error Line: [24]
2023-11-20 09:13:47,567 [pavalam] Error number: [8] 
 Error Description: [Undefined index: modeoftravel] 
 Error File: [E:\xampp\htdocs\fosapi\checkin.php] 
 Error Line: [25]
2023-11-20 09:13:47,567 [pavalam] Error number: [8] 
 Error Description: [Undefined index: remarks] 
 Error File: [E:\xampp\htdocs\fosapi\checkin.php] 
 Error Line: [26]
