2023-12-20 05:35:04,893 [pavalam] Error number: [2] 
 Error Description: [mysqli_fetch_array() expects parameter 1 to be mysqli_result, bool given] 
 Error File: [D:\xampp\htdocs\POSSales\sales_login.php] 
 Error Line: [65]
2023-12-20 05:35:10,865 [pavalam] Error number: [2] 
 Error Description: [mysqli_fetch_array() expects parameter 1 to be mysqli_result, bool given] 
 Error File: [D:\xampp\htdocs\POSSales\sales_login.php] 
 Error Line: [65]
2023-12-20 05:35:18,845 [pavalam] Error number: [2] 
 Error Description: [mysqli_fetch_array() expects parameter 1 to be mysqli_result, bool given] 
 Error File: [D:\xampp\htdocs\POSSales\sales_login.php] 
 Error Line: [65]
2023-12-20 05:35:34,745 [pavalam] Error number: [2] 
 Error Description: [mysqli_fetch_array() expects parameter 1 to be mysqli_result, bool given] 
 Error File: [D:\xampp\htdocs\POSSales\sales_login.php] 
 Error Line: [65]
2023-12-20 05:35:55,245 [pavalam] Error number: [2] 
 Error Description: [mysqli_fetch_array() expects parameter 1 to be mysqli_result, bool given] 
 Error File: [D:\xampp\htdocs\POSSales\sales_login.php] 
 Error Line: [65]
2023-12-20 06:00:18,560 [pavalam] Error number: [2] 
 Error Description: [mysqli_fetch_array() expects parameter 1 to be mysqli_result, bool given] 
 Error File: [D:\xampp\htdocs\POSSales\sales_login.php] 
 Error Line: [65]
2023-12-20 06:03:41,248 [pavalam] Error number: [2] 
 Error Description: [mysqli_fetch_array() expects parameter 1 to be mysqli_result, bool given] 
 Error File: [D:\xampp\htdocs\POSSales\sales_login.php] 
 Error Line: [65]
2023-12-20 06:04:01,152 [pavalam] Error number: [2] 
 Error Description: [mysqli_fetch_array() expects parameter 1 to be mysqli_result, bool given] 
 Error File: [D:\xampp\htdocs\POSSales\sales_login.php] 
 Error Line: [65]
2023-12-20 06:04:07,901 [pavalam] Error number: [2] 
 Error Description: [mysqli_fetch_array() expects parameter 1 to be mysqli_result, bool given] 
 Error File: [D:\xampp\htdocs\POSSales\sales_login.php] 
 Error Line: [65]
2023-12-20 06:04:08,024 [pavalam] Error number: [2] 
 Error Description: [mysqli_fetch_array() expects parameter 1 to be mysqli_result, bool given] 
 Error File: [D:\xampp\htdocs\POSSales\sales_login.php] 
 Error Line: [65]
2023-12-20 06:04:08,028 [pavalam] Error number: [2] 
 Error Description: [mysqli_fetch_array() expects parameter 1 to be mysqli_result, bool given] 
 Error File: [D:\xampp\htdocs\POSSales\sales_login.php] 
 Error Line: [65]
2023-12-20 06:04:08,167 [pavalam] Error number: [2] 
 Error Description: [mysqli_fetch_array() expects parameter 1 to be mysqli_result, bool given] 
 Error File: [D:\xampp\htdocs\POSSales\sales_login.php] 
 Error Line: [65]
2023-12-20 06:04:08,360 [pavalam] Error number: [2] 
 Error Description: [mysqli_fetch_array() expects parameter 1 to be mysqli_result, bool given] 
 Error File: [D:\xampp\htdocs\POSSales\sales_login.php] 
 Error Line: [65]
2023-12-20 06:04:08,373 [pavalam] Error number: [2] 
 Error Description: [mysqli_fetch_array() expects parameter 1 to be mysqli_result, bool given] 
 Error File: [D:\xampp\htdocs\POSSales\sales_login.php] 
 Error Line: [65]
2023-12-20 06:10:25,320 [pavalam] Error number: [8] 
 Error Description: [Trying to get property 'clientid' of non-object] 
 Error File: [D:\xampp\htdocs\POSSales\get_last_sync.php] 
 Error Line: [20]
2023-12-20 06:10:25,324 [pavalam] Error number: [2] 
 Error Description: [mysqli_fetch_array() expects parameter 1 to be mysqli_result, bool given] 
 Error File: [D:\xampp\htdocs\POSSales\get_last_sync.php] 
 Error Line: [23]
2023-12-20 06:11:25,429 [pavalam] Error number: [8] 
 Error Description: [Trying to get property 'clientid' of non-object] 
 Error File: [D:\xampp\htdocs\POSSales\get_last_sync.php] 
 Error Line: [20]
2023-12-20 06:11:25,433 [pavalam] Error number: [2] 
 Error Description: [mysqli_fetch_array() expects parameter 1 to be mysqli_result, bool given] 
 Error File: [D:\xampp\htdocs\POSSales\get_last_sync.php] 
 Error Line: [23]
2023-12-20 06:12:25,393 [pavalam] Error number: [8] 
 Error Description: [Trying to get property 'clientid' of non-object] 
 Error File: [D:\xampp\htdocs\POSSales\get_last_sync.php] 
 Error Line: [20]
2023-12-20 06:12:25,397 [pavalam] Error number: [2] 
 Error Description: [mysqli_fetch_array() expects parameter 1 to be mysqli_result, bool given] 
 Error File: [D:\xampp\htdocs\POSSales\get_last_sync.php] 
 Error Line: [23]
2023-12-20 06:13:25,426 [pavalam] Error number: [8] 
 Error Description: [Trying to get property 'clientid' of non-object] 
 Error File: [D:\xampp\htdocs\POSSales\get_last_sync.php] 
 Error Line: [20]
2023-12-20 06:13:25,429 [pavalam] Error number: [2] 
 Error Description: [mysqli_fetch_array() expects parameter 1 to be mysqli_result, bool given] 
 Error File: [D:\xampp\htdocs\POSSales\get_last_sync.php] 
 Error Line: [23]
2023-12-20 06:14:25,392 [pavalam] Error number: [8] 
 Error Description: [Trying to get property 'clientid' of non-object] 
 Error File: [D:\xampp\htdocs\POSSales\get_last_sync.php] 
 Error Line: [20]
2023-12-20 06:14:25,395 [pavalam] Error number: [2] 
 Error Description: [mysqli_fetch_array() expects parameter 1 to be mysqli_result, bool given] 
 Error File: [D:\xampp\htdocs\POSSales\get_last_sync.php] 
 Error Line: [23]
2023-12-20 06:15:25,402 [pavalam] Error number: [8] 
 Error Description: [Trying to get property 'clientid' of non-object] 
 Error File: [D:\xampp\htdocs\POSSales\get_last_sync.php] 
 Error Line: [20]
2023-12-20 06:15:25,405 [pavalam] Error number: [2] 
 Error Description: [mysqli_fetch_array() expects parameter 1 to be mysqli_result, bool given] 
 Error File: [D:\xampp\htdocs\POSSales\get_last_sync.php] 
 Error Line: [23]
2023-12-20 06:17:01,396 [pavalam] Error number: [8] 
 Error Description: [Trying to get property 'clientid' of non-object] 
 Error File: [D:\xampp\htdocs\POSSales\get_last_sync.php] 
 Error Line: [20]
2023-12-20 06:17:01,402 [pavalam] Error number: [2] 
 Error Description: [mysqli_fetch_array() expects parameter 1 to be mysqli_result, bool given] 
 Error File: [D:\xampp\htdocs\POSSales\get_last_sync.php] 
 Error Line: [23]
2023-12-20 06:17:54,814 [pavalam] Error number: [8] 
 Error Description: [Trying to get property 'clientid' of non-object] 
 Error File: [D:\xampp\htdocs\POSSales\get_last_sync.php] 
 Error Line: [20]
2023-12-20 06:17:54,819 [pavalam] Error number: [2] 
 Error Description: [mysqli_fetch_array() expects parameter 1 to be mysqli_result, bool given] 
 Error File: [D:\xampp\htdocs\POSSales\get_last_sync.php] 
 Error Line: [23]
2023-12-20 06:18:51,827 [pavalam] Error number: [8] 
 Error Description: [Trying to get property 'clientid' of non-object] 
 Error File: [D:\xampp\htdocs\POSSales\get_last_sync.php] 
 Error Line: [20]
2023-12-20 06:18:51,832 [pavalam] Error number: [2] 
 Error Description: [mysqli_fetch_array() expects parameter 1 to be mysqli_result, bool given] 
 Error File: [D:\xampp\htdocs\POSSales\get_last_sync.php] 
 Error Line: [23]
2023-12-20 06:19:52,744 [pavalam] Error number: [8] 
 Error Description: [Trying to get property 'clientid' of non-object] 
 Error File: [D:\xampp\htdocs\POSSales\get_last_sync.php] 
 Error Line: [20]
2023-12-20 06:19:52,747 [pavalam] Error number: [2] 
 Error Description: [mysqli_fetch_array() expects parameter 1 to be mysqli_result, bool given] 
 Error File: [D:\xampp\htdocs\POSSales\get_last_sync.php] 
 Error Line: [23]
2023-12-20 06:20:52,631 [pavalam] Error number: [8] 
 Error Description: [Trying to get property 'clientid' of non-object] 
 Error File: [D:\xampp\htdocs\POSSales\get_last_sync.php] 
 Error Line: [20]
2023-12-20 06:20:52,844 [pavalam] Error number: [2] 
 Error Description: [mysqli_fetch_array() expects parameter 1 to be mysqli_result, bool given] 
 Error File: [D:\xampp\htdocs\POSSales\get_last_sync.php] 
 Error Line: [23]
2023-12-20 06:21:52,962 [pavalam] Error number: [8] 
 Error Description: [Trying to get property 'clientid' of non-object] 
 Error File: [D:\xampp\htdocs\POSSales\get_last_sync.php] 
 Error Line: [20]
2023-12-20 06:21:53,253 [pavalam] Error number: [2] 
 Error Description: [mysqli_fetch_array() expects parameter 1 to be mysqli_result, bool given] 
 Error File: [D:\xampp\htdocs\POSSales\get_last_sync.php] 
 Error Line: [23]
2023-12-20 06:22:52,402 [pavalam] Error number: [8] 
 Error Description: [Trying to get property 'clientid' of non-object] 
 Error File: [D:\xampp\htdocs\POSSales\get_last_sync.php] 
 Error Line: [20]
2023-12-20 06:22:52,420 [pavalam] Error number: [2] 
 Error Description: [mysqli_fetch_array() expects parameter 1 to be mysqli_result, bool given] 
 Error File: [D:\xampp\htdocs\POSSales\get_last_sync.php] 
 Error Line: [23]
2023-12-20 06:23:52,422 [pavalam] Error number: [8] 
 Error Description: [Trying to get property 'clientid' of non-object] 
 Error File: [D:\xampp\htdocs\POSSales\get_last_sync.php] 
 Error Line: [20]
2023-12-20 06:23:52,429 [pavalam] Error number: [2] 
 Error Description: [mysqli_fetch_array() expects parameter 1 to be mysqli_result, bool given] 
 Error File: [D:\xampp\htdocs\POSSales\get_last_sync.php] 
 Error Line: [23]
2023-12-20 06:24:52,718 [pavalam] Error number: [8] 
 Error Description: [Trying to get property 'clientid' of non-object] 
 Error File: [D:\xampp\htdocs\POSSales\get_last_sync.php] 
 Error Line: [20]
2023-12-20 06:24:52,722 [pavalam] Error number: [2] 
 Error Description: [mysqli_fetch_array() expects parameter 1 to be mysqli_result, bool given] 
 Error File: [D:\xampp\htdocs\POSSales\get_last_sync.php] 
 Error Line: [23]
2023-12-20 06:25:53,054 [pavalam] Error number: [8] 
 Error Description: [Trying to get property 'clientid' of non-object] 
 Error File: [D:\xampp\htdocs\POSSales\get_last_sync.php] 
 Error Line: [20]
2023-12-20 06:25:53,058 [pavalam] Error number: [2] 
 Error Description: [mysqli_fetch_array() expects parameter 1 to be mysqli_result, bool given] 
 Error File: [D:\xampp\htdocs\POSSales\get_last_sync.php] 
 Error Line: [23]
2023-12-20 06:26:52,451 [pavalam] Error number: [8] 
 Error Description: [Trying to get property 'clientid' of non-object] 
 Error File: [D:\xampp\htdocs\POSSales\get_last_sync.php] 
 Error Line: [20]
2023-12-20 06:26:52,454 [pavalam] Error number: [2] 
 Error Description: [mysqli_fetch_array() expects parameter 1 to be mysqli_result, bool given] 
 Error File: [D:\xampp\htdocs\POSSales\get_last_sync.php] 
 Error Line: [23]
2023-12-20 06:27:52,726 [pavalam] Error number: [8] 
 Error Description: [Trying to get property 'clientid' of non-object] 
 Error File: [D:\xampp\htdocs\POSSales\get_last_sync.php] 
 Error Line: [20]
2023-12-20 06:27:52,729 [pavalam] Error number: [2] 
 Error Description: [mysqli_fetch_array() expects parameter 1 to be mysqli_result, bool given] 
 Error File: [D:\xampp\htdocs\POSSales\get_last_sync.php] 
 Error Line: [23]
2023-12-20 06:29:28,379 [pavalam] Error number: [8] 
 Error Description: [Trying to get property 'clientid' of non-object] 
 Error File: [D:\xampp\htdocs\POSSales\get_last_sync.php] 
 Error Line: [20]
2023-12-20 06:29:28,384 [pavalam] Error number: [2] 
 Error Description: [mysqli_fetch_array() expects parameter 1 to be mysqli_result, bool given] 
 Error File: [D:\xampp\htdocs\POSSales\get_last_sync.php] 
 Error Line: [23]
2023-12-20 06:30:23,402 [pavalam] Error number: [8] 
 Error Description: [Trying to get property 'clientid' of non-object] 
 Error File: [D:\xampp\htdocs\POSSales\get_last_sync.php] 
 Error Line: [20]
2023-12-20 06:30:23,405 [pavalam] Error number: [2] 
 Error Description: [mysqli_fetch_array() expects parameter 1 to be mysqli_result, bool given] 
 Error File: [D:\xampp\htdocs\POSSales\get_last_sync.php] 
 Error Line: [23]
2023-12-20 06:31:23,413 [pavalam] Error number: [8] 
 Error Description: [Trying to get property 'clientid' of non-object] 
 Error File: [D:\xampp\htdocs\POSSales\get_last_sync.php] 
 Error Line: [20]
2023-12-20 06:31:23,416 [pavalam] Error number: [2] 
 Error Description: [mysqli_fetch_array() expects parameter 1 to be mysqli_result, bool given] 
 Error File: [D:\xampp\htdocs\POSSales\get_last_sync.php] 
 Error Line: [23]
2023-12-20 06:32:23,508 [pavalam] Error number: [8] 
 Error Description: [Trying to get property 'clientid' of non-object] 
 Error File: [D:\xampp\htdocs\POSSales\get_last_sync.php] 
 Error Line: [20]
2023-12-20 06:32:23,511 [pavalam] Error number: [2] 
 Error Description: [mysqli_fetch_array() expects parameter 1 to be mysqli_result, bool given] 
 Error File: [D:\xampp\htdocs\POSSales\get_last_sync.php] 
 Error Line: [23]
2023-12-20 06:33:23,414 [pavalam] Error number: [8] 
 Error Description: [Trying to get property 'clientid' of non-object] 
 Error File: [D:\xampp\htdocs\POSSales\get_last_sync.php] 
 Error Line: [20]
2023-12-20 06:33:23,418 [pavalam] Error number: [2] 
 Error Description: [mysqli_fetch_array() expects parameter 1 to be mysqli_result, bool given] 
 Error File: [D:\xampp\htdocs\POSSales\get_last_sync.php] 
 Error Line: [23]
2023-12-20 06:34:08,420 [pavalam] Error number: [8] 
 Error Description: [Trying to get property 'clientid' of non-object] 
 Error File: [D:\xampp\htdocs\POSSales\get_last_sync.php] 
 Error Line: [20]
2023-12-20 06:34:08,425 [pavalam] Error number: [2] 
 Error Description: [mysqli_fetch_array() expects parameter 1 to be mysqli_result, bool given] 
 Error File: [D:\xampp\htdocs\POSSales\get_last_sync.php] 
 Error Line: [23]
2023-12-20 07:13:55,471 [pavalam] Error number: [8] 
 Error Description: [Trying to get property 'clientid' of non-object] 
 Error File: [D:\xampp\htdocs\POSSales\get_last_sync.php] 
 Error Line: [20]
2023-12-20 07:13:55,476 [pavalam] Error number: [2] 
 Error Description: [mysqli_fetch_array() expects parameter 1 to be mysqli_result, bool given] 
 Error File: [D:\xampp\htdocs\POSSales\get_last_sync.php] 
 Error Line: [23]
2023-12-20 07:55:39,474 [pavalam] Error number: [8] 
 Error Description: [Trying to get property 'clientid' of non-object] 
 Error File: [D:\xampp\htdocs\POSSales\get_last_sync.php] 
 Error Line: [20]
2023-12-20 07:55:39,482 [pavalam] Error number: [2] 
 Error Description: [mysqli_fetch_array() expects parameter 1 to be mysqli_result, bool given] 
 Error File: [D:\xampp\htdocs\POSSales\get_last_sync.php] 
 Error Line: [23]
2023-12-20 07:56:39,433 [pavalam] Error number: [8] 
 Error Description: [Trying to get property 'clientid' of non-object] 
 Error File: [D:\xampp\htdocs\POSSales\get_last_sync.php] 
 Error Line: [20]
2023-12-20 07:56:39,436 [pavalam] Error number: [2] 
 Error Description: [mysqli_fetch_array() expects parameter 1 to be mysqli_result, bool given] 
 Error File: [D:\xampp\htdocs\POSSales\get_last_sync.php] 
 Error Line: [23]
2023-12-20 07:57:39,437 [pavalam] Error number: [8] 
 Error Description: [Trying to get property 'clientid' of non-object] 
 Error File: [D:\xampp\htdocs\POSSales\get_last_sync.php] 
 Error Line: [20]
2023-12-20 07:57:39,439 [pavalam] Error number: [2] 
 Error Description: [mysqli_fetch_array() expects parameter 1 to be mysqli_result, bool given] 
 Error File: [D:\xampp\htdocs\POSSales\get_last_sync.php] 
 Error Line: [23]
2023-12-20 07:57:57,573 [pavalam] Error number: [8] 
 Error Description: [Trying to get property 'clientid' of non-object] 
 Error File: [D:\xampp\htdocs\POSSales\get_last_sync.php] 
 Error Line: [20]
2023-12-20 07:57:57,576 [pavalam] Error number: [2] 
 Error Description: [mysqli_fetch_array() expects parameter 1 to be mysqli_result, bool given] 
 Error File: [D:\xampp\htdocs\POSSales\get_last_sync.php] 
 Error Line: [23]
2023-12-20 07:58:39,458 [pavalam] Error number: [8] 
 Error Description: [Trying to get property 'clientid' of non-object] 
 Error File: [D:\xampp\htdocs\POSSales\get_last_sync.php] 
 Error Line: [20]
2023-12-20 07:58:39,462 [pavalam] Error number: [2] 
 Error Description: [mysqli_fetch_array() expects parameter 1 to be mysqli_result, bool given] 
 Error File: [D:\xampp\htdocs\POSSales\get_last_sync.php] 
 Error Line: [23]
2023-12-20 07:58:57,591 [pavalam] Error number: [8] 
 Error Description: [Trying to get property 'clientid' of non-object] 
 Error File: [D:\xampp\htdocs\POSSales\get_last_sync.php] 
 Error Line: [20]
2023-12-20 07:58:57,597 [pavalam] Error number: [2] 
 Error Description: [mysqli_fetch_array() expects parameter 1 to be mysqli_result, bool given] 
 Error File: [D:\xampp\htdocs\POSSales\get_last_sync.php] 
 Error Line: [23]
2023-12-20 07:59:39,429 [pavalam] Error number: [8] 
 Error Description: [Trying to get property 'clientid' of non-object] 
 Error File: [D:\xampp\htdocs\POSSales\get_last_sync.php] 
 Error Line: [20]
2023-12-20 07:59:39,434 [pavalam] Error number: [2] 
 Error Description: [mysqli_fetch_array() expects parameter 1 to be mysqli_result, bool given] 
 Error File: [D:\xampp\htdocs\POSSales\get_last_sync.php] 
 Error Line: [23]
2023-12-20 07:59:57,624 [pavalam] Error number: [8] 
 Error Description: [Trying to get property 'clientid' of non-object] 
 Error File: [D:\xampp\htdocs\POSSales\get_last_sync.php] 
 Error Line: [20]
2023-12-20 07:59:57,631 [pavalam] Error number: [2] 
 Error Description: [mysqli_fetch_array() expects parameter 1 to be mysqli_result, bool given] 
 Error File: [D:\xampp\htdocs\POSSales\get_last_sync.php] 
 Error Line: [23]
2023-12-20 08:00:39,446 [pavalam] Error number: [8] 
 Error Description: [Trying to get property 'clientid' of non-object] 
 Error File: [D:\xampp\htdocs\POSSales\get_last_sync.php] 
 Error Line: [20]
2023-12-20 08:00:39,448 [pavalam] Error number: [2] 
 Error Description: [mysqli_fetch_array() expects parameter 1 to be mysqli_result, bool given] 
 Error File: [D:\xampp\htdocs\POSSales\get_last_sync.php] 
 Error Line: [23]
2023-12-20 08:00:57,623 [pavalam] Error number: [8] 
 Error Description: [Trying to get property 'clientid' of non-object] 
 Error File: [D:\xampp\htdocs\POSSales\get_last_sync.php] 
 Error Line: [20]
2023-12-20 08:00:57,627 [pavalam] Error number: [2] 
 Error Description: [mysqli_fetch_array() expects parameter 1 to be mysqli_result, bool given] 
 Error File: [D:\xampp\htdocs\POSSales\get_last_sync.php] 
 Error Line: [23]
2023-12-20 08:01:39,431 [pavalam] Error number: [8] 
 Error Description: [Trying to get property 'clientid' of non-object] 
 Error File: [D:\xampp\htdocs\POSSales\get_last_sync.php] 
 Error Line: [20]
2023-12-20 08:01:39,434 [pavalam] Error number: [2] 
 Error Description: [mysqli_fetch_array() expects parameter 1 to be mysqli_result, bool given] 
 Error File: [D:\xampp\htdocs\POSSales\get_last_sync.php] 
 Error Line: [23]
2023-12-20 08:01:57,604 [pavalam] Error number: [8] 
 Error Description: [Trying to get property 'clientid' of non-object] 
 Error File: [D:\xampp\htdocs\POSSales\get_last_sync.php] 
 Error Line: [20]
2023-12-20 08:01:57,608 [pavalam] Error number: [2] 
 Error Description: [mysqli_fetch_array() expects parameter 1 to be mysqli_result, bool given] 
 Error File: [D:\xampp\htdocs\POSSales\get_last_sync.php] 
 Error Line: [23]
2023-12-20 08:02:39,446 [pavalam] Error number: [8] 
 Error Description: [Trying to get property 'clientid' of non-object] 
 Error File: [D:\xampp\htdocs\POSSales\get_last_sync.php] 
 Error Line: [20]
2023-12-20 08:02:39,449 [pavalam] Error number: [2] 
 Error Description: [mysqli_fetch_array() expects parameter 1 to be mysqli_result, bool given] 
 Error File: [D:\xampp\htdocs\POSSales\get_last_sync.php] 
 Error Line: [23]
2023-12-20 08:02:57,599 [pavalam] Error number: [8] 
 Error Description: [Trying to get property 'clientid' of non-object] 
 Error File: [D:\xampp\htdocs\POSSales\get_last_sync.php] 
 Error Line: [20]
2023-12-20 08:02:57,601 [pavalam] Error number: [2] 
 Error Description: [mysqli_fetch_array() expects parameter 1 to be mysqli_result, bool given] 
 Error File: [D:\xampp\htdocs\POSSales\get_last_sync.php] 
 Error Line: [23]
2023-12-20 08:03:39,446 [pavalam] Error number: [8] 
 Error Description: [Trying to get property 'clientid' of non-object] 
 Error File: [D:\xampp\htdocs\POSSales\get_last_sync.php] 
 Error Line: [20]
2023-12-20 08:03:39,449 [pavalam] Error number: [2] 
 Error Description: [mysqli_fetch_array() expects parameter 1 to be mysqli_result, bool given] 
 Error File: [D:\xampp\htdocs\POSSales\get_last_sync.php] 
 Error Line: [23]
2023-12-20 08:03:57,605 [pavalam] Error number: [8] 
 Error Description: [Trying to get property 'clientid' of non-object] 
 Error File: [D:\xampp\htdocs\POSSales\get_last_sync.php] 
 Error Line: [20]
2023-12-20 08:03:57,608 [pavalam] Error number: [2] 
 Error Description: [mysqli_fetch_array() expects parameter 1 to be mysqli_result, bool given] 
 Error File: [D:\xampp\htdocs\POSSales\get_last_sync.php] 
 Error Line: [23]
2023-12-20 08:04:39,446 [pavalam] Error number: [8] 
 Error Description: [Trying to get property 'clientid' of non-object] 
 Error File: [D:\xampp\htdocs\POSSales\get_last_sync.php] 
 Error Line: [20]
2023-12-20 08:04:39,448 [pavalam] Error number: [2] 
 Error Description: [mysqli_fetch_array() expects parameter 1 to be mysqli_result, bool given] 
 Error File: [D:\xampp\htdocs\POSSales\get_last_sync.php] 
 Error Line: [23]
2023-12-20 08:04:57,602 [pavalam] Error number: [8] 
 Error Description: [Trying to get property 'clientid' of non-object] 
 Error File: [D:\xampp\htdocs\POSSales\get_last_sync.php] 
 Error Line: [20]
2023-12-20 08:04:57,605 [pavalam] Error number: [2] 
 Error Description: [mysqli_fetch_array() expects parameter 1 to be mysqli_result, bool given] 
 Error File: [D:\xampp\htdocs\POSSales\get_last_sync.php] 
 Error Line: [23]
2023-12-20 08:05:40,378 [pavalam] Error number: [8] 
 Error Description: [Trying to get property 'clientid' of non-object] 
 Error File: [D:\xampp\htdocs\POSSales\get_last_sync.php] 
 Error Line: [20]
2023-12-20 08:05:40,380 [pavalam] Error number: [2] 
 Error Description: [mysqli_fetch_array() expects parameter 1 to be mysqli_result, bool given] 
 Error File: [D:\xampp\htdocs\POSSales\get_last_sync.php] 
 Error Line: [23]
2023-12-20 08:05:58,402 [pavalam] Error number: [8] 
 Error Description: [Trying to get property 'clientid' of non-object] 
 Error File: [D:\xampp\htdocs\POSSales\get_last_sync.php] 
 Error Line: [20]
2023-12-20 08:05:58,405 [pavalam] Error number: [2] 
 Error Description: [mysqli_fetch_array() expects parameter 1 to be mysqli_result, bool given] 
 Error File: [D:\xampp\htdocs\POSSales\get_last_sync.php] 
 Error Line: [23]
2023-12-20 08:06:40,381 [pavalam] Error number: [8] 
 Error Description: [Trying to get property 'clientid' of non-object] 
 Error File: [D:\xampp\htdocs\POSSales\get_last_sync.php] 
 Error Line: [20]
2023-12-20 08:06:40,385 [pavalam] Error number: [2] 
 Error Description: [mysqli_fetch_array() expects parameter 1 to be mysqli_result, bool given] 
 Error File: [D:\xampp\htdocs\POSSales\get_last_sync.php] 
 Error Line: [23]
2023-12-20 08:06:58,404 [pavalam] Error number: [8] 
 Error Description: [Trying to get property 'clientid' of non-object] 
 Error File: [D:\xampp\htdocs\POSSales\get_last_sync.php] 
 Error Line: [20]
2023-12-20 08:06:58,407 [pavalam] Error number: [2] 
 Error Description: [mysqli_fetch_array() expects parameter 1 to be mysqli_result, bool given] 
 Error File: [D:\xampp\htdocs\POSSales\get_last_sync.php] 
 Error Line: [23]
2023-12-20 08:07:40,398 [pavalam] Error number: [8] 
 Error Description: [Trying to get property 'clientid' of non-object] 
 Error File: [D:\xampp\htdocs\POSSales\get_last_sync.php] 
 Error Line: [20]
2023-12-20 08:07:40,401 [pavalam] Error number: [2] 
 Error Description: [mysqli_fetch_array() expects parameter 1 to be mysqli_result, bool given] 
 Error File: [D:\xampp\htdocs\POSSales\get_last_sync.php] 
 Error Line: [23]
2023-12-20 08:07:58,402 [pavalam] Error number: [8] 
 Error Description: [Trying to get property 'clientid' of non-object] 
 Error File: [D:\xampp\htdocs\POSSales\get_last_sync.php] 
 Error Line: [20]
2023-12-20 08:07:58,408 [pavalam] Error number: [2] 
 Error Description: [mysqli_fetch_array() expects parameter 1 to be mysqli_result, bool given] 
 Error File: [D:\xampp\htdocs\POSSales\get_last_sync.php] 
 Error Line: [23]
2023-12-20 08:08:20,084 [pavalam] Error number: [8] 
 Error Description: [Trying to get property 'clientid' of non-object] 
 Error File: [D:\xampp\htdocs\POSSales\get_last_sync.php] 
 Error Line: [20]
2023-12-20 08:08:20,088 [pavalam] Error number: [2] 
 Error Description: [mysqli_fetch_array() expects parameter 1 to be mysqli_result, bool given] 
 Error File: [D:\xampp\htdocs\POSSales\get_last_sync.php] 
 Error Line: [23]
2023-12-20 08:08:39,424 [pavalam] Error number: [8] 
 Error Description: [Trying to get property 'clientid' of non-object] 
 Error File: [D:\xampp\htdocs\POSSales\get_last_sync.php] 
 Error Line: [20]
2023-12-20 08:08:39,430 [pavalam] Error number: [2] 
 Error Description: [mysqli_fetch_array() expects parameter 1 to be mysqli_result, bool given] 
 Error File: [D:\xampp\htdocs\POSSales\get_last_sync.php] 
 Error Line: [23]
2023-12-20 08:08:57,608 [pavalam] Error number: [8] 
 Error Description: [Trying to get property 'clientid' of non-object] 
 Error File: [D:\xampp\htdocs\POSSales\get_last_sync.php] 
 Error Line: [20]
2023-12-20 08:08:57,610 [pavalam] Error number: [2] 
 Error Description: [mysqli_fetch_array() expects parameter 1 to be mysqli_result, bool given] 
 Error File: [D:\xampp\htdocs\POSSales\get_last_sync.php] 
 Error Line: [23]
2023-12-20 08:09:20,098 [pavalam] Error number: [8] 
 Error Description: [Trying to get property 'clientid' of non-object] 
 Error File: [D:\xampp\htdocs\POSSales\get_last_sync.php] 
 Error Line: [20]
2023-12-20 08:09:20,101 [pavalam] Error number: [2] 
 Error Description: [mysqli_fetch_array() expects parameter 1 to be mysqli_result, bool given] 
 Error File: [D:\xampp\htdocs\POSSales\get_last_sync.php] 
 Error Line: [23]
2023-12-20 08:09:39,449 [pavalam] Error number: [8] 
 Error Description: [Trying to get property 'clientid' of non-object] 
 Error File: [D:\xampp\htdocs\POSSales\get_last_sync.php] 
 Error Line: [20]
2023-12-20 08:09:39,451 [pavalam] Error number: [2] 
 Error Description: [mysqli_fetch_array() expects parameter 1 to be mysqli_result, bool given] 
 Error File: [D:\xampp\htdocs\POSSales\get_last_sync.php] 
 Error Line: [23]
2023-12-20 08:09:57,604 [pavalam] Error number: [8] 
 Error Description: [Trying to get property 'clientid' of non-object] 
 Error File: [D:\xampp\htdocs\POSSales\get_last_sync.php] 
 Error Line: [20]
2023-12-20 08:09:57,606 [pavalam] Error number: [2] 
 Error Description: [mysqli_fetch_array() expects parameter 1 to be mysqli_result, bool given] 
 Error File: [D:\xampp\htdocs\POSSales\get_last_sync.php] 
 Error Line: [23]
2023-12-20 08:10:20,109 [pavalam] Error number: [8] 
 Error Description: [Trying to get property 'clientid' of non-object] 
 Error File: [D:\xampp\htdocs\POSSales\get_last_sync.php] 
 Error Line: [20]
2023-12-20 08:10:20,116 [pavalam] Error number: [2] 
 Error Description: [mysqli_fetch_array() expects parameter 1 to be mysqli_result, bool given] 
 Error File: [D:\xampp\htdocs\POSSales\get_last_sync.php] 
 Error Line: [23]
2023-12-20 08:10:39,427 [pavalam] Error number: [8] 
 Error Description: [Trying to get property 'clientid' of non-object] 
 Error File: [D:\xampp\htdocs\POSSales\get_last_sync.php] 
 Error Line: [20]
2023-12-20 08:10:39,430 [pavalam] Error number: [2] 
 Error Description: [mysqli_fetch_array() expects parameter 1 to be mysqli_result, bool given] 
 Error File: [D:\xampp\htdocs\POSSales\get_last_sync.php] 
 Error Line: [23]
2023-12-20 08:10:57,617 [pavalam] Error number: [8] 
 Error Description: [Trying to get property 'clientid' of non-object] 
 Error File: [D:\xampp\htdocs\POSSales\get_last_sync.php] 
 Error Line: [20]
2023-12-20 08:10:57,619 [pavalam] Error number: [2] 
 Error Description: [mysqli_fetch_array() expects parameter 1 to be mysqli_result, bool given] 
 Error File: [D:\xampp\htdocs\POSSales\get_last_sync.php] 
 Error Line: [23]
2023-12-20 08:11:17,179 [pavalam] Error number: [8] 
 Error Description: [Trying to get property 'clientid' of non-object] 
 Error File: [D:\xampp\htdocs\POSSales\get_last_sync.php] 
 Error Line: [20]
2023-12-20 08:11:17,181 [pavalam] Error number: [2] 
 Error Description: [mysqli_fetch_array() expects parameter 1 to be mysqli_result, bool given] 
 Error File: [D:\xampp\htdocs\POSSales\get_last_sync.php] 
 Error Line: [23]
2023-12-20 08:11:40,415 [pavalam] Error number: [8] 
 Error Description: [Trying to get property 'clientid' of non-object] 
 Error File: [D:\xampp\htdocs\POSSales\get_last_sync.php] 
 Error Line: [20]
2023-12-20 08:11:40,418 [pavalam] Error number: [2] 
 Error Description: [mysqli_fetch_array() expects parameter 1 to be mysqli_result, bool given] 
 Error File: [D:\xampp\htdocs\POSSales\get_last_sync.php] 
 Error Line: [23]
2023-12-20 08:12:03,979 [pavalam] Error number: [8] 
 Error Description: [Trying to get property 'clientid' of non-object] 
 Error File: [D:\xampp\htdocs\POSSales\get_last_sync.php] 
 Error Line: [20]
2023-12-20 08:12:03,983 [pavalam] Error number: [2] 
 Error Description: [mysqli_fetch_array() expects parameter 1 to be mysqli_result, bool given] 
 Error File: [D:\xampp\htdocs\POSSales\get_last_sync.php] 
 Error Line: [23]
2023-12-20 08:13:04,389 [pavalam] Error number: [8] 
 Error Description: [Trying to get property 'clientid' of non-object] 
 Error File: [D:\xampp\htdocs\POSSales\get_last_sync.php] 
 Error Line: [20]
2023-12-20 08:13:04,393 [pavalam] Error number: [2] 
 Error Description: [mysqli_fetch_array() expects parameter 1 to be mysqli_result, bool given] 
 Error File: [D:\xampp\htdocs\POSSales\get_last_sync.php] 
 Error Line: [23]
2023-12-20 08:14:04,402 [pavalam] Error number: [8] 
 Error Description: [Trying to get property 'clientid' of non-object] 
 Error File: [D:\xampp\htdocs\POSSales\get_last_sync.php] 
 Error Line: [20]
2023-12-20 08:14:04,404 [pavalam] Error number: [2] 
 Error Description: [mysqli_fetch_array() expects parameter 1 to be mysqli_result, bool given] 
 Error File: [D:\xampp\htdocs\POSSales\get_last_sync.php] 
 Error Line: [23]
2023-12-20 08:15:04,434 [pavalam] Error number: [8] 
 Error Description: [Trying to get property 'clientid' of non-object] 
 Error File: [D:\xampp\htdocs\POSSales\get_last_sync.php] 
 Error Line: [20]
2023-12-20 08:15:04,437 [pavalam] Error number: [2] 
 Error Description: [mysqli_fetch_array() expects parameter 1 to be mysqli_result, bool given] 
 Error File: [D:\xampp\htdocs\POSSales\get_last_sync.php] 
 Error Line: [23]
2023-12-20 08:16:04,392 [pavalam] Error number: [8] 
 Error Description: [Trying to get property 'clientid' of non-object] 
 Error File: [D:\xampp\htdocs\POSSales\get_last_sync.php] 
 Error Line: [20]
2023-12-20 08:16:04,396 [pavalam] Error number: [2] 
 Error Description: [mysqli_fetch_array() expects parameter 1 to be mysqli_result, bool given] 
 Error File: [D:\xampp\htdocs\POSSales\get_last_sync.php] 
 Error Line: [23]
2023-12-20 08:17:04,372 [pavalam] Error number: [8] 
 Error Description: [Trying to get property 'clientid' of non-object] 
 Error File: [D:\xampp\htdocs\POSSales\get_last_sync.php] 
 Error Line: [20]
2023-12-20 08:17:04,374 [pavalam] Error number: [2] 
 Error Description: [mysqli_fetch_array() expects parameter 1 to be mysqli_result, bool given] 
 Error File: [D:\xampp\htdocs\POSSales\get_last_sync.php] 
 Error Line: [23]
2023-12-20 08:18:04,376 [pavalam] Error number: [8] 
 Error Description: [Trying to get property 'clientid' of non-object] 
 Error File: [D:\xampp\htdocs\POSSales\get_last_sync.php] 
 Error Line: [20]
2023-12-20 08:18:04,379 [pavalam] Error number: [2] 
 Error Description: [mysqli_fetch_array() expects parameter 1 to be mysqli_result, bool given] 
 Error File: [D:\xampp\htdocs\POSSales\get_last_sync.php] 
 Error Line: [23]
2023-12-20 08:19:04,540 [pavalam] Error number: [8] 
 Error Description: [Trying to get property 'clientid' of non-object] 
 Error File: [D:\xampp\htdocs\POSSales\get_last_sync.php] 
 Error Line: [20]
2023-12-20 08:19:04,542 [pavalam] Error number: [2] 
 Error Description: [mysqli_fetch_array() expects parameter 1 to be mysqli_result, bool given] 
 Error File: [D:\xampp\htdocs\POSSales\get_last_sync.php] 
 Error Line: [23]
2023-12-20 08:20:28,366 [pavalam] Error number: [8] 
 Error Description: [Trying to get property 'clientid' of non-object] 
 Error File: [D:\xampp\htdocs\POSSales\get_last_sync.php] 
 Error Line: [20]
2023-12-20 08:20:28,370 [pavalam] Error number: [2] 
 Error Description: [mysqli_fetch_array() expects parameter 1 to be mysqli_result, bool given] 
 Error File: [D:\xampp\htdocs\POSSales\get_last_sync.php] 
 Error Line: [23]
2023-12-20 08:21:23,384 [pavalam] Error number: [8] 
 Error Description: [Trying to get property 'clientid' of non-object] 
 Error File: [D:\xampp\htdocs\POSSales\get_last_sync.php] 
 Error Line: [20]
2023-12-20 08:21:23,388 [pavalam] Error number: [2] 
 Error Description: [mysqli_fetch_array() expects parameter 1 to be mysqli_result, bool given] 
 Error File: [D:\xampp\htdocs\POSSales\get_last_sync.php] 
 Error Line: [23]
2023-12-20 08:22:23,389 [pavalam] Error number: [8] 
 Error Description: [Trying to get property 'clientid' of non-object] 
 Error File: [D:\xampp\htdocs\POSSales\get_last_sync.php] 
 Error Line: [20]
2023-12-20 08:22:23,392 [pavalam] Error number: [2] 
 Error Description: [mysqli_fetch_array() expects parameter 1 to be mysqli_result, bool given] 
 Error File: [D:\xampp\htdocs\POSSales\get_last_sync.php] 
 Error Line: [23]
2023-12-20 08:23:23,386 [pavalam] Error number: [8] 
 Error Description: [Trying to get property 'clientid' of non-object] 
 Error File: [D:\xampp\htdocs\POSSales\get_last_sync.php] 
 Error Line: [20]
2023-12-20 08:23:23,388 [pavalam] Error number: [2] 
 Error Description: [mysqli_fetch_array() expects parameter 1 to be mysqli_result, bool given] 
 Error File: [D:\xampp\htdocs\POSSales\get_last_sync.php] 
 Error Line: [23]
2023-12-20 08:24:23,393 [pavalam] Error number: [8] 
 Error Description: [Trying to get property 'clientid' of non-object] 
 Error File: [D:\xampp\htdocs\POSSales\get_last_sync.php] 
 Error Line: [20]
2023-12-20 08:24:23,395 [pavalam] Error number: [2] 
 Error Description: [mysqli_fetch_array() expects parameter 1 to be mysqli_result, bool given] 
 Error File: [D:\xampp\htdocs\POSSales\get_last_sync.php] 
 Error Line: [23]
2023-12-20 08:25:23,390 [pavalam] Error number: [8] 
 Error Description: [Trying to get property 'clientid' of non-object] 
 Error File: [D:\xampp\htdocs\POSSales\get_last_sync.php] 
 Error Line: [20]
2023-12-20 08:25:23,397 [pavalam] Error number: [2] 
 Error Description: [mysqli_fetch_array() expects parameter 1 to be mysqli_result, bool given] 
 Error File: [D:\xampp\htdocs\POSSales\get_last_sync.php] 
 Error Line: [23]
2023-12-20 08:26:23,405 [pavalam] Error number: [8] 
 Error Description: [Trying to get property 'clientid' of non-object] 
 Error File: [D:\xampp\htdocs\POSSales\get_last_sync.php] 
 Error Line: [20]
2023-12-20 08:26:23,411 [pavalam] Error number: [2] 
 Error Description: [mysqli_fetch_array() expects parameter 1 to be mysqli_result, bool given] 
 Error File: [D:\xampp\htdocs\POSSales\get_last_sync.php] 
 Error Line: [23]
2023-12-20 08:27:23,387 [pavalam] Error number: [8] 
 Error Description: [Trying to get property 'clientid' of non-object] 
 Error File: [D:\xampp\htdocs\POSSales\get_last_sync.php] 
 Error Line: [20]
2023-12-20 08:27:23,390 [pavalam] Error number: [2] 
 Error Description: [mysqli_fetch_array() expects parameter 1 to be mysqli_result, bool given] 
 Error File: [D:\xampp\htdocs\POSSales\get_last_sync.php] 
 Error Line: [23]
2023-12-20 08:28:23,379 [pavalam] Error number: [8] 
 Error Description: [Trying to get property 'clientid' of non-object] 
 Error File: [D:\xampp\htdocs\POSSales\get_last_sync.php] 
 Error Line: [20]
2023-12-20 08:28:23,385 [pavalam] Error number: [2] 
 Error Description: [mysqli_fetch_array() expects parameter 1 to be mysqli_result, bool given] 
 Error File: [D:\xampp\htdocs\POSSales\get_last_sync.php] 
 Error Line: [23]
2023-12-20 08:29:23,391 [pavalam] Error number: [8] 
 Error Description: [Trying to get property 'clientid' of non-object] 
 Error File: [D:\xampp\htdocs\POSSales\get_last_sync.php] 
 Error Line: [20]
2023-12-20 08:29:23,397 [pavalam] Error number: [2] 
 Error Description: [mysqli_fetch_array() expects parameter 1 to be mysqli_result, bool given] 
 Error File: [D:\xampp\htdocs\POSSales\get_last_sync.php] 
 Error Line: [23]
2023-12-20 08:30:23,401 [pavalam] Error number: [8] 
 Error Description: [Trying to get property 'clientid' of non-object] 
 Error File: [D:\xampp\htdocs\POSSales\get_last_sync.php] 
 Error Line: [20]
2023-12-20 08:30:23,403 [pavalam] Error number: [2] 
 Error Description: [mysqli_fetch_array() expects parameter 1 to be mysqli_result, bool given] 
 Error File: [D:\xampp\htdocs\POSSales\get_last_sync.php] 
 Error Line: [23]
2023-12-20 08:31:23,391 [pavalam] Error number: [8] 
 Error Description: [Trying to get property 'clientid' of non-object] 
 Error File: [D:\xampp\htdocs\POSSales\get_last_sync.php] 
 Error Line: [20]
2023-12-20 08:31:23,393 [pavalam] Error number: [2] 
 Error Description: [mysqli_fetch_array() expects parameter 1 to be mysqli_result, bool given] 
 Error File: [D:\xampp\htdocs\POSSales\get_last_sync.php] 
 Error Line: [23]
2023-12-20 08:32:23,416 [pavalam] Error number: [8] 
 Error Description: [Trying to get property 'clientid' of non-object] 
 Error File: [D:\xampp\htdocs\POSSales\get_last_sync.php] 
 Error Line: [20]
2023-12-20 08:32:23,421 [pavalam] Error number: [2] 
 Error Description: [mysqli_fetch_array() expects parameter 1 to be mysqli_result, bool given] 
 Error File: [D:\xampp\htdocs\POSSales\get_last_sync.php] 
 Error Line: [23]
2023-12-20 08:33:23,378 [pavalam] Error number: [8] 
 Error Description: [Trying to get property 'clientid' of non-object] 
 Error File: [D:\xampp\htdocs\POSSales\get_last_sync.php] 
 Error Line: [20]
2023-12-20 08:33:23,384 [pavalam] Error number: [2] 
 Error Description: [mysqli_fetch_array() expects parameter 1 to be mysqli_result, bool given] 
 Error File: [D:\xampp\htdocs\POSSales\get_last_sync.php] 
 Error Line: [23]
2023-12-20 08:34:23,380 [pavalam] Error number: [8] 
 Error Description: [Trying to get property 'clientid' of non-object] 
 Error File: [D:\xampp\htdocs\POSSales\get_last_sync.php] 
 Error Line: [20]
2023-12-20 08:34:23,383 [pavalam] Error number: [2] 
 Error Description: [mysqli_fetch_array() expects parameter 1 to be mysqli_result, bool given] 
 Error File: [D:\xampp\htdocs\POSSales\get_last_sync.php] 
 Error Line: [23]
2023-12-20 08:35:23,388 [pavalam] Error number: [8] 
 Error Description: [Trying to get property 'clientid' of non-object] 
 Error File: [D:\xampp\htdocs\POSSales\get_last_sync.php] 
 Error Line: [20]
2023-12-20 08:35:23,394 [pavalam] Error number: [2] 
 Error Description: [mysqli_fetch_array() expects parameter 1 to be mysqli_result, bool given] 
 Error File: [D:\xampp\htdocs\POSSales\get_last_sync.php] 
 Error Line: [23]
2023-12-20 08:36:23,399 [pavalam] Error number: [8] 
 Error Description: [Trying to get property 'clientid' of non-object] 
 Error File: [D:\xampp\htdocs\POSSales\get_last_sync.php] 
 Error Line: [20]
2023-12-20 08:36:23,401 [pavalam] Error number: [2] 
 Error Description: [mysqli_fetch_array() expects parameter 1 to be mysqli_result, bool given] 
 Error File: [D:\xampp\htdocs\POSSales\get_last_sync.php] 
 Error Line: [23]
2023-12-20 08:37:23,386 [pavalam] Error number: [8] 
 Error Description: [Trying to get property 'clientid' of non-object] 
 Error File: [D:\xampp\htdocs\POSSales\get_last_sync.php] 
 Error Line: [20]
2023-12-20 08:37:23,390 [pavalam] Error number: [2] 
 Error Description: [mysqli_fetch_array() expects parameter 1 to be mysqli_result, bool given] 
 Error File: [D:\xampp\htdocs\POSSales\get_last_sync.php] 
 Error Line: [23]
2023-12-20 08:37:32,146 [pavalam] Error number: [8] 
 Error Description: [Trying to get property 'clientid' of non-object] 
 Error File: [D:\xampp\htdocs\POSSales\get_last_sync.php] 
 Error Line: [20]
2023-12-20 08:37:32,149 [pavalam] Error number: [2] 
 Error Description: [mysqli_fetch_array() expects parameter 1 to be mysqli_result, bool given] 
 Error File: [D:\xampp\htdocs\POSSales\get_last_sync.php] 
 Error Line: [23]
2023-12-20 08:38:05,025 [pavalam] Error number: [8] 
 Error Description: [Trying to get property 'clientid' of non-object] 
 Error File: [D:\xampp\htdocs\POSSales\get_last_sync.php] 
 Error Line: [20]
2023-12-20 08:38:05,028 [pavalam] Error number: [2] 
 Error Description: [mysqli_fetch_array() expects parameter 1 to be mysqli_result, bool given] 
 Error File: [D:\xampp\htdocs\POSSales\get_last_sync.php] 
 Error Line: [23]
2023-12-20 08:39:05,077 [pavalam] Error number: [8] 
 Error Description: [Trying to get property 'clientid' of non-object] 
 Error File: [D:\xampp\htdocs\POSSales\get_last_sync.php] 
 Error Line: [20]
2023-12-20 08:39:05,080 [pavalam] Error number: [2] 
 Error Description: [mysqli_fetch_array() expects parameter 1 to be mysqli_result, bool given] 
 Error File: [D:\xampp\htdocs\POSSales\get_last_sync.php] 
 Error Line: [23]
2023-12-20 08:40:05,386 [pavalam] Error number: [8] 
 Error Description: [Trying to get property 'clientid' of non-object] 
 Error File: [D:\xampp\htdocs\POSSales\get_last_sync.php] 
 Error Line: [20]
2023-12-20 08:40:05,389 [pavalam] Error number: [2] 
 Error Description: [mysqli_fetch_array() expects parameter 1 to be mysqli_result, bool given] 
 Error File: [D:\xampp\htdocs\POSSales\get_last_sync.php] 
 Error Line: [23]
2023-12-20 13:10:26,924 [pavalam] Error number: [8] 
 Error Description: [Trying to get property 'userid' of non-object] 
 Error File: [D:\xampp\htdocs\POSSales\insert_privacy_policy.php] 
 Error Line: [19]
2023-12-20 13:10:26,928 [pavalam] Error number: [8] 
 Error Description: [Undefined variable: item] 
 Error File: [D:\xampp\htdocs\POSSales\insert_privacy_policy.php] 
 Error Line: [19]
2023-12-20 13:10:26,928 [pavalam] Error number: [8] 
 Error Description: [Trying to get property 'machineid' of non-object] 
 Error File: [D:\xampp\htdocs\POSSales\insert_privacy_policy.php] 
 Error Line: [19]
2023-12-20 13:10:26,928 [pavalam] Error number: [8] 
 Error Description: [Undefined variable: item] 
 Error File: [D:\xampp\htdocs\POSSales\insert_privacy_policy.php] 
 Error Line: [19]
2023-12-20 13:10:26,929 [pavalam] Error number: [8] 
 Error Description: [Trying to get property 'privacypolicy' of non-object] 
 Error File: [D:\xampp\htdocs\POSSales\insert_privacy_policy.php] 
 Error Line: [19]
2023-12-20 13:11:41,269 [pavalam] Error number: [8] 
 Error Description: [Trying to get property 'userid' of non-object] 
 Error File: [D:\xampp\htdocs\POSSales\insert_privacy_policy.php] 
 Error Line: [22]
2023-12-20 13:11:41,270 [pavalam] Error number: [8] 
 Error Description: [Undefined variable: item] 
 Error File: [D:\xampp\htdocs\POSSales\insert_privacy_policy.php] 
 Error Line: [22]
2023-12-20 13:11:41,270 [pavalam] Error number: [8] 
 Error Description: [Trying to get property 'machineid' of non-object] 
 Error File: [D:\xampp\htdocs\POSSales\insert_privacy_policy.php] 
 Error Line: [22]
2023-12-20 13:11:41,271 [pavalam] Error number: [8] 
 Error Description: [Undefined variable: item] 
 Error File: [D:\xampp\htdocs\POSSales\insert_privacy_policy.php] 
 Error Line: [22]
2023-12-20 13:11:41,271 [pavalam] Error number: [8] 
 Error Description: [Trying to get property 'privacypolicy' of non-object] 
 Error File: [D:\xampp\htdocs\POSSales\insert_privacy_policy.php] 
 Error Line: [22]
2023-12-20 13:11:41,726 [pavalam] Error number: [8] 
 Error Description: [Undefined variable: item] 
 Error File: [D:\xampp\htdocs\POSSales\insert_privacy_policy.php] 
 Error Line: [22]
2023-12-20 13:11:41,727 [pavalam] Error number: [8] 
 Error Description: [Trying to get property 'machineid' of non-object] 
 Error File: [D:\xampp\htdocs\POSSales\insert_privacy_policy.php] 
 Error Line: [22]
2023-12-20 13:11:41,727 [pavalam] Error number: [8] 
 Error Description: [Undefined variable: item] 
 Error File: [D:\xampp\htdocs\POSSales\insert_privacy_policy.php] 
 Error Line: [22]
2023-12-20 13:11:41,727 [pavalam] Error number: [8] 
 Error Description: [Trying to get property 'privacypolicy' of non-object] 
 Error File: [D:\xampp\htdocs\POSSales\insert_privacy_policy.php] 
 Error Line: [22]
2023-12-20 13:12:55,784 [pavalam] Error number: [8] 
 Error Description: [Trying to get property 'userid' of non-object] 
 Error File: [D:\xampp\htdocs\POSSales\insert_privacy_policy.php] 
 Error Line: [22]
2023-12-20 13:12:55,785 [pavalam] Error number: [8] 
 Error Description: [Undefined variable: item] 
 Error File: [D:\xampp\htdocs\POSSales\insert_privacy_policy.php] 
 Error Line: [22]
2023-12-20 13:12:55,785 [pavalam] Error number: [8] 
 Error Description: [Trying to get property 'machineid' of non-object] 
 Error File: [D:\xampp\htdocs\POSSales\insert_privacy_policy.php] 
 Error Line: [22]
2023-12-20 13:12:55,786 [pavalam] Error number: [8] 
 Error Description: [Undefined variable: item] 
 Error File: [D:\xampp\htdocs\POSSales\insert_privacy_policy.php] 
 Error Line: [22]
2023-12-20 13:12:55,786 [pavalam] Error number: [8] 
 Error Description: [Trying to get property 'privacypolicy' of non-object] 
 Error File: [D:\xampp\htdocs\POSSales\insert_privacy_policy.php] 
 Error Line: [22]
2023-12-20 13:12:56,428 [pavalam] Error number: [8] 
 Error Description: [Undefined variable: item] 
 Error File: [D:\xampp\htdocs\POSSales\insert_privacy_policy.php] 
 Error Line: [22]
2023-12-20 13:12:56,429 [pavalam] Error number: [8] 
 Error Description: [Trying to get property 'machineid' of non-object] 
 Error File: [D:\xampp\htdocs\POSSales\insert_privacy_policy.php] 
 Error Line: [22]
2023-12-20 13:12:56,429 [pavalam] Error number: [8] 
 Error Description: [Undefined variable: item] 
 Error File: [D:\xampp\htdocs\POSSales\insert_privacy_policy.php] 
 Error Line: [22]
2023-12-20 13:12:56,430 [pavalam] Error number: [8] 
 Error Description: [Trying to get property 'privacypolicy' of non-object] 
 Error File: [D:\xampp\htdocs\POSSales\insert_privacy_policy.php] 
 Error Line: [22]
2023-12-20 13:14:05,999 [pavalam] Error number: [8] 
 Error Description: [Trying to get property 'userid' of non-object] 
 Error File: [D:\xampp\htdocs\POSSales\insert_privacy_policy.php] 
 Error Line: [22]
2023-12-20 13:14:06,000 [pavalam] Error number: [8] 
 Error Description: [Trying to get property 'machineid' of non-object] 
 Error File: [D:\xampp\htdocs\POSSales\insert_privacy_policy.php] 
 Error Line: [22]
2023-12-20 13:14:06,001 [pavalam] Error number: [8] 
 Error Description: [Trying to get property 'privacypolicy' of non-object] 
 Error File: [D:\xampp\htdocs\POSSales\insert_privacy_policy.php] 
 Error Line: [22]
2023-12-20 13:14:07,615 [pavalam] Error number: [8] 
 Error Description: [Trying to get property 'clientid' of non-object] 
 Error File: [D:\xampp\htdocs\POSSales\get_last_sync.php] 
 Error Line: [20]
2023-12-20 13:14:07,623 [pavalam] Error number: [2] 
 Error Description: [mysqli_fetch_array() expects parameter 1 to be mysqli_result, bool given] 
 Error File: [D:\xampp\htdocs\POSSales\get_last_sync.php] 
 Error Line: [23]
2023-12-20 13:15:07,398 [pavalam] Error number: [8] 
 Error Description: [Trying to get property 'clientid' of non-object] 
 Error File: [D:\xampp\htdocs\POSSales\get_last_sync.php] 
 Error Line: [20]
2023-12-20 13:15:07,402 [pavalam] Error number: [2] 
 Error Description: [mysqli_fetch_array() expects parameter 1 to be mysqli_result, bool given] 
 Error File: [D:\xampp\htdocs\POSSales\get_last_sync.php] 
 Error Line: [23]
2023-12-20 13:15:29,822 [pavalam] Error number: [8] 
 Error Description: [Trying to get property 'userid' of non-object] 
 Error File: [D:\xampp\htdocs\POSSales\insert_privacy_policy.php] 
 Error Line: [22]
2023-12-20 13:15:29,823 [pavalam] Error number: [8] 
 Error Description: [Trying to get property 'machineid' of non-object] 
 Error File: [D:\xampp\htdocs\POSSales\insert_privacy_policy.php] 
 Error Line: [22]
2023-12-20 13:15:29,824 [pavalam] Error number: [8] 
 Error Description: [Trying to get property 'privacypolicy' of non-object] 
 Error File: [D:\xampp\htdocs\POSSales\insert_privacy_policy.php] 
 Error Line: [22]
2023-12-20 13:15:31,543 [pavalam] Error number: [8] 
 Error Description: [Trying to get property 'clientid' of non-object] 
 Error File: [D:\xampp\htdocs\POSSales\get_last_sync.php] 
 Error Line: [20]
2023-12-20 13:15:31,565 [pavalam] Error number: [2] 
 Error Description: [mysqli_fetch_array() expects parameter 1 to be mysqli_result, bool given] 
 Error File: [D:\xampp\htdocs\POSSales\get_last_sync.php] 
 Error Line: [23]
2023-12-20 13:16:32,662 [pavalam] Error number: [8] 
 Error Description: [Trying to get property 'clientid' of non-object] 
 Error File: [D:\xampp\htdocs\POSSales\get_last_sync.php] 
 Error Line: [20]
2023-12-20 13:16:32,665 [pavalam] Error number: [2] 
 Error Description: [mysqli_fetch_array() expects parameter 1 to be mysqli_result, bool given] 
 Error File: [D:\xampp\htdocs\POSSales\get_last_sync.php] 
 Error Line: [23]
2023-12-20 13:17:31,388 [pavalam] Error number: [8] 
 Error Description: [Trying to get property 'clientid' of non-object] 
 Error File: [D:\xampp\htdocs\POSSales\get_last_sync.php] 
 Error Line: [20]
2023-12-20 13:17:31,392 [pavalam] Error number: [2] 
 Error Description: [mysqli_fetch_array() expects parameter 1 to be mysqli_result, bool given] 
 Error File: [D:\xampp\htdocs\POSSales\get_last_sync.php] 
 Error Line: [23]
2023-12-20 13:18:31,427 [pavalam] Error number: [8] 
 Error Description: [Trying to get property 'clientid' of non-object] 
 Error File: [D:\xampp\htdocs\POSSales\get_last_sync.php] 
 Error Line: [20]
2023-12-20 13:18:31,430 [pavalam] Error number: [2] 
 Error Description: [mysqli_fetch_array() expects parameter 1 to be mysqli_result, bool given] 
 Error File: [D:\xampp\htdocs\POSSales\get_last_sync.php] 
 Error Line: [23]
2023-12-20 13:19:31,415 [pavalam] Error number: [8] 
 Error Description: [Trying to get property 'clientid' of non-object] 
 Error File: [D:\xampp\htdocs\POSSales\get_last_sync.php] 
 Error Line: [20]
2023-12-20 13:19:31,418 [pavalam] Error number: [2] 
 Error Description: [mysqli_fetch_array() expects parameter 1 to be mysqli_result, bool given] 
 Error File: [D:\xampp\htdocs\POSSales\get_last_sync.php] 
 Error Line: [23]
2023-12-20 13:20:31,400 [pavalam] Error number: [8] 
 Error Description: [Trying to get property 'clientid' of non-object] 
 Error File: [D:\xampp\htdocs\POSSales\get_last_sync.php] 
 Error Line: [20]
2023-12-20 13:20:31,404 [pavalam] Error number: [2] 
 Error Description: [mysqli_fetch_array() expects parameter 1 to be mysqli_result, bool given] 
 Error File: [D:\xampp\htdocs\POSSales\get_last_sync.php] 
 Error Line: [23]
2023-12-20 13:21:31,571 [pavalam] Error number: [8] 
 Error Description: [Trying to get property 'clientid' of non-object] 
 Error File: [D:\xampp\htdocs\POSSales\get_last_sync.php] 
 Error Line: [20]
2023-12-20 13:21:31,577 [pavalam] Error number: [2] 
 Error Description: [mysqli_fetch_array() expects parameter 1 to be mysqli_result, bool given] 
 Error File: [D:\xampp\htdocs\POSSales\get_last_sync.php] 
 Error Line: [23]
2023-12-20 13:23:28,373 [pavalam] Error number: [8] 
 Error Description: [Trying to get property 'clientid' of non-object] 
 Error File: [D:\xampp\htdocs\POSSales\get_last_sync.php] 
 Error Line: [20]
2023-12-20 13:23:28,376 [pavalam] Error number: [2] 
 Error Description: [mysqli_fetch_array() expects parameter 1 to be mysqli_result, bool given] 
 Error File: [D:\xampp\htdocs\POSSales\get_last_sync.php] 
 Error Line: [23]
2023-12-20 13:24:23,869 [pavalam] Error number: [8] 
 Error Description: [Trying to get property 'clientid' of non-object] 
 Error File: [D:\xampp\htdocs\POSSales\get_last_sync.php] 
 Error Line: [20]
2023-12-20 13:24:23,872 [pavalam] Error number: [2] 
 Error Description: [mysqli_fetch_array() expects parameter 1 to be mysqli_result, bool given] 
 Error File: [D:\xampp\htdocs\POSSales\get_last_sync.php] 
 Error Line: [23]
2023-12-20 13:25:23,397 [pavalam] Error number: [8] 
 Error Description: [Trying to get property 'clientid' of non-object] 
 Error File: [D:\xampp\htdocs\POSSales\get_last_sync.php] 
 Error Line: [20]
2023-12-20 13:25:23,401 [pavalam] Error number: [2] 
 Error Description: [mysqli_fetch_array() expects parameter 1 to be mysqli_result, bool given] 
 Error File: [D:\xampp\htdocs\POSSales\get_last_sync.php] 
 Error Line: [23]
2023-12-20 13:26:23,405 [pavalam] Error number: [8] 
 Error Description: [Trying to get property 'clientid' of non-object] 
 Error File: [D:\xampp\htdocs\POSSales\get_last_sync.php] 
 Error Line: [20]
2023-12-20 13:26:23,408 [pavalam] Error number: [2] 
 Error Description: [mysqli_fetch_array() expects parameter 1 to be mysqli_result, bool given] 
 Error File: [D:\xampp\htdocs\POSSales\get_last_sync.php] 
 Error Line: [23]
2023-12-20 13:27:24,180 [pavalam] Error number: [8] 
 Error Description: [Trying to get property 'clientid' of non-object] 
 Error File: [D:\xampp\htdocs\POSSales\get_last_sync.php] 
 Error Line: [20]
2023-12-20 13:27:24,593 [pavalam] Error number: [2] 
 Error Description: [mysqli_fetch_array() expects parameter 1 to be mysqli_result, bool given] 
 Error File: [D:\xampp\htdocs\POSSales\get_last_sync.php] 
 Error Line: [23]
2023-12-20 13:28:23,407 [pavalam] Error number: [8] 
 Error Description: [Trying to get property 'clientid' of non-object] 
 Error File: [D:\xampp\htdocs\POSSales\get_last_sync.php] 
 Error Line: [20]
2023-12-20 13:28:23,411 [pavalam] Error number: [2] 
 Error Description: [mysqli_fetch_array() expects parameter 1 to be mysqli_result, bool given] 
 Error File: [D:\xampp\htdocs\POSSales\get_last_sync.php] 
 Error Line: [23]
2023-12-20 13:29:23,415 [pavalam] Error number: [8] 
 Error Description: [Trying to get property 'clientid' of non-object] 
 Error File: [D:\xampp\htdocs\POSSales\get_last_sync.php] 
 Error Line: [20]
2023-12-20 13:29:23,623 [pavalam] Error number: [2] 
 Error Description: [mysqli_fetch_array() expects parameter 1 to be mysqli_result, bool given] 
 Error File: [D:\xampp\htdocs\POSSales\get_last_sync.php] 
 Error Line: [23]
2023-12-20 13:30:23,906 [pavalam] Error number: [8] 
 Error Description: [Trying to get property 'clientid' of non-object] 
 Error File: [D:\xampp\htdocs\POSSales\get_last_sync.php] 
 Error Line: [20]
2023-12-20 13:30:23,910 [pavalam] Error number: [2] 
 Error Description: [mysqli_fetch_array() expects parameter 1 to be mysqli_result, bool given] 
 Error File: [D:\xampp\htdocs\POSSales\get_last_sync.php] 
 Error Line: [23]
2023-12-20 13:31:23,421 [pavalam] Error number: [8] 
 Error Description: [Trying to get property 'clientid' of non-object] 
 Error File: [D:\xampp\htdocs\POSSales\get_last_sync.php] 
 Error Line: [20]
2023-12-20 13:31:23,424 [pavalam] Error number: [2] 
 Error Description: [mysqli_fetch_array() expects parameter 1 to be mysqli_result, bool given] 
 Error File: [D:\xampp\htdocs\POSSales\get_last_sync.php] 
 Error Line: [23]
2023-12-20 13:32:23,407 [pavalam] Error number: [8] 
 Error Description: [Trying to get property 'clientid' of non-object] 
 Error File: [D:\xampp\htdocs\POSSales\get_last_sync.php] 
 Error Line: [20]
2023-12-20 13:32:23,411 [pavalam] Error number: [2] 
 Error Description: [mysqli_fetch_array() expects parameter 1 to be mysqli_result, bool given] 
 Error File: [D:\xampp\htdocs\POSSales\get_last_sync.php] 
 Error Line: [23]
2023-12-20 13:33:24,234 [pavalam] Error number: [8] 
 Error Description: [Trying to get property 'clientid' of non-object] 
 Error File: [D:\xampp\htdocs\POSSales\get_last_sync.php] 
 Error Line: [20]
2023-12-20 13:33:24,238 [pavalam] Error number: [2] 
 Error Description: [mysqli_fetch_array() expects parameter 1 to be mysqli_result, bool given] 
 Error File: [D:\xampp\htdocs\POSSales\get_last_sync.php] 
 Error Line: [23]
2023-12-20 13:34:23,400 [pavalam] Error number: [8] 
 Error Description: [Trying to get property 'clientid' of non-object] 
 Error File: [D:\xampp\htdocs\POSSales\get_last_sync.php] 
 Error Line: [20]
2023-12-20 13:34:23,406 [pavalam] Error number: [2] 
 Error Description: [mysqli_fetch_array() expects parameter 1 to be mysqli_result, bool given] 
 Error File: [D:\xampp\htdocs\POSSales\get_last_sync.php] 
 Error Line: [23]
2023-12-20 13:35:23,409 [pavalam] Error number: [8] 
 Error Description: [Trying to get property 'clientid' of non-object] 
 Error File: [D:\xampp\htdocs\POSSales\get_last_sync.php] 
 Error Line: [20]
2023-12-20 13:35:23,413 [pavalam] Error number: [2] 
 Error Description: [mysqli_fetch_array() expects parameter 1 to be mysqli_result, bool given] 
 Error File: [D:\xampp\htdocs\POSSales\get_last_sync.php] 
 Error Line: [23]
2023-12-20 13:36:23,399 [pavalam] Error number: [8] 
 Error Description: [Trying to get property 'clientid' of non-object] 
 Error File: [D:\xampp\htdocs\POSSales\get_last_sync.php] 
 Error Line: [20]
2023-12-20 13:36:23,403 [pavalam] Error number: [2] 
 Error Description: [mysqli_fetch_array() expects parameter 1 to be mysqli_result, bool given] 
 Error File: [D:\xampp\htdocs\POSSales\get_last_sync.php] 
 Error Line: [23]
2023-12-20 13:37:24,337 [pavalam] Error number: [8] 
 Error Description: [Trying to get property 'clientid' of non-object] 
 Error File: [D:\xampp\htdocs\POSSales\get_last_sync.php] 
 Error Line: [20]
2023-12-20 13:37:24,340 [pavalam] Error number: [2] 
 Error Description: [mysqli_fetch_array() expects parameter 1 to be mysqli_result, bool given] 
 Error File: [D:\xampp\htdocs\POSSales\get_last_sync.php] 
 Error Line: [23]
2023-12-20 13:38:24,355 [pavalam] Error number: [8] 
 Error Description: [Trying to get property 'clientid' of non-object] 
 Error File: [D:\xampp\htdocs\POSSales\get_last_sync.php] 
 Error Line: [20]
2023-12-20 13:38:24,360 [pavalam] Error number: [2] 
 Error Description: [mysqli_fetch_array() expects parameter 1 to be mysqli_result, bool given] 
 Error File: [D:\xampp\htdocs\POSSales\get_last_sync.php] 
 Error Line: [23]
2023-12-20 13:39:23,448 [pavalam] Error number: [8] 
 Error Description: [Trying to get property 'clientid' of non-object] 
 Error File: [D:\xampp\htdocs\POSSales\get_last_sync.php] 
 Error Line: [20]
2023-12-20 13:39:23,452 [pavalam] Error number: [2] 
 Error Description: [mysqli_fetch_array() expects parameter 1 to be mysqli_result, bool given] 
 Error File: [D:\xampp\htdocs\POSSales\get_last_sync.php] 
 Error Line: [23]
2023-12-20 13:40:24,048 [pavalam] Error number: [8] 
 Error Description: [Trying to get property 'clientid' of non-object] 
 Error File: [D:\xampp\htdocs\POSSales\get_last_sync.php] 
 Error Line: [20]
2023-12-20 13:40:24,052 [pavalam] Error number: [2] 
 Error Description: [mysqli_fetch_array() expects parameter 1 to be mysqli_result, bool given] 
 Error File: [D:\xampp\htdocs\POSSales\get_last_sync.php] 
 Error Line: [23]
2023-12-20 13:41:23,395 [pavalam] Error number: [8] 
 Error Description: [Trying to get property 'clientid' of non-object] 
 Error File: [D:\xampp\htdocs\POSSales\get_last_sync.php] 
 Error Line: [20]
2023-12-20 13:41:23,413 [pavalam] Error number: [2] 
 Error Description: [mysqli_fetch_array() expects parameter 1 to be mysqli_result, bool given] 
 Error File: [D:\xampp\htdocs\POSSales\get_last_sync.php] 
 Error Line: [23]
2023-12-20 13:42:23,880 [pavalam] Error number: [8] 
 Error Description: [Trying to get property 'clientid' of non-object] 
 Error File: [D:\xampp\htdocs\POSSales\get_last_sync.php] 
 Error Line: [20]
2023-12-20 13:42:23,884 [pavalam] Error number: [2] 
 Error Description: [mysqli_fetch_array() expects parameter 1 to be mysqli_result, bool given] 
 Error File: [D:\xampp\htdocs\POSSales\get_last_sync.php] 
 Error Line: [23]
2023-12-20 13:43:23,437 [pavalam] Error number: [8] 
 Error Description: [Trying to get property 'clientid' of non-object] 
 Error File: [D:\xampp\htdocs\POSSales\get_last_sync.php] 
 Error Line: [20]
2023-12-20 13:43:23,444 [pavalam] Error number: [2] 
 Error Description: [mysqli_fetch_array() expects parameter 1 to be mysqli_result, bool given] 
 Error File: [D:\xampp\htdocs\POSSales\get_last_sync.php] 
 Error Line: [23]
2023-12-20 13:44:23,408 [pavalam] Error number: [8] 
 Error Description: [Trying to get property 'clientid' of non-object] 
 Error File: [D:\xampp\htdocs\POSSales\get_last_sync.php] 
 Error Line: [20]
2023-12-20 13:44:23,412 [pavalam] Error number: [2] 
 Error Description: [mysqli_fetch_array() expects parameter 1 to be mysqli_result, bool given] 
 Error File: [D:\xampp\htdocs\POSSales\get_last_sync.php] 
 Error Line: [23]
2023-12-20 13:45:23,408 [pavalam] Error number: [8] 
 Error Description: [Trying to get property 'clientid' of non-object] 
 Error File: [D:\xampp\htdocs\POSSales\get_last_sync.php] 
 Error Line: [20]
2023-12-20 13:45:23,411 [pavalam] Error number: [2] 
 Error Description: [mysqli_fetch_array() expects parameter 1 to be mysqli_result, bool given] 
 Error File: [D:\xampp\htdocs\POSSales\get_last_sync.php] 
 Error Line: [23]
2023-12-20 13:46:12,507 [pavalam] Error number: [8] 
 Error Description: [Trying to get property 'clientid' of non-object] 
 Error File: [D:\xampp\htdocs\POSSales\get_last_sync.php] 
 Error Line: [20]
2023-12-20 13:46:12,511 [pavalam] Error number: [2] 
 Error Description: [mysqli_fetch_array() expects parameter 1 to be mysqli_result, bool given] 
 Error File: [D:\xampp\htdocs\POSSales\get_last_sync.php] 
 Error Line: [23]
2023-12-20 13:46:31,451 [pavalam] Error number: [8] 
 Error Description: [Trying to get property 'clientid' of non-object] 
 Error File: [D:\xampp\htdocs\POSSales\get_last_sync.php] 
 Error Line: [20]
2023-12-20 13:46:31,454 [pavalam] Error number: [2] 
 Error Description: [mysqli_fetch_array() expects parameter 1 to be mysqli_result, bool given] 
 Error File: [D:\xampp\htdocs\POSSales\get_last_sync.php] 
 Error Line: [23]
2023-12-20 13:47:32,512 [pavalam] Error number: [8] 
 Error Description: [Trying to get property 'clientid' of non-object] 
 Error File: [D:\xampp\htdocs\POSSales\get_last_sync.php] 
 Error Line: [20]
2023-12-20 13:47:32,516 [pavalam] Error number: [2] 
 Error Description: [mysqli_fetch_array() expects parameter 1 to be mysqli_result, bool given] 
 Error File: [D:\xampp\htdocs\POSSales\get_last_sync.php] 
 Error Line: [23]
2023-12-20 13:48:31,617 [pavalam] Error number: [8] 
 Error Description: [Trying to get property 'clientid' of non-object] 
 Error File: [D:\xampp\htdocs\POSSales\get_last_sync.php] 
 Error Line: [20]
2023-12-20 13:48:31,620 [pavalam] Error number: [2] 
 Error Description: [mysqli_fetch_array() expects parameter 1 to be mysqli_result, bool given] 
 Error File: [D:\xampp\htdocs\POSSales\get_last_sync.php] 
 Error Line: [23]
2023-12-20 13:49:33,410 [pavalam] Error number: [8] 
 Error Description: [Trying to get property 'clientid' of non-object] 
 Error File: [D:\xampp\htdocs\POSSales\get_last_sync.php] 
 Error Line: [20]
2023-12-20 13:49:33,750 [pavalam] Error number: [2] 
 Error Description: [mysqli_fetch_array() expects parameter 1 to be mysqli_result, bool given] 
 Error File: [D:\xampp\htdocs\POSSales\get_last_sync.php] 
 Error Line: [23]
2023-12-20 13:49:59,716 [pavalam] Error number: [8] 
 Error Description: [Trying to get property 'clientid' of non-object] 
 Error File: [D:\xampp\htdocs\POSSales\get_last_sync.php] 
 Error Line: [20]
2023-12-20 13:49:59,719 [pavalam] Error number: [2] 
 Error Description: [mysqli_fetch_array() expects parameter 1 to be mysqli_result, bool given] 
 Error File: [D:\xampp\htdocs\POSSales\get_last_sync.php] 
 Error Line: [23]
2023-12-20 13:51:00,986 [pavalam] Error number: [8] 
 Error Description: [Trying to get property 'clientid' of non-object] 
 Error File: [D:\xampp\htdocs\POSSales\get_last_sync.php] 
 Error Line: [20]
2023-12-20 13:51:00,994 [pavalam] Error number: [2] 
 Error Description: [mysqli_fetch_array() expects parameter 1 to be mysqli_result, bool given] 
 Error File: [D:\xampp\htdocs\POSSales\get_last_sync.php] 
 Error Line: [23]
2023-12-20 13:52:00,415 [pavalam] Error number: [8] 
 Error Description: [Trying to get property 'clientid' of non-object] 
 Error File: [D:\xampp\htdocs\POSSales\get_last_sync.php] 
 Error Line: [20]
2023-12-20 13:52:00,421 [pavalam] Error number: [2] 
 Error Description: [mysqli_fetch_array() expects parameter 1 to be mysqli_result, bool given] 
 Error File: [D:\xampp\htdocs\POSSales\get_last_sync.php] 
 Error Line: [23]
2023-12-20 13:53:00,402 [pavalam] Error number: [8] 
 Error Description: [Trying to get property 'clientid' of non-object] 
 Error File: [D:\xampp\htdocs\POSSales\get_last_sync.php] 
 Error Line: [20]
2023-12-20 13:53:00,406 [pavalam] Error number: [2] 
 Error Description: [mysqli_fetch_array() expects parameter 1 to be mysqli_result, bool given] 
 Error File: [D:\xampp\htdocs\POSSales\get_last_sync.php] 
 Error Line: [23]
2023-12-20 13:54:00,400 [pavalam] Error number: [8] 
 Error Description: [Trying to get property 'clientid' of non-object] 
 Error File: [D:\xampp\htdocs\POSSales\get_last_sync.php] 
 Error Line: [20]
2023-12-20 13:54:00,403 [pavalam] Error number: [2] 
 Error Description: [mysqli_fetch_array() expects parameter 1 to be mysqli_result, bool given] 
 Error File: [D:\xampp\htdocs\POSSales\get_last_sync.php] 
 Error Line: [23]
2023-12-20 13:55:00,415 [pavalam] Error number: [8] 
 Error Description: [Trying to get property 'clientid' of non-object] 
 Error File: [D:\xampp\htdocs\POSSales\get_last_sync.php] 
 Error Line: [20]
2023-12-20 13:55:00,419 [pavalam] Error number: [2] 
 Error Description: [mysqli_fetch_array() expects parameter 1 to be mysqli_result, bool given] 
 Error File: [D:\xampp\htdocs\POSSales\get_last_sync.php] 
 Error Line: [23]
2023-12-20 13:55:47,028 [pavalam] Error number: [2] 
 Error Description: [mysqli_fetch_array() expects parameter 1 to be mysqli_result, bool given] 
 Error File: [D:\xampp\htdocs\POSSales\sales_login.php] 
 Error Line: [67]
2023-12-20 13:55:54,738 [pavalam] Error number: [8] 
 Error Description: [Trying to get property 'clientid' of non-object] 
 Error File: [D:\xampp\htdocs\POSSales\get_last_sync.php] 
 Error Line: [20]
2023-12-20 13:55:54,741 [pavalam] Error number: [2] 
 Error Description: [mysqli_fetch_array() expects parameter 1 to be mysqli_result, bool given] 
 Error File: [D:\xampp\htdocs\POSSales\get_last_sync.php] 
 Error Line: [23]
2023-12-20 13:56:40,526 [pavalam] Error number: [2] 
 Error Description: [mysqli_fetch_array() expects parameter 1 to be mysqli_result, bool given] 
 Error File: [D:\xampp\htdocs\POSSales\sales_login.php] 
 Error Line: [67]
2023-12-20 13:56:54,147 [pavalam] Error number: [8] 
 Error Description: [Trying to get property 'clientid' of non-object] 
 Error File: [D:\xampp\htdocs\POSSales\get_last_sync.php] 
 Error Line: [20]
2023-12-20 13:56:54,151 [pavalam] Error number: [2] 
 Error Description: [mysqli_fetch_array() expects parameter 1 to be mysqli_result, bool given] 
 Error File: [D:\xampp\htdocs\POSSales\get_last_sync.php] 
 Error Line: [23]
2023-12-20 13:56:54,805 [pavalam] Error number: [2] 
 Error Description: [mysqli_fetch_array() expects parameter 1 to be mysqli_result, bool given] 
 Error File: [D:\xampp\htdocs\POSSales\get_last_sync.php] 
 Error Line: [23]
2023-12-20 13:56:55,704 [pavalam] Error number: [2] 
 Error Description: [mysqli_fetch_array() expects parameter 1 to be mysqli_result, bool given] 
 Error File: [D:\xampp\htdocs\POSSales\get_sales_date.php] 
 Error Line: [42]
2023-12-20 13:57:07,670 [pavalam] Error number: [2] 
 Error Description: [mysqli_fetch_array() expects parameter 1 to be mysqli_result, bool given] 
 Error File: [D:\xampp\htdocs\POSSales\sales_login.php] 
 Error Line: [67]
2023-12-20 13:57:48,871 [pavalam] Error number: [2] 
 Error Description: [mysqli_fetch_array() expects parameter 1 to be mysqli_result, bool given] 
 Error File: [D:\xampp\htdocs\POSSales\sales_login.php] 
 Error Line: [67]
2023-12-20 13:57:54,575 [pavalam] Error number: [8] 
 Error Description: [Trying to get property 'clientid' of non-object] 
 Error File: [D:\xampp\htdocs\POSSales\get_last_sync.php] 
 Error Line: [20]
2023-12-20 13:57:54,578 [pavalam] Error number: [2] 
 Error Description: [mysqli_fetch_array() expects parameter 1 to be mysqli_result, bool given] 
 Error File: [D:\xampp\htdocs\POSSales\get_last_sync.php] 
 Error Line: [23]
2023-12-20 13:57:55,057 [pavalam] Error number: [2] 
 Error Description: [mysqli_fetch_array() expects parameter 1 to be mysqli_result, bool given] 
 Error File: [D:\xampp\htdocs\POSSales\get_last_sync.php] 
 Error Line: [23]
2023-12-20 13:57:55,057 [pavalam] Error number: [2] 
 Error Description: [mysqli_fetch_array() expects parameter 1 to be mysqli_result, bool given] 
 Error File: [D:\xampp\htdocs\POSSales\get_sales_date.php] 
 Error Line: [42]
2023-12-20 13:58:19,396 [pavalam] Error number: [8] 
 Error Description: [Trying to get property 'clientid' of non-object] 
 Error File: [D:\xampp\htdocs\POSSales\get_last_sync.php] 
 Error Line: [20]
2023-12-20 13:58:19,400 [pavalam] Error number: [2] 
 Error Description: [mysqli_fetch_array() expects parameter 1 to be mysqli_result, bool given] 
 Error File: [D:\xampp\htdocs\POSSales\get_last_sync.php] 
 Error Line: [23]
2023-12-20 13:58:33,485 [pavalam] Error number: [8] 
 Error Description: [Trying to get property 'clientid' of non-object] 
 Error File: [D:\xampp\htdocs\POSSales\get_last_sync.php] 
 Error Line: [20]
2023-12-20 13:58:33,489 [pavalam] Error number: [2] 
 Error Description: [mysqli_fetch_array() expects parameter 1 to be mysqli_result, bool given] 
 Error File: [D:\xampp\htdocs\POSSales\get_last_sync.php] 
 Error Line: [23]
2023-12-20 13:58:54,368 [pavalam] Error number: [8] 
 Error Description: [Trying to get property 'clientid' of non-object] 
 Error File: [D:\xampp\htdocs\POSSales\get_last_sync.php] 
 Error Line: [20]
2023-12-20 13:58:54,371 [pavalam] Error number: [2] 
 Error Description: [mysqli_fetch_array() expects parameter 1 to be mysqli_result, bool given] 
 Error File: [D:\xampp\htdocs\POSSales\get_last_sync.php] 
 Error Line: [23]
2023-12-20 13:58:54,986 [pavalam] Error number: [2] 
 Error Description: [mysqli_fetch_array() expects parameter 1 to be mysqli_result, bool given] 
 Error File: [D:\xampp\htdocs\POSSales\get_last_sync.php] 
 Error Line: [23]
2023-12-20 13:58:54,987 [pavalam] Error number: [2] 
 Error Description: [mysqli_fetch_array() expects parameter 1 to be mysqli_result, bool given] 
 Error File: [D:\xampp\htdocs\POSSales\get_sales_date.php] 
 Error Line: [42]
2023-12-20 13:59:20,378 [pavalam] Error number: [8] 
 Error Description: [Trying to get property 'clientid' of non-object] 
 Error File: [D:\xampp\htdocs\POSSales\get_last_sync.php] 
 Error Line: [20]
2023-12-20 13:59:20,381 [pavalam] Error number: [2] 
 Error Description: [mysqli_fetch_array() expects parameter 1 to be mysqli_result, bool given] 
 Error File: [D:\xampp\htdocs\POSSales\get_last_sync.php] 
 Error Line: [23]
2023-12-20 13:59:34,387 [pavalam] Error number: [8] 
 Error Description: [Trying to get property 'clientid' of non-object] 
 Error File: [D:\xampp\htdocs\POSSales\get_last_sync.php] 
 Error Line: [20]
2023-12-20 13:59:34,391 [pavalam] Error number: [2] 
 Error Description: [mysqli_fetch_array() expects parameter 1 to be mysqli_result, bool given] 
 Error File: [D:\xampp\htdocs\POSSales\get_last_sync.php] 
 Error Line: [23]
2023-12-20 13:59:54,126 [pavalam] Error number: [8] 
 Error Description: [Trying to get property 'clientid' of non-object] 
 Error File: [D:\xampp\htdocs\POSSales\get_last_sync.php] 
 Error Line: [20]
2023-12-20 13:59:54,129 [pavalam] Error number: [2] 
 Error Description: [mysqli_fetch_array() expects parameter 1 to be mysqli_result, bool given] 
 Error File: [D:\xampp\htdocs\POSSales\get_last_sync.php] 
 Error Line: [23]
2023-12-20 13:59:54,752 [pavalam] Error number: [2] 
 Error Description: [mysqli_fetch_array() expects parameter 1 to be mysqli_result, bool given] 
 Error File: [D:\xampp\htdocs\POSSales\get_last_sync.php] 
 Error Line: [23]
2023-12-20 13:59:54,752 [pavalam] Error number: [2] 
 Error Description: [mysqli_fetch_array() expects parameter 1 to be mysqli_result, bool given] 
 Error File: [D:\xampp\htdocs\POSSales\get_sales_date.php] 
 Error Line: [42]
2023-12-20 14:00:20,364 [pavalam] Error number: [8] 
 Error Description: [Trying to get property 'clientid' of non-object] 
 Error File: [D:\xampp\htdocs\POSSales\get_last_sync.php] 
 Error Line: [20]
2023-12-20 14:00:20,366 [pavalam] Error number: [2] 
 Error Description: [mysqli_fetch_array() expects parameter 1 to be mysqli_result, bool given] 
 Error File: [D:\xampp\htdocs\POSSales\get_last_sync.php] 
 Error Line: [23]
2023-12-20 14:00:31,610 [pavalam] Error number: [8] 
 Error Description: [Trying to get property 'clientid' of non-object] 
 Error File: [D:\xampp\htdocs\POSSales\get_last_sync.php] 
 Error Line: [20]
2023-12-20 14:00:31,613 [pavalam] Error number: [2] 
 Error Description: [mysqli_fetch_array() expects parameter 1 to be mysqli_result, bool given] 
 Error File: [D:\xampp\htdocs\POSSales\get_last_sync.php] 
 Error Line: [23]
2023-12-20 14:01:32,595 [pavalam] Error number: [8] 
 Error Description: [Trying to get property 'clientid' of non-object] 
 Error File: [D:\xampp\htdocs\POSSales\get_last_sync.php] 
 Error Line: [20]
2023-12-20 14:01:32,599 [pavalam] Error number: [2] 
 Error Description: [mysqli_fetch_array() expects parameter 1 to be mysqli_result, bool given] 
 Error File: [D:\xampp\htdocs\POSSales\get_last_sync.php] 
 Error Line: [23]
2023-12-20 14:02:32,427 [pavalam] Error number: [8] 
 Error Description: [Trying to get property 'clientid' of non-object] 
 Error File: [D:\xampp\htdocs\POSSales\get_last_sync.php] 
 Error Line: [20]
2023-12-20 14:02:32,430 [pavalam] Error number: [2] 
 Error Description: [mysqli_fetch_array() expects parameter 1 to be mysqli_result, bool given] 
 Error File: [D:\xampp\htdocs\POSSales\get_last_sync.php] 
 Error Line: [23]
2023-12-20 14:03:32,581 [pavalam] Error number: [8] 
 Error Description: [Trying to get property 'clientid' of non-object] 
 Error File: [D:\xampp\htdocs\POSSales\get_last_sync.php] 
 Error Line: [20]
2023-12-20 14:03:32,643 [pavalam] Error number: [2] 
 Error Description: [mysqli_fetch_array() expects parameter 1 to be mysqli_result, bool given] 
 Error File: [D:\xampp\htdocs\POSSales\get_last_sync.php] 
 Error Line: [23]
2023-12-20 14:04:32,355 [pavalam] Error number: [8] 
 Error Description: [Trying to get property 'clientid' of non-object] 
 Error File: [D:\xampp\htdocs\POSSales\get_last_sync.php] 
 Error Line: [20]
2023-12-20 14:04:32,358 [pavalam] Error number: [2] 
 Error Description: [mysqli_fetch_array() expects parameter 1 to be mysqli_result, bool given] 
 Error File: [D:\xampp\htdocs\POSSales\get_last_sync.php] 
 Error Line: [23]
2023-12-20 14:05:32,415 [pavalam] Error number: [8] 
 Error Description: [Trying to get property 'clientid' of non-object] 
 Error File: [D:\xampp\htdocs\POSSales\get_last_sync.php] 
 Error Line: [20]
2023-12-20 14:05:32,419 [pavalam] Error number: [2] 
 Error Description: [mysqli_fetch_array() expects parameter 1 to be mysqli_result, bool given] 
 Error File: [D:\xampp\htdocs\POSSales\get_last_sync.php] 
 Error Line: [23]
2023-12-20 14:07:32,732 [pavalam] Error number: [8] 
 Error Description: [Trying to get property 'clientid' of non-object] 
 Error File: [D:\xampp\htdocs\POSSales\get_last_sync.php] 
 Error Line: [20]
2023-12-20 14:07:32,737 [pavalam] Error number: [2] 
 Error Description: [mysqli_fetch_array() expects parameter 1 to be mysqli_result, bool given] 
 Error File: [D:\xampp\htdocs\POSSales\get_last_sync.php] 
 Error Line: [23]
2023-12-20 14:08:23,381 [pavalam] Error number: [8] 
 Error Description: [Trying to get property 'clientid' of non-object] 
 Error File: [D:\xampp\htdocs\POSSales\get_last_sync.php] 
 Error Line: [20]
2023-12-20 14:08:23,386 [pavalam] Error number: [2] 
 Error Description: [mysqli_fetch_array() expects parameter 1 to be mysqli_result, bool given] 
 Error File: [D:\xampp\htdocs\POSSales\get_last_sync.php] 
 Error Line: [23]
2023-12-20 14:09:23,371 [pavalam] Error number: [8] 
 Error Description: [Trying to get property 'clientid' of non-object] 
 Error File: [D:\xampp\htdocs\POSSales\get_last_sync.php] 
 Error Line: [20]
2023-12-20 14:09:23,374 [pavalam] Error number: [2] 
 Error Description: [mysqli_fetch_array() expects parameter 1 to be mysqli_result, bool given] 
 Error File: [D:\xampp\htdocs\POSSales\get_last_sync.php] 
 Error Line: [23]
2023-12-20 14:10:23,948 [pavalam] Error number: [8] 
 Error Description: [Trying to get property 'clientid' of non-object] 
 Error File: [D:\xampp\htdocs\POSSales\get_last_sync.php] 
 Error Line: [20]
2023-12-20 14:10:24,324 [pavalam] Error number: [2] 
 Error Description: [mysqli_fetch_array() expects parameter 1 to be mysqli_result, bool given] 
 Error File: [D:\xampp\htdocs\POSSales\get_last_sync.php] 
 Error Line: [23]
2023-12-20 14:11:23,378 [pavalam] Error number: [8] 
 Error Description: [Trying to get property 'clientid' of non-object] 
 Error File: [D:\xampp\htdocs\POSSales\get_last_sync.php] 
 Error Line: [20]
2023-12-20 14:11:23,381 [pavalam] Error number: [2] 
 Error Description: [mysqli_fetch_array() expects parameter 1 to be mysqli_result, bool given] 
 Error File: [D:\xampp\htdocs\POSSales\get_last_sync.php] 
 Error Line: [23]
2023-12-20 14:12:23,966 [pavalam] Error number: [8] 
 Error Description: [Trying to get property 'clientid' of non-object] 
 Error File: [D:\xampp\htdocs\POSSales\get_last_sync.php] 
 Error Line: [20]
2023-12-20 14:12:23,969 [pavalam] Error number: [2] 
 Error Description: [mysqli_fetch_array() expects parameter 1 to be mysqli_result, bool given] 
 Error File: [D:\xampp\htdocs\POSSales\get_last_sync.php] 
 Error Line: [23]
2023-12-20 14:13:23,389 [pavalam] Error number: [8] 
 Error Description: [Trying to get property 'clientid' of non-object] 
 Error File: [D:\xampp\htdocs\POSSales\get_last_sync.php] 
 Error Line: [20]
2023-12-20 14:13:23,392 [pavalam] Error number: [2] 
 Error Description: [mysqli_fetch_array() expects parameter 1 to be mysqli_result, bool given] 
 Error File: [D:\xampp\htdocs\POSSales\get_last_sync.php] 
 Error Line: [23]
2023-12-20 14:14:23,383 [pavalam] Error number: [8] 
 Error Description: [Trying to get property 'clientid' of non-object] 
 Error File: [D:\xampp\htdocs\POSSales\get_last_sync.php] 
 Error Line: [20]
2023-12-20 14:14:23,386 [pavalam] Error number: [2] 
 Error Description: [mysqli_fetch_array() expects parameter 1 to be mysqli_result, bool given] 
 Error File: [D:\xampp\htdocs\POSSales\get_last_sync.php] 
 Error Line: [23]
2023-12-20 14:15:23,370 [pavalam] Error number: [8] 
 Error Description: [Trying to get property 'clientid' of non-object] 
 Error File: [D:\xampp\htdocs\POSSales\get_last_sync.php] 
 Error Line: [20]
2023-12-20 14:15:23,374 [pavalam] Error number: [2] 
 Error Description: [mysqli_fetch_array() expects parameter 1 to be mysqli_result, bool given] 
 Error File: [D:\xampp\htdocs\POSSales\get_last_sync.php] 
 Error Line: [23]
2023-12-20 14:16:12,374 [pavalam] Error number: [8] 
 Error Description: [Trying to get property 'clientid' of non-object] 
 Error File: [D:\xampp\htdocs\POSSales\get_last_sync.php] 
 Error Line: [20]
2023-12-20 14:16:12,377 [pavalam] Error number: [2] 
 Error Description: [mysqli_fetch_array() expects parameter 1 to be mysqli_result, bool given] 
 Error File: [D:\xampp\htdocs\POSSales\get_last_sync.php] 
 Error Line: [23]
2023-12-20 14:17:12,419 [pavalam] Error number: [8] 
 Error Description: [Trying to get property 'clientid' of non-object] 
 Error File: [D:\xampp\htdocs\POSSales\get_last_sync.php] 
 Error Line: [20]
2023-12-20 14:17:12,423 [pavalam] Error number: [2] 
 Error Description: [mysqli_fetch_array() expects parameter 1 to be mysqli_result, bool given] 
 Error File: [D:\xampp\htdocs\POSSales\get_last_sync.php] 
 Error Line: [23]
2023-12-20 14:17:36,981 [pavalam] Error number: [8] 
 Error Description: [Trying to get property 'clientid' of non-object] 
 Error File: [D:\xampp\htdocs\POSSales\get_last_sync.php] 
 Error Line: [20]
2023-12-20 14:17:36,983 [pavalam] Error number: [2] 
 Error Description: [mysqli_fetch_array() expects parameter 1 to be mysqli_result, bool given] 
 Error File: [D:\xampp\htdocs\POSSales\get_last_sync.php] 
 Error Line: [23]
2023-12-20 14:18:26,746 [pavalam] Error number: [8] 
 Error Description: [Trying to get property 'clientid' of non-object] 
 Error File: [D:\xampp\htdocs\POSSales\get_last_sync.php] 
 Error Line: [20]
2023-12-20 14:18:26,749 [pavalam] Error number: [2] 
 Error Description: [mysqli_fetch_array() expects parameter 1 to be mysqli_result, bool given] 
 Error File: [D:\xampp\htdocs\POSSales\get_last_sync.php] 
 Error Line: [23]
2023-12-20 14:18:50,157 [pavalam] Error number: [8] 
 Error Description: [Trying to get property 'clientid' of non-object] 
 Error File: [D:\xampp\htdocs\POSSales\get_last_sync.php] 
 Error Line: [20]
2023-12-20 14:18:50,166 [pavalam] Error number: [2] 
 Error Description: [mysqli_fetch_array() expects parameter 1 to be mysqli_result, bool given] 
 Error File: [D:\xampp\htdocs\POSSales\get_last_sync.php] 
 Error Line: [23]
2023-12-20 14:19:50,410 [pavalam] Error number: [8] 
 Error Description: [Trying to get property 'clientid' of non-object] 
 Error File: [D:\xampp\htdocs\POSSales\get_last_sync.php] 
 Error Line: [20]
2023-12-20 14:19:50,416 [pavalam] Error number: [2] 
 Error Description: [mysqli_fetch_array() expects parameter 1 to be mysqli_result, bool given] 
 Error File: [D:\xampp\htdocs\POSSales\get_last_sync.php] 
 Error Line: [23]
2023-12-20 14:20:50,376 [pavalam] Error number: [8] 
 Error Description: [Trying to get property 'clientid' of non-object] 
 Error File: [D:\xampp\htdocs\POSSales\get_last_sync.php] 
 Error Line: [20]
2023-12-20 14:20:50,381 [pavalam] Error number: [2] 
 Error Description: [mysqli_fetch_array() expects parameter 1 to be mysqli_result, bool given] 
 Error File: [D:\xampp\htdocs\POSSales\get_last_sync.php] 
 Error Line: [23]
