2021-08-13 02:37:57,490 [pavalam] 
 Log date is 2021-08-13 02:37:57am
 Classname - Android : HomeFragment 
 Functionname - doInBackground 
 Exception Error - java.lang.NullPointerException: Attempt to invoke virtual method 'java.lang.Object android.content.Context.getSystemService(java.lang.String)' on a null object reference
2021-08-13 07:15:40,681 [pavalam] 
 Log date is 2021-08-13 07:15:40am
 Classname - Android : HomeFragment 
 Functionname - doInBackground 
 Exception Error - java.lang.NullPointerException: Attempt to invoke virtual method 'java.lang.Object android.content.Context.getSystemService(java.lang.String)' on a null object reference
2021-08-13 08:47:33,829 [pavalam] 
 Log date is 2021-08-13 08:47:33am
 Classname - Android : HomeFragment 
 Functionname - doInBackground 
 Exception Error - java.lang.NullPointerException: Attempt to invoke virtual method 'java.lang.Object android.content.Context.getSystemService(java.lang.String)' on a null object reference
2021-08-13 08:50:39,660 [pavalam] 
 Log date is 2021-08-13 08:50:39am
 Classname - Android : HomeFragment 
 Functionname - doInBackground 
 Exception Error - java.lang.NullPointerException: Attempt to invoke virtual method 'java.lang.Object android.content.Context.getSystemService(java.lang.String)' on a null object reference
2021-08-13 09:14:35,600 [pavalam] 
 Log date is 2021-08-13 09:14:35am
 Classname - Android : HomeFragment 
 Functionname - doInBackground 
 Exception Error - java.lang.NullPointerException: Attempt to invoke virtual method 'java.lang.Object android.content.Context.getSystemService(java.lang.String)' on a null object reference
2021-08-13 09:55:00,723 [pavalam] 
 Log date is 2021-08-13 09:55:00am
 Classname - Android : HomeFragment 
 Functionname - doInBackground 
 Exception Error - java.lang.NullPointerException: Attempt to invoke virtual method 'java.lang.Object android.content.Context.getSystemService(java.lang.String)' on a null object reference
2021-08-13 09:58:38,956 [pavalam] 
 Log date is 2021-08-13 09:58:38am
 Classname - Android : HomeFragment 
 Functionname - doInBackground 
 Exception Error - java.lang.NullPointerException: Attempt to invoke virtual method 'java.lang.Object android.content.Context.getSystemService(java.lang.String)' on a null object reference
2021-08-13 09:59:15,415 [pavalam] 
 Log date is 2021-08-13 09:59:15am
 Classname - Android : HomeFragment 
 Functionname - doInBackground 
 Exception Error - java.lang.NullPointerException: Attempt to invoke virtual method 'java.lang.Object android.content.Context.getSystemService(java.lang.String)' on a null object reference
2021-08-13 10:09:50,235 [pavalam] 
 Log date is 2021-08-13 10:09:50am
 Classname - Android : HomeFragment 
 Functionname - doInBackground 
 Exception Error - java.lang.NullPointerException: Attempt to invoke virtual method 'java.lang.Object android.content.Context.getSystemService(java.lang.String)' on a null object reference
2021-08-13 10:22:00,440 [pavalam] 
 Log date is 2021-08-13 10:22:00am
 Classname - Android : HomeFragment 
 Functionname - doInBackground 
 Exception Error - java.lang.NullPointerException: Attempt to invoke virtual method 'java.lang.Object android.content.Context.getSystemService(java.lang.String)' on a null object reference
2021-08-13 12:06:09,374 [pavalam] 
 Log date is 2021-08-13 12:06:09pm
 Classname - Android : LoginActivity 
 Functionname - doInBackground 
 Exception Error - java.lang.NullPointerException: Attempt to invoke virtual method 'java.lang.Object android.content.Context.getSystemService(java.lang.String)' on a null object reference
2021-08-13 12:23:19,522 [pavalam] 
 Log date is 2021-08-13 12:23:19pm
 Classname - Android : HomeFragment 
 Functionname - doInBackground 
 Exception Error - java.lang.NullPointerException: Attempt to invoke virtual method 'java.lang.Object android.content.Context.getSystemService(java.lang.String)' on a null object reference
2021-08-13 13:31:55,175 [pavalam] 
 Log date is 2021-08-13 01:31:55pm
 Classname - Android : HomeFragment 
 Functionname - doInBackground 
 Exception Error - java.lang.NullPointerException: Attempt to invoke virtual method 'int java.lang.String.length()' on a null object reference
2021-08-13 13:31:55,305 [pavalam] 
 Log date is 2021-08-13 01:31:55pm
 Classname - Android : HomeFragment 
 Functionname - doInBackground 
 Exception Error - java.lang.NullPointerException: Attempt to invoke virtual method 'int java.lang.String.length()' on a null object reference
2021-08-13 15:29:49,129 [pavalam] 
 Log date is 2021-08-13 03:29:49pm
 Classname - Android : LoginActivity 
 Functionname - doInBackground 
 Exception Error - java.lang.NullPointerException: Attempt to invoke virtual method 'java.lang.Object android.content.Context.getSystemService(java.lang.String)' on a null object reference
2021-08-13 16:59:36,587 [pavalam] 
 Log date is 2021-08-13 04:59:36pm
 Classname - Android : HomeFragment 
 Functionname - doInBackground 
 Exception Error - java.lang.NullPointerException: Attempt to invoke virtual method 'int java.lang.String.length()' on a null object reference
