2021-10-13 08:30:55,402 [pavalam] 
 Log date is 2021-10-13 08:30:55am
 Classname - Android : HomeFragment 
 Functionname - doInBackground 
 Exception Error - java.lang.NullPointerException: Attempt to invoke virtual method 'java.lang.Object android.content.Context.getSystemService(java.lang.String)' on a null object reference
2021-10-13 08:32:33,518 [pavalam] 
 Log date is 2021-10-13 08:32:33am
 Classname - Android : HomeFragment 
 Functionname - doInBackground 
 Exception Error - java.lang.NullPointerException: Attempt to invoke virtual method 'java.lang.Object android.content.Context.getSystemService(java.lang.String)' on a null object reference
2021-10-13 09:14:44,722 [pavalam] 
 Log date is 2021-10-13 09:14:44am
 Classname - Android : HomeFragment 
 Functionname - doInBackground 
 Exception Error - java.lang.NullPointerException: Attempt to invoke virtual method 'java.lang.Object android.content.Context.getSystemService(java.lang.String)' on a null object reference
2021-10-13 09:40:49,323 [pavalam] 
 Log date is 2021-10-13 09:40:49am
 Classname - Android : HomeFragment 
 Functionname - doInBackground 
 Exception Error - java.lang.NullPointerException: Attempt to invoke virtual method 'java.lang.Object android.content.Context.getSystemService(java.lang.String)' on a null object reference
2021-10-13 09:44:14,292 [pavalam] 
 Log date is 2021-10-13 09:44:14am
 Classname - Android : HomeFragment 
 Functionname - doInBackground 
 Exception Error - java.lang.NullPointerException: Attempt to invoke virtual method 'java.lang.Object android.content.Context.getSystemService(java.lang.String)' on a null object reference
2021-10-13 10:18:07,626 [pavalam] 
 Log date is 2021-10-13 10:18:07am
 Classname - Android : HomeFragment 
 Functionname - doInBackground 
 Exception Error - java.lang.NullPointerException: Attempt to invoke virtual method 'java.lang.Object android.content.Context.getSystemService(java.lang.String)' on a null object reference
2021-10-13 10:29:35,994 [pavalam] 
 Log date is 2021-10-13 10:29:35am
 Classname - Android : HomeFragment 
 Functionname - doInBackground 
 Exception Error - java.lang.NullPointerException: Attempt to invoke virtual method 'java.lang.Object android.content.Context.getSystemService(java.lang.String)' on a null object reference
2021-10-13 13:05:12,655 [pavalam] 
 Log date is 2021-10-13 01:05:12pm
 Classname - Android : HomeFragment 
 Functionname - doInBackground 
 Exception Error - java.lang.NullPointerException: Attempt to invoke virtual method 'int java.lang.String.length()' on a null object reference
2021-10-13 14:38:54,255 [pavalam] 
 Log date is 2021-10-13 02:38:54pm
 Classname - Android : MainActivity 
 Functionname - doInBackground 
 Exception Error - java.lang.NullPointerException: Attempt to invoke virtual method 'java.lang.Object android.content.Context.getSystemService(java.lang.String)' on a null object reference
2021-10-13 14:49:39,858 [pavalam] 
 Log date is 2021-10-13 02:49:39pm
 Classname - Android : MainActivity 
 Functionname - doInBackground 
 Exception Error - java.lang.NullPointerException: Attempt to invoke virtual method 'java.lang.Object android.content.Context.getSystemService(java.lang.String)' on a null object reference
2021-10-13 16:32:30,528 [pavalam] 
 Log date is 2021-10-13 04:32:30pm
 Classname - Android : MainActivity 
 Functionname - doInBackground 
 Exception Error - java.lang.NullPointerException: Attempt to invoke virtual method 'java.lang.Object android.content.Context.getSystemService(java.lang.String)' on a null object reference
2021-10-13 16:54:37,941 [pavalam] 
 Log date is 2021-10-13 04:54:37pm
 Classname - Android : HomeFragment 
 Functionname - doInBackground 
 Exception Error - java.lang.NullPointerException: Attempt to invoke virtual method 'int java.lang.String.length()' on a null object reference
2021-10-13 17:04:01,589 [pavalam] 
 Log date is 2021-10-13 05:04:01pm
 Classname - Android : HomeFragment 
 Functionname - doInBackground 
 Exception Error - java.lang.NullPointerException: Attempt to invoke virtual method 'java.lang.Object android.content.Context.getSystemService(java.lang.String)' on a null object reference
