2021-07-29 08:26:46,324 [pavalam] 
 Log date is 2021-07-29 08:26:46am
 Classname - Android : HomeFragment 
 Functionname - doInBackground 
 Exception Error - java.lang.NullPointerException: Attempt to invoke virtual method 'java.lang.Object android.content.Context.getSystemService(java.lang.String)' on a null object reference
2021-07-29 08:31:04,045 [pavalam] 
 Log date is 2021-07-29 08:31:04am
 Classname - Android : MainActivity 
 Functionname - doInBackground 
 Exception Error - java.lang.NullPointerException: Attempt to invoke virtual method 'java.lang.Object android.content.Context.getSystemService(java.lang.String)' on a null object reference
2021-07-29 09:02:58,126 [pavalam] 
 Log date is 2021-07-29 09:02:58am
 Classname - Android : HomeFragment 
 Functionname - doInBackground 
 Exception Error - java.lang.NullPointerException: Attempt to invoke virtual method 'java.lang.Object android.content.Context.getSystemService(java.lang.String)' on a null object reference
2021-07-29 09:11:28,838 [pavalam] 
 Log date is 2021-07-29 09:11:28am
 Classname - Android : HomeFragment 
 Functionname - doInBackground 
 Exception Error - java.lang.NullPointerException: Attempt to invoke virtual method 'java.lang.Object android.content.Context.getSystemService(java.lang.String)' on a null object reference
2021-07-29 09:18:21,964 [pavalam] 
 Log date is 2021-07-29 09:18:21am
 Classname - Android : HomeFragment 
 Functionname - doInBackground 
 Exception Error - java.lang.NullPointerException: Attempt to invoke virtual method 'java.lang.Object android.content.Context.getSystemService(java.lang.String)' on a null object reference
2021-07-29 09:18:37,475 [pavalam] 
 Log date is 2021-07-29 09:18:37am
 Classname - Android : HomeFragment 
 Functionname - doInBackground 
 Exception Error - java.lang.NullPointerException: Attempt to invoke virtual method 'java.lang.Object android.content.Context.getSystemService(java.lang.String)' on a null object reference
2021-07-29 09:23:52,812 [pavalam] 
 Log date is 2021-07-29 09:23:52am
 Classname - Android : HomeFragment 
 Functionname - doInBackground 
 Exception Error - java.lang.NullPointerException: Attempt to invoke virtual method 'java.lang.Object android.content.Context.getSystemService(java.lang.String)' on a null object reference
2021-07-29 09:44:13,502 [pavalam] 
 Log date is 2021-07-29 09:44:13am
 Classname - Android : HomeFragment 
 Functionname - doInBackground 
 Exception Error - java.lang.NullPointerException: Attempt to invoke virtual method 'java.lang.Object android.content.Context.getSystemService(java.lang.String)' on a null object reference
2021-07-29 09:57:31,977 [pavalam] 
 Log date is 2021-07-29 09:57:31am
 Classname - Android : HomeFragment 
 Functionname - doInBackground 
 Exception Error - java.lang.NullPointerException: Attempt to invoke virtual method 'java.lang.Object android.content.Context.getSystemService(java.lang.String)' on a null object reference
2021-07-29 10:00:48,732 [pavalam] 
 Log date is 2021-07-29 10:00:48am
 Classname - Android : HomeFragment 
 Functionname - doInBackground 
 Exception Error - java.lang.NullPointerException: Attempt to invoke virtual method 'java.lang.Object android.content.Context.getSystemService(java.lang.String)' on a null object reference
2021-07-29 10:00:55,400 [pavalam] 
 Log date is 2021-07-29 10:00:55am
 Classname - Android : HomeFragment 
 Functionname - doInBackground 
 Exception Error - java.lang.NullPointerException: Attempt to invoke virtual method 'java.lang.Object android.content.Context.getSystemService(java.lang.String)' on a null object reference
2021-07-29 10:52:55,628 [pavalam] 
 Log date is 2021-07-29 10:52:55am
 Classname - Android : MainActivity 
 Functionname - doInBackground 
 Exception Error - java.lang.NullPointerException: Attempt to invoke virtual method 'java.lang.Object android.content.Context.getSystemService(java.lang.String)' on a null object reference
2021-07-29 12:31:29,190 [pavalam] 
 Log date is 2021-07-29 12:31:29pm
 Classname - Android : HomeFragment 
 Functionname - doInBackground 
 Exception Error - java.lang.NullPointerException: Attempt to invoke virtual method 'int java.lang.String.length()' on a null object reference
2021-07-29 13:49:44,723 [pavalam] 
 Log date is 2021-07-29 01:49:44pm
 Classname - Android : MainActivity 
 Functionname - doInBackground 
 Exception Error - java.lang.NullPointerException: Attempt to invoke virtual method 'java.lang.Object android.content.Context.getSystemService(java.lang.String)' on a null object reference
2021-07-29 15:16:10,612 [pavalam] 
 Log date is 2021-07-29 03:16:10pm
 Classname - Android : HomeFragment 
 Functionname - doInBackground 
 Exception Error - java.lang.NullPointerException: Attempt to invoke virtual method 'java.lang.Object android.content.Context.getSystemService(java.lang.String)' on a null object reference
2021-07-29 16:22:42,877 [pavalam] 
 Log date is 2021-07-29 04:22:42pm
 Classname - Android : LoginActivity 
 Functionname - doInBackground 
 Exception Error - java.lang.NullPointerException: Attempt to invoke virtual method 'java.lang.Object android.content.Context.getSystemService(java.lang.String)' on a null object reference
2021-07-29 18:47:57,541 [pavalam] 
 Log date is 2021-07-29 06:47:57pm
 Classname - Android : MainActivity 
 Functionname - doInBackground 
 Exception Error - java.lang.NullPointerException: Attempt to invoke virtual method 'java.lang.Object android.content.Context.getSystemService(java.lang.String)' on a null object reference
2021-07-29 19:02:04,193 [pavalam] 
 Log date is 2021-07-29 07:02:04pm
 Classname - Android : MainActivity 
 Functionname - doInBackground 
 Exception Error - java.lang.NullPointerException: Attempt to invoke virtual method 'java.lang.Object android.content.Context.getSystemService(java.lang.String)' on a null object reference
2021-07-29 19:48:26,796 [pavalam] 
 Log date is 2021-07-29 07:48:26pm
 Classname - Android : HomeFragment 
 Functionname - doInBackground 
 Exception Error - java.lang.NullPointerException: Attempt to invoke virtual method 'int java.lang.String.length()' on a null object reference
