2021-08-12 08:16:20,120 [pavalam] 
 Log date is 2021-08-12 08:16:20am
 Classname - Android : HomeFragment 
 Functionname - doInBackground 
 Exception Error - java.lang.NullPointerException: Attempt to invoke virtual method 'java.lang.Object android.content.Context.getSystemService(java.lang.String)' on a null object reference
2021-08-12 08:46:59,476 [pavalam] 
 Log date is 2021-08-12 08:46:59am
 Classname - Android : HomeFragment 
 Functionname - doInBackground 
 Exception Error - java.lang.NullPointerException: Attempt to invoke virtual method 'java.lang.Object android.content.Context.getSystemService(java.lang.String)' on a null object reference
2021-08-12 09:15:35,526 [pavalam] 
 Log date is 2021-08-12 09:15:35am
 Classname - Android : HomeFragment 
 Functionname - doInBackground 
 Exception Error - java.lang.NullPointerException: Attempt to invoke virtual method 'java.lang.Object android.content.Context.getSystemService(java.lang.String)' on a null object reference
2021-08-12 09:21:38,119 [pavalam] 
 Log date is 2021-08-12 09:21:38am
 Classname - Android : HomeFragment 
 Functionname - doInBackground 
 Exception Error - java.lang.NullPointerException: Attempt to invoke virtual method 'java.lang.Object android.content.Context.getSystemService(java.lang.String)' on a null object reference
2021-08-12 09:23:41,266 [pavalam] 
 Log date is 2021-08-12 09:23:41am
 Classname - Android : HomeFragment 
 Functionname - doInBackground 
 Exception Error - java.lang.NullPointerException: Attempt to invoke virtual method 'java.lang.Object android.content.Context.getSystemService(java.lang.String)' on a null object reference
2021-08-12 09:58:12,165 [pavalam] 
 Log date is 2021-08-12 09:58:12am
 Classname - Android : HomeFragment 
 Functionname - doInBackground 
 Exception Error - java.lang.NullPointerException: Attempt to invoke virtual method 'java.lang.Object android.content.Context.getSystemService(java.lang.String)' on a null object reference
2021-08-12 10:08:08,852 [pavalam] 
 Log date is 2021-08-12 10:08:08am
 Classname - Android : HomeFragment 
 Functionname - doInBackground 
 Exception Error - java.lang.NullPointerException: Attempt to invoke virtual method 'java.lang.Object android.content.Context.getSystemService(java.lang.String)' on a null object reference
2021-08-12 10:32:21,408 [pavalam] 
 Log date is 2021-08-12 10:32:21am
 Classname - Android : HomeFragment 
 Functionname - doInBackground 
 Exception Error - java.lang.NullPointerException: Attempt to invoke virtual method 'java.lang.Object android.content.Context.getSystemService(java.lang.String)' on a null object reference
2021-08-12 11:04:30,955 [pavalam] 
 Log date is 2021-08-12 11:04:30am
 Classname - Android : HomeFragment 
 Functionname - doInBackground 
 Exception Error - java.lang.NullPointerException: Attempt to invoke virtual method 'java.lang.Object android.content.Context.getSystemService(java.lang.String)' on a null object reference
2021-08-12 11:31:36,967 [pavalam] 
 Log date is 2021-08-12 11:31:36am
 Classname - Android : HomeFragment 
 Functionname - doInBackground 
 Exception Error - java.lang.NullPointerException: Attempt to invoke virtual method 'java.lang.Object android.content.Context.getSystemService(java.lang.String)' on a null object reference
