2021-09-03 09:05:28,585 [pavalam] 
 Log date is 2021-09-03 09:05:28am
 Classname - Android : HomeFragment 
 Functionname - doInBackground 
 Exception Error - java.lang.NullPointerException: Attempt to invoke virtual method 'java.lang.Object android.content.Context.getSystemService(java.lang.String)' on a null object reference
2021-09-03 09:05:42,178 [pavalam] 
 Log date is 2021-09-03 09:05:42am
 Classname - Android : HomeFragment 
 Functionname - doInBackground 
 Exception Error - java.lang.NullPointerException: Attempt to invoke virtual method 'java.lang.Object android.content.Context.getSystemService(java.lang.String)' on a null object reference
2021-09-03 09:29:24,805 [pavalam] 
 Log date is 2021-09-03 09:29:24am
 Classname - Android : HomeFragment 
 Functionname - doInBackground 
 Exception Error - java.lang.NullPointerException: Attempt to invoke virtual method 'java.lang.Object android.content.Context.getSystemService(java.lang.String)' on a null object reference
2021-09-03 09:31:17,326 [pavalam] 
 Log date is 2021-09-03 09:31:17am
 Classname - Android : HomeFragment 
 Functionname - doInBackground 
 Exception Error - java.lang.NullPointerException: Attempt to invoke virtual method 'java.lang.Object android.content.Context.getSystemService(java.lang.String)' on a null object reference
2021-09-03 09:51:53,918 [pavalam] 
 Log date is 2021-09-03 09:51:53am
 Classname - Android : HomeFragment 
 Functionname - doInBackground 
 Exception Error - java.lang.NullPointerException: Attempt to invoke virtual method 'java.lang.Object android.content.Context.getSystemService(java.lang.String)' on a null object reference
2021-09-03 10:05:57,275 [pavalam] 
 Log date is 2021-09-03 10:05:57am
 Classname - Android : HomeFragment 
 Functionname - doInBackground 
 Exception Error - java.lang.NullPointerException: Attempt to invoke virtual method 'java.lang.Object android.content.Context.getSystemService(java.lang.String)' on a null object reference
2021-09-03 10:35:15,585 [pavalam] 
 Log date is 2021-09-03 10:35:15am
 Classname - Android : HomeFragment 
 Functionname - doInBackground 
 Exception Error - java.lang.NullPointerException: Attempt to invoke virtual method 'java.lang.Object android.content.Context.getSystemService(java.lang.String)' on a null object reference
2021-09-03 14:25:53,962 [pavalam] 
 Log date is 2021-09-03 02:25:53pm
 Classname - Android : HomeFragment 
 Functionname - doInBackground 
 Exception Error - java.lang.NullPointerException: Attempt to invoke virtual method 'int java.lang.String.length()' on a null object reference
2021-09-03 14:25:54,152 [pavalam] 
 Log date is 2021-09-03 02:25:54pm
 Classname - Android : HomeFragment 
 Functionname - onPostExecute 
 Exception Error - java.lang.NullPointerException: Attempt to invoke virtual method 'int org.json.JSONObject.getInt(java.lang.String)' on a null object reference
