2021-09-14 08:05:42,258 [pavalam] 
 Log date is 2021-09-14 08:05:42am
 Classname - Android : HomeFragment 
 Functionname - doInBackground 
 Exception Error - java.lang.NullPointerException: Attempt to invoke virtual method 'java.lang.Object android.content.Context.getSystemService(java.lang.String)' on a null object reference
2021-09-14 09:18:07,973 [pavalam] 
 Log date is 2021-09-14 09:18:07am
 Classname - Android : HomeFragment 
 Functionname - doInBackground 
 Exception Error - java.lang.NullPointerException: Attempt to invoke virtual method 'java.lang.Object android.content.Context.getSystemService(java.lang.String)' on a null object reference
2021-09-14 09:21:05,695 [pavalam] 
 Log date is 2021-09-14 09:21:05am
 Classname - Android : HomeFragment 
 Functionname - doInBackground 
 Exception Error - java.lang.NullPointerException: Attempt to invoke virtual method 'java.lang.Object android.content.Context.getSystemService(java.lang.String)' on a null object reference
2021-09-14 09:53:28,922 [pavalam] 
 Log date is 2021-09-14 09:53:28am
 Classname - Android : HomeFragment 
 Functionname - doInBackground 
 Exception Error - java.lang.NullPointerException: Attempt to invoke virtual method 'java.lang.Object android.content.Context.getSystemService(java.lang.String)' on a null object reference
2021-09-14 10:14:32,371 [pavalam] 
 Log date is 2021-09-14 10:14:32am
 Classname - Android : HomeFragment 
 Functionname - doInBackground 
 Exception Error - java.lang.NullPointerException: Attempt to invoke virtual method 'java.lang.Object android.content.Context.getSystemService(java.lang.String)' on a null object reference
2021-09-14 10:18:37,672 [pavalam] 
 Log date is 2021-09-14 10:18:37am
 Classname - Android : HomeFragment 
 Functionname - doInBackground 
 Exception Error - java.lang.NullPointerException: Attempt to invoke virtual method 'java.lang.Object android.content.Context.getSystemService(java.lang.String)' on a null object reference
2021-09-14 15:46:57,261 [pavalam] 
 Log date is 2021-09-14 03:46:57pm
 Classname - Android : HomeFragment 
 Functionname - doInBackground 
 Exception Error - java.lang.NullPointerException: Attempt to invoke virtual method 'int java.lang.String.length()' on a null object reference
2021-09-14 15:46:57,392 [pavalam] 
 Log date is 2021-09-14 03:46:57pm
 Classname - Android : HomeFragment 
 Functionname - onPostExecute 
 Exception Error - java.lang.NullPointerException: Attempt to invoke virtual method 'int org.json.JSONObject.getInt(java.lang.String)' on a null object reference
2021-09-14 18:03:45,691 [pavalam] 
 Log date is 2021-09-14 06:03:45pm
 Classname - Android : HomeFragment 
 Functionname - doInBackground 
 Exception Error - java.lang.NullPointerException: Attempt to invoke virtual method 'int java.lang.String.length()' on a null object reference
