2021-09-02 08:25:47,755 [pavalam] 
 Log date is 2021-09-02 08:25:47am
 Classname - Android : HomeFragment 
 Functionname - doInBackground 
 Exception Error - java.lang.NullPointerException: Attempt to invoke virtual method 'java.lang.Object android.content.Context.getSystemService(java.lang.String)' on a null object reference
2021-09-02 08:25:53,927 [pavalam] 
 Log date is 2021-09-02 08:25:53am
 Classname - Android : HistoryFragement 
 Functionname - doInBackground 
 Exception Error - java.lang.NullPointerException: Attempt to invoke virtual method 'java.lang.Object android.content.Context.getSystemService(java.lang.String)' on a null object reference
2021-09-02 08:54:12,350 [pavalam] 
 Log date is 2021-09-02 08:54:12am
 Classname - Android : HomeFragment 
 Functionname - doInBackground 
 Exception Error - java.lang.NullPointerException: Attempt to invoke virtual method 'java.lang.Object android.content.Context.getSystemService(java.lang.String)' on a null object reference
2021-09-02 09:13:36,806 [pavalam] 
 Log date is 2021-09-02 09:13:36am
 Classname - Android : HomeFragment 
 Functionname - doInBackground 
 Exception Error - java.lang.NullPointerException: Attempt to invoke virtual method 'java.lang.Object android.content.Context.getSystemService(java.lang.String)' on a null object reference
2021-09-02 09:34:22,027 [pavalam] 
 Log date is 2021-09-02 09:34:22am
 Classname - Android : HomeFragment 
 Functionname - doInBackground 
 Exception Error - java.lang.NullPointerException: Attempt to invoke virtual method 'java.lang.Object android.content.Context.getSystemService(java.lang.String)' on a null object reference
2021-09-02 09:37:14,122 [pavalam] 
 Log date is 2021-09-02 09:37:14am
 Classname - Android : HomeFragment 
 Functionname - doInBackground 
 Exception Error - java.lang.NullPointerException: Attempt to invoke virtual method 'java.lang.Object android.content.Context.getSystemService(java.lang.String)' on a null object reference
2021-09-02 09:42:07,615 [pavalam] 
 Log date is 2021-09-02 09:42:07am
 Classname - Android : HomeFragment 
 Functionname - doInBackground 
 Exception Error - java.lang.NullPointerException: Attempt to invoke virtual method 'java.lang.Object android.content.Context.getSystemService(java.lang.String)' on a null object reference
2021-09-02 09:47:06,304 [pavalam] 
 Log date is 2021-09-02 09:47:06am
 Classname - Android : HomeFragment 
 Functionname - doInBackground 
 Exception Error - java.lang.NullPointerException: Attempt to invoke virtual method 'java.lang.Object android.content.Context.getSystemService(java.lang.String)' on a null object reference
2021-09-02 10:05:51,827 [pavalam] 
 Log date is 2021-09-02 10:05:51am
 Classname - Android : HomeFragment 
 Functionname - doInBackground 
 Exception Error - java.lang.NullPointerException: Attempt to invoke virtual method 'java.lang.Object android.content.Context.getSystemService(java.lang.String)' on a null object reference
2021-09-02 10:15:03,264 [pavalam] 
 Log date is 2021-09-02 10:15:03am
 Classname - Android : HomeFragment 
 Functionname - doInBackground 
 Exception Error - java.lang.NullPointerException: Attempt to invoke virtual method 'java.lang.Object android.content.Context.getSystemService(java.lang.String)' on a null object reference
2021-09-02 16:38:55,161 [pavalam] 
 Log date is 2021-09-02 04:38:55pm
 Classname - Android : HomeFragment 
 Functionname - doInBackground 
 Exception Error - java.lang.NullPointerException: Attempt to invoke virtual method 'java.lang.Object android.content.Context.getSystemService(java.lang.String)' on a null object reference
2021-09-02 17:21:39,772 [pavalam] 
 Log date is 2021-09-02 05:21:39pm
 Classname - Android : HistoryFragement 
 Functionname - doInBackground 
 Exception Error - java.lang.NullPointerException: Attempt to invoke virtual method 'java.lang.Object android.content.Context.getSystemService(java.lang.String)' on a null object reference
2021-09-02 17:22:40,277 [pavalam] 
 Log date is 2021-09-02 05:22:40pm
 Classname - Android : HistoryFragement 
 Functionname - doInBackground 
 Exception Error - java.lang.NullPointerException: Attempt to invoke virtual method 'java.lang.Object android.content.Context.getSystemService(java.lang.String)' on a null object reference
2021-09-02 17:22:45,471 [pavalam] 
 Log date is 2021-09-02 05:22:45pm
 Classname - Android : HistoryFragement 
 Functionname - doInBackground 
 Exception Error - java.lang.NullPointerException: Attempt to invoke virtual method 'java.lang.Object android.content.Context.getSystemService(java.lang.String)' on a null object reference
2021-09-02 17:22:51,558 [pavalam] 
 Log date is 2021-09-02 05:22:51pm
 Classname - Android : HistoryFragement 
 Functionname - doInBackground 
 Exception Error - java.lang.NullPointerException: Attempt to invoke virtual method 'java.lang.Object android.content.Context.getSystemService(java.lang.String)' on a null object reference
2021-09-02 17:22:57,157 [pavalam] 
 Log date is 2021-09-02 05:22:57pm
 Classname - Android : HistoryFragement 
 Functionname - doInBackground 
 Exception Error - java.lang.NullPointerException: Attempt to invoke virtual method 'java.lang.Object android.content.Context.getSystemService(java.lang.String)' on a null object reference
2021-09-02 17:23:51,605 [pavalam] 
 Log date is 2021-09-02 05:23:51pm
 Classname - Android : HistoryFragement 
 Functionname - doInBackground 
 Exception Error - java.lang.NullPointerException: Attempt to invoke virtual method 'java.lang.Object android.content.Context.getSystemService(java.lang.String)' on a null object reference
2021-09-02 17:23:56,458 [pavalam] 
 Log date is 2021-09-02 05:23:56pm
 Classname - Android : HistoryFragement 
 Functionname - doInBackground 
 Exception Error - java.lang.NullPointerException: Attempt to invoke virtual method 'java.lang.Object android.content.Context.getSystemService(java.lang.String)' on a null object reference
2021-09-02 17:25:35,260 [pavalam] 
 Log date is 2021-09-02 05:25:35pm
 Classname - Android : HistoryFragement 
 Functionname - doInBackground 
 Exception Error - java.lang.NullPointerException: Attempt to invoke virtual method 'java.lang.Object android.content.Context.getSystemService(java.lang.String)' on a null object reference
2021-09-02 17:34:08,164 [pavalam] 
 Log date is 2021-09-02 05:34:08pm
 Classname - Android : LoginActivity 
 Functionname - doInBackground 
 Exception Error - java.lang.NullPointerException: Attempt to invoke virtual method 'java.lang.Object android.content.Context.getSystemService(java.lang.String)' on a null object reference
2021-09-02 18:08:49,880 [pavalam] 
 Log date is 2021-09-02 06:08:49pm
 Classname - Android : HomeFragment 
 Functionname - doInBackground 
 Exception Error - java.lang.NullPointerException: Attempt to invoke virtual method 'int java.lang.String.length()' on a null object reference
