2021-07-26 08:51:20,996 [pavalam] 
 Log date is 2021-07-26 08:51:20am
 Classname - Android : HomeFragment 
 Functionname - doInBackground 
 Exception Error - java.lang.NullPointerException: Attempt to invoke virtual method 'java.lang.Object android.content.Context.getSystemService(java.lang.String)' on a null object reference
2021-07-26 08:58:09,889 [pavalam] 
 Log date is 2021-07-26 08:58:09am
 Classname - Android : HomeFragment 
 Functionname - doInBackground 
 Exception Error - java.lang.NullPointerException: Attempt to invoke virtual method 'java.lang.Object android.content.Context.getSystemService(java.lang.String)' on a null object reference
2021-07-26 09:30:48,777 [pavalam] 
 Log date is 2021-07-26 09:30:48am
 Classname - Android : HomeFragment 
 Functionname - doInBackground 
 Exception Error - java.lang.NullPointerException: Attempt to invoke virtual method 'java.lang.Object android.content.Context.getSystemService(java.lang.String)' on a null object reference
2021-07-26 09:43:43,643 [pavalam] 
 Log date is 2021-07-26 09:43:43am
 Classname - Android : HomeFragment 
 Functionname - doInBackground 
 Exception Error - java.lang.NullPointerException: Attempt to invoke virtual method 'java.lang.Object android.content.Context.getSystemService(java.lang.String)' on a null object reference
2021-07-26 09:59:13,753 [pavalam] 
 Log date is 2021-07-26 09:59:13am
 Classname - Android : HomeFragment 
 Functionname - doInBackground 
 Exception Error - java.lang.NullPointerException: Attempt to invoke virtual method 'java.lang.Object android.content.Context.getSystemService(java.lang.String)' on a null object reference
2021-07-26 10:00:20,590 [pavalam] 
 Log date is 2021-07-26 10:00:20am
 Classname - Android : HomeFragment 
 Functionname - doInBackground 
 Exception Error - java.lang.NullPointerException: Attempt to invoke virtual method 'java.lang.Object android.content.Context.getSystemService(java.lang.String)' on a null object reference
2021-07-26 10:24:47,020 [pavalam] 
 Log date is 2021-07-26 10:24:47am
 Classname - Android : HomeFragment 
 Functionname - doInBackground 
 Exception Error - java.lang.NullPointerException: Attempt to invoke virtual method 'java.lang.Object android.content.Context.getSystemService(java.lang.String)' on a null object reference
2021-07-26 10:52:47,863 [pavalam] 
 Log date is 2021-07-26 10:52:47am
 Classname - Android : HomeFragment 
 Functionname - doInBackground 
 Exception Error - java.lang.NullPointerException: Attempt to invoke virtual method 'java.lang.Object android.content.Context.getSystemService(java.lang.String)' on a null object reference
2021-07-26 13:05:43,307 [pavalam] 
 Log date is 2021-07-26 01:05:43pm
 Classname - Android : MainActivity 
 Functionname - doInBackground 
 Exception Error - java.lang.NullPointerException: Attempt to invoke virtual method 'java.lang.Object android.content.Context.getSystemService(java.lang.String)' on a null object reference
2021-07-26 13:06:46,371 [pavalam] 
 Log date is 2021-07-26 01:06:46pm
 Classname - Android : MainActivity 
 Functionname - doInBackground 
 Exception Error - java.lang.NullPointerException: Attempt to invoke virtual method 'java.lang.Object android.content.Context.getSystemService(java.lang.String)' on a null object reference
2021-07-26 13:08:33,835 [pavalam] 
 Log date is 2021-07-26 01:08:33pm
 Classname - Android : SplashScreen 
 Functionname - doInBackground 
 Exception Error - java.lang.NullPointerException: Attempt to invoke virtual method 'java.lang.Object android.content.Context.getSystemService(java.lang.String)' on a null object reference
2021-07-26 14:00:42,078 [pavalam] 
 Log date is 2021-07-26 02:00:42pm
 Classname - Android : HomeFragment 
 Functionname - doInBackground 
 Exception Error - java.lang.NullPointerException: Attempt to invoke virtual method 'java.lang.Object android.content.Context.getSystemService(java.lang.String)' on a null object reference
