2021-07-21 07:31:25,496 [pavalam] 
 Log date is 2021-07-21 07:31:25am
 Classname - Android : HomeFragment 
 Functionname - doInBackground 
 Exception Error - java.lang.NullPointerException: Attempt to invoke virtual method 'java.lang.Object android.content.Context.getSystemService(java.lang.String)' on a null object reference
2021-07-21 07:42:36,520 [pavalam] 
 Log date is 2021-07-21 07:42:36am
 Classname - Android : HomeFragment 
 Functionname - doInBackground 
 Exception Error - java.lang.NullPointerException: Attempt to invoke virtual method 'java.lang.Object android.content.Context.getSystemService(java.lang.String)' on a null object reference
2021-07-21 07:42:54,644 [pavalam] 
 Log date is 2021-07-21 07:42:54am
 Classname - Android : HomeFragment 
 Functionname - onPostExecute 
 Exception Error - android.view.WindowManager$BadTokenException: Unable to add window -- token null is not valid; is your activity running?
2021-07-21 07:42:58,527 [pavalam] 
 Log date is 2021-07-21 07:42:58am
 Classname - Android : HomeFragment 
 Functionname - onPostExecute 
 Exception Error - android.view.WindowManager$BadTokenException: Unable to add window -- token null is not valid; is your activity running?
2021-07-21 07:43:07,293 [pavalam] 
 Log date is 2021-07-21 07:43:07am
 Classname - Android : HomeFragment 
 Functionname - onPostExecute 
 Exception Error - android.view.WindowManager$BadTokenException: Unable to add window -- token null is not valid; is your activity running?
2021-07-21 07:43:11,739 [pavalam] 
 Log date is 2021-07-21 07:43:11am
 Classname - Android : HomeFragment 
 Functionname - onPostExecute 
 Exception Error - android.view.WindowManager$BadTokenException: Unable to add window -- token null is not valid; is your activity running?
2021-07-21 07:43:58,439 [pavalam] 
 Log date is 2021-07-21 07:43:58am
 Classname - Android : HomeFragment 
 Functionname - onPostExecute 
 Exception Error - android.view.WindowManager$BadTokenException: Unable to add window -- token null is not valid; is your activity running?
2021-07-21 07:44:00,376 [pavalam] 
 Log date is 2021-07-21 07:44:00am
 Classname - Android : HomeFragment 
 Functionname - onPostExecute 
 Exception Error - android.view.WindowManager$BadTokenException: Unable to add window -- token null is not valid; is your activity running?
2021-07-21 07:44:01,816 [pavalam] 
 Log date is 2021-07-21 07:44:01am
 Classname - Android : HomeFragment 
 Functionname - onPostExecute 
 Exception Error - android.view.WindowManager$BadTokenException: Unable to add window -- token null is not valid; is your activity running?
2021-07-21 07:44:05,175 [pavalam] 
 Log date is 2021-07-21 07:44:05am
 Classname - Android : HomeFragment 
 Functionname - onPostExecute 
 Exception Error - android.view.WindowManager$BadTokenException: Unable to add window -- token null is not valid; is your activity running?
2021-07-21 07:44:07,235 [pavalam] 
 Log date is 2021-07-21 07:44:07am
 Classname - Android : HomeFragment 
 Functionname - onPostExecute 
 Exception Error - android.view.WindowManager$BadTokenException: Unable to add window -- token null is not valid; is your activity running?
2021-07-21 07:44:08,761 [pavalam] 
 Log date is 2021-07-21 07:44:08am
 Classname - Android : HomeFragment 
 Functionname - onPostExecute 
 Exception Error - android.view.WindowManager$BadTokenException: Unable to add window -- token null is not valid; is your activity running?
2021-07-21 07:44:11,575 [pavalam] 
 Log date is 2021-07-21 07:44:11am
 Classname - Android : HomeFragment 
 Functionname - onPostExecute 
 Exception Error - android.view.WindowManager$BadTokenException: Unable to add window -- token null is not valid; is your activity running?
2021-07-21 07:44:13,737 [pavalam] 
 Log date is 2021-07-21 07:44:13am
 Classname - Android : HomeFragment 
 Functionname - onPostExecute 
 Exception Error - android.view.WindowManager$BadTokenException: Unable to add window -- token null is not valid; is your activity running?
2021-07-21 07:44:15,217 [pavalam] 
 Log date is 2021-07-21 07:44:15am
 Classname - Android : HomeFragment 
 Functionname - onPostExecute 
 Exception Error - android.view.WindowManager$BadTokenException: Unable to add window -- token null is not valid; is your activity running?
2021-07-21 08:39:06,500 [pavalam] 
 Log date is 2021-07-21 08:39:06am
 Classname - Android : HomeFragment 
 Functionname - doInBackground 
 Exception Error - java.lang.NullPointerException: Attempt to invoke virtual method 'java.lang.Object android.content.Context.getSystemService(java.lang.String)' on a null object reference
2021-07-21 08:39:09,018 [pavalam] 
 Log date is 2021-07-21 08:39:09am
 Classname - Android : HistoryFragement 
 Functionname - doInBackground 
 Exception Error - java.lang.NullPointerException: Attempt to invoke virtual method 'java.lang.Object android.content.Context.getSystemService(java.lang.String)' on a null object reference
2021-07-21 08:42:34,741 [pavalam] 
 Log date is 2021-07-21 08:42:34am
 Classname - Android : HistoryFragement 
 Functionname - doInBackground 
 Exception Error - java.lang.NullPointerException: Attempt to invoke virtual method 'java.lang.Object android.content.Context.getSystemService(java.lang.String)' on a null object reference
2021-07-21 08:43:10,099 [pavalam] 
 Log date is 2021-07-21 08:43:10am
 Classname - Android : HomeFragment 
 Functionname - doInBackground 
 Exception Error - java.lang.NullPointerException: Attempt to invoke virtual method 'java.lang.Object android.content.Context.getSystemService(java.lang.String)' on a null object reference
2021-07-21 08:43:11,799 [pavalam] 
 Log date is 2021-07-21 08:43:11am
 Classname - Android : HistoryFragement 
 Functionname - doInBackground 
 Exception Error - java.lang.NullPointerException: Attempt to invoke virtual method 'java.lang.Object android.content.Context.getSystemService(java.lang.String)' on a null object reference
2021-07-21 09:03:36,553 [pavalam] 
 Log date is 2021-07-21 09:03:36am
 Classname - Android : HomeFragment 
 Functionname - doInBackground 
 Exception Error - java.lang.NullPointerException: Attempt to invoke virtual method 'int java.lang.String.length()' on a null object reference
2021-07-21 09:03:46,421 [pavalam] 
 Log date is 2021-07-21 09:03:46am
 Classname - Android : HomeFragment 
 Functionname - doInBackground 
 Exception Error - java.lang.NullPointerException: Attempt to invoke virtual method 'java.lang.Object android.content.Context.getSystemService(java.lang.String)' on a null object reference
2021-07-21 09:29:41,935 [pavalam] 
 Log date is 2021-07-21 09:29:41am
 Classname - Android : HomeFragment 
 Functionname - doInBackground 
 Exception Error - java.lang.NullPointerException: Attempt to invoke virtual method 'java.lang.Object android.content.Context.getSystemService(java.lang.String)' on a null object reference
2021-07-21 09:44:30,978 [pavalam] 
 Log date is 2021-07-21 09:44:30am
 Classname - Android : HomeFragment 
 Functionname - doInBackground 
 Exception Error - java.lang.NullPointerException: Attempt to invoke virtual method 'java.lang.Object android.content.Context.getSystemService(java.lang.String)' on a null object reference
2021-07-21 09:46:13,095 [pavalam] 
 Log date is 2021-07-21 09:46:13am
 Classname - Android : HomeFragment 
 Functionname - doInBackground 
 Exception Error - java.lang.NullPointerException: Attempt to invoke virtual method 'java.lang.Object android.content.Context.getSystemService(java.lang.String)' on a null object reference
2021-07-21 10:06:43,735 [pavalam] 
 Log date is 2021-07-21 10:06:43am
 Classname - Android : HomeFragment 
 Functionname - doInBackground 
 Exception Error - java.lang.NullPointerException: Attempt to invoke virtual method 'java.lang.Object android.content.Context.getSystemService(java.lang.String)' on a null object reference
2021-07-21 10:14:06,308 [pavalam] 
 Log date is 2021-07-21 10:14:06am
 Classname - Android : HomeFragment 
 Functionname - doInBackground 
 Exception Error - java.lang.NullPointerException: Attempt to invoke virtual method 'java.lang.Object android.content.Context.getSystemService(java.lang.String)' on a null object reference
2021-07-21 13:18:05,968 [pavalam] 
 Log date is 2021-07-21 01:18:05pm
 Classname - Android : MainActivity 
 Functionname - doInBackground 
 Exception Error - java.lang.NullPointerException: Attempt to invoke virtual method 'java.lang.Object android.content.Context.getSystemService(java.lang.String)' on a null object reference
2021-07-21 16:45:05,059 [pavalam] 
 Log date is 2021-07-21 04:45:05pm
 Classname - Android : MainActivity 
 Functionname - doInBackground 
 Exception Error - java.lang.NullPointerException: Attempt to invoke virtual method 'java.lang.Object android.content.Context.getSystemService(java.lang.String)' on a null object reference
2021-07-21 16:47:46,040 [pavalam] 
 Log date is 2021-07-21 04:47:46pm
 Classname - Android : MainActivity 
 Functionname - doInBackground 
 Exception Error - java.lang.NullPointerException: Attempt to invoke virtual method 'java.lang.Object android.content.Context.getSystemService(java.lang.String)' on a null object reference
2021-07-21 17:11:24,759 [pavalam] 
 Log date is 2021-07-21 05:11:24pm
 Classname - Android : LoginActivity 
 Functionname - doInBackground 
 Exception Error - java.lang.NullPointerException: Attempt to invoke virtual method 'java.lang.Object android.content.Context.getSystemService(java.lang.String)' on a null object reference
2021-07-21 17:11:33,632 [pavalam] 
 Log date is 2021-07-21 05:11:33pm
 Classname - Android : MainActivity 
 Functionname - doInBackground 
 Exception Error - java.lang.NullPointerException: Attempt to invoke virtual method 'java.lang.Object android.content.Context.getSystemService(java.lang.String)' on a null object reference
2021-07-21 20:36:06,096 [pavalam] 
 Log date is 2021-07-21 08:36:06pm
 Classname - Android : HomeFragment 
 Functionname - doInBackground 
 Exception Error - java.lang.NullPointerException: Attempt to invoke virtual method 'int java.lang.String.length()' on a null object reference
