2023-11-24 05:23:02,582 [pavalam] 
 Log date is 2023-11-24 05:23:02am
 Classname - Android : SplashScreen 
 Functionname - turnGPSOn 
 Exception Error - java.lang.NullPointerException: Attempt to invoke virtual method 'boolean java.lang.String.contains(java.lang.CharSequence)' on a null object reference
2023-11-24 05:33:10,461 [pavalam] 
 Log date is 2023-11-24 05:33:10am
 Classname - Android : SplashScreen 
 Functionname - turnGPSOn 
 Exception Error - java.lang.NullPointerException: Attempt to invoke virtual method 'boolean java.lang.String.contains(java.lang.CharSequence)' on a null object reference
2023-11-24 05:36:19,195 [pavalam] 
 Log date is 2023-11-24 05:36:19am
 Classname - Android : SplashScreen 
 Functionname - turnGPSOn 
 Exception Error - java.lang.NullPointerException: Attempt to invoke virtual method 'boolean java.lang.String.contains(java.lang.CharSequence)' on a null object reference
2023-11-24 05:42:12,569 [pavalam] 
 Log date is 2023-11-24 05:42:12am
 Classname - Android : SplashScreen 
 Functionname - turnGPSOn 
 Exception Error - java.lang.NullPointerException: Attempt to invoke virtual method 'boolean java.lang.String.contains(java.lang.CharSequence)' on a null object reference
2023-11-24 05:50:56,686 [pavalam] 
 Log date is 2023-11-24 05:50:56am
 Classname - Android : SplashScreen 
 Functionname - turnGPSOn 
 Exception Error - java.lang.NullPointerException: Attempt to invoke virtual method 'boolean java.lang.String.contains(java.lang.CharSequence)' on a null object reference
2023-11-24 06:16:08,171 [pavalam] 
 Log date is 2023-11-24 06:16:08am
 Classname - Android : SplashScreen 
 Functionname - turnGPSOn 
 Exception Error - java.lang.NullPointerException: Attempt to invoke virtual method 'boolean java.lang.String.contains(java.lang.CharSequence)' on a null object reference
2023-11-24 06:49:39,634 [pavalam] 
 Log date is 2023-11-24 06:49:39am
 Classname - Android : MainActivity 
 Functionname - doInBackground 
 Exception Error - java.lang.NullPointerException: Attempt to invoke virtual method 'int org.json.JSONObject.getInt(java.lang.String)' on a null object reference
2023-11-24 06:49:47,900 [pavalam] 
 Log date is 2023-11-24 06:49:47am
 Classname - Android : SplashScreen 
 Functionname - turnGPSOn 
 Exception Error - java.lang.NullPointerException: Attempt to invoke virtual method 'boolean java.lang.String.contains(java.lang.CharSequence)' on a null object reference
2023-11-24 06:53:15,870 [pavalam] 
 Log date is 2023-11-24 06:53:15am
 Classname - Android : MainActivity 
 Functionname - doInBackground 
 Exception Error - java.lang.NullPointerException: Attempt to invoke virtual method 'int org.json.JSONObject.getInt(java.lang.String)' on a null object reference
2023-11-24 06:53:15,895 [pavalam] 
 Log date is 2023-11-24 06:53:15am
 Classname - Android : MainActivity 
 Functionname - doInBackground 
 Exception Error - java.lang.NullPointerException: Attempt to invoke virtual method 'int org.json.JSONObject.getInt(java.lang.String)' on a null object reference
2023-11-24 06:54:16,005 [pavalam] 
 Log date is 2023-11-24 06:54:16am
 Classname - Android : MainActivity 
 Functionname - doInBackground 
 Exception Error - java.lang.NullPointerException: Attempt to invoke virtual method 'int org.json.JSONObject.getInt(java.lang.String)' on a null object reference
2023-11-24 06:54:16,311 [pavalam] 
 Log date is 2023-11-24 06:54:16am
 Classname - Android : MainActivity 
 Functionname - doInBackground 
 Exception Error - java.lang.NullPointerException: Attempt to invoke virtual method 'int org.json.JSONObject.getInt(java.lang.String)' on a null object reference
2023-11-24 06:55:16,189 [pavalam] 
 Log date is 2023-11-24 06:55:16am
 Classname - Android : MainActivity 
 Functionname - doInBackground 
 Exception Error - java.lang.NullPointerException: Attempt to invoke virtual method 'int org.json.JSONObject.getInt(java.lang.String)' on a null object reference
2023-11-24 06:55:16,260 [pavalam] 
 Log date is 2023-11-24 06:55:16am
 Classname - Android : MainActivity 
 Functionname - doInBackground 
 Exception Error - java.lang.NullPointerException: Attempt to invoke virtual method 'int org.json.JSONObject.getInt(java.lang.String)' on a null object reference
2023-11-24 06:56:16,081 [pavalam] 
 Log date is 2023-11-24 06:56:16am
 Classname - Android : MainActivity 
 Functionname - doInBackground 
 Exception Error - java.lang.NullPointerException: Attempt to invoke virtual method 'int org.json.JSONObject.getInt(java.lang.String)' on a null object reference
2023-11-24 06:56:16,143 [pavalam] 
 Log date is 2023-11-24 06:56:16am
 Classname - Android : MainActivity 
 Functionname - doInBackground 
 Exception Error - java.lang.NullPointerException: Attempt to invoke virtual method 'int org.json.JSONObject.getInt(java.lang.String)' on a null object reference
2023-11-24 06:57:27,642 [pavalam] 
 Log date is 2023-11-24 06:57:27am
 Classname - Android : MainActivity 
 Functionname - doInBackground 
 Exception Error - java.lang.NullPointerException: Attempt to invoke virtual method 'int org.json.JSONObject.getInt(java.lang.String)' on a null object reference
2023-11-24 06:58:27,764 [pavalam] 
 Log date is 2023-11-24 06:58:27am
 Classname - Android : MainActivity 
 Functionname - doInBackground 
 Exception Error - java.lang.NullPointerException: Attempt to invoke virtual method 'int org.json.JSONObject.getInt(java.lang.String)' on a null object reference
2023-11-24 06:59:27,753 [pavalam] 
 Log date is 2023-11-24 06:59:27am
 Classname - Android : MainActivity 
 Functionname - doInBackground 
 Exception Error - java.lang.NullPointerException: Attempt to invoke virtual method 'int org.json.JSONObject.getInt(java.lang.String)' on a null object reference
2023-11-24 07:00:27,892 [pavalam] 
 Log date is 2023-11-24 07:00:27am
 Classname - Android : MainActivity 
 Functionname - doInBackground 
 Exception Error - java.lang.NullPointerException: Attempt to invoke virtual method 'int org.json.JSONObject.getInt(java.lang.String)' on a null object reference
2023-11-24 07:01:27,818 [pavalam] 
 Log date is 2023-11-24 07:01:27am
 Classname - Android : MainActivity 
 Functionname - doInBackground 
 Exception Error - java.lang.NullPointerException: Attempt to invoke virtual method 'int org.json.JSONObject.getInt(java.lang.String)' on a null object reference
2023-11-24 07:02:27,889 [pavalam] 
 Log date is 2023-11-24 07:02:27am
 Classname - Android : MainActivity 
 Functionname - doInBackground 
 Exception Error - java.lang.NullPointerException: Attempt to invoke virtual method 'int org.json.JSONObject.getInt(java.lang.String)' on a null object reference
2023-11-24 07:03:00,480 [pavalam] 
 Log date is 2023-11-24 07:03:00am
 Classname - Android : MainActivity 
 Functionname - doInBackground 
 Exception Error - java.lang.NullPointerException: Attempt to invoke virtual method 'int org.json.JSONObject.getInt(java.lang.String)' on a null object reference
2023-11-24 07:03:27,901 [pavalam] 
 Log date is 2023-11-24 07:03:27am
 Classname - Android : MainActivity 
 Functionname - doInBackground 
 Exception Error - java.lang.NullPointerException: Attempt to invoke virtual method 'int org.json.JSONObject.getInt(java.lang.String)' on a null object reference
2023-11-24 07:04:00,575 [pavalam] 
 Log date is 2023-11-24 07:04:00am
 Classname - Android : MainActivity 
 Functionname - doInBackground 
 Exception Error - java.lang.NullPointerException: Attempt to invoke virtual method 'int org.json.JSONObject.getInt(java.lang.String)' on a null object reference
2023-11-24 07:04:27,936 [pavalam] 
 Log date is 2023-11-24 07:04:27am
 Classname - Android : MainActivity 
 Functionname - doInBackground 
 Exception Error - java.lang.NullPointerException: Attempt to invoke virtual method 'int org.json.JSONObject.getInt(java.lang.String)' on a null object reference
2023-11-24 07:05:00,581 [pavalam] 
 Log date is 2023-11-24 07:05:00am
 Classname - Android : MainActivity 
 Functionname - doInBackground 
 Exception Error - java.lang.NullPointerException: Attempt to invoke virtual method 'int org.json.JSONObject.getInt(java.lang.String)' on a null object reference
2023-11-24 07:05:28,178 [pavalam] 
 Log date is 2023-11-24 07:05:28am
 Classname - Android : MainActivity 
 Functionname - doInBackground 
 Exception Error - java.lang.NullPointerException: Attempt to invoke virtual method 'int org.json.JSONObject.getInt(java.lang.String)' on a null object reference
2023-11-24 07:06:00,638 [pavalam] 
 Log date is 2023-11-24 07:06:00am
 Classname - Android : MainActivity 
 Functionname - doInBackground 
 Exception Error - java.lang.NullPointerException: Attempt to invoke virtual method 'int org.json.JSONObject.getInt(java.lang.String)' on a null object reference
2023-11-24 07:06:28,067 [pavalam] 
 Log date is 2023-11-24 07:06:28am
 Classname - Android : MainActivity 
 Functionname - doInBackground 
 Exception Error - java.lang.NullPointerException: Attempt to invoke virtual method 'int org.json.JSONObject.getInt(java.lang.String)' on a null object reference
2023-11-24 07:07:00,885 [pavalam] 
 Log date is 2023-11-24 07:07:00am
 Classname - Android : MainActivity 
 Functionname - doInBackground 
 Exception Error - java.lang.NullPointerException: Attempt to invoke virtual method 'int org.json.JSONObject.getInt(java.lang.String)' on a null object reference
