2021-07-22 08:02:04,532 [pavalam] 
 Log date is 2021-07-22 08:02:04am
 Classname - Android : HomeFragment 
 Functionname - doInBackground 
 Exception Error - java.lang.NullPointerException: Attempt to invoke virtual method 'java.lang.Object android.content.Context.getSystemService(java.lang.String)' on a null object reference
2021-07-22 08:32:24,798 [pavalam] 
 Log date is 2021-07-22 08:32:24am
 Classname - Android : HomeFragment 
 Functionname - doInBackground 
 Exception Error - java.lang.NullPointerException: Attempt to invoke virtual method 'java.lang.Object android.content.Context.getSystemService(java.lang.String)' on a null object reference
2021-07-22 08:36:48,257 [pavalam] 
 Log date is 2021-07-22 08:36:48am
 Classname - Android : HomeFragment 
 Functionname - doInBackground 
 Exception Error - java.lang.NullPointerException: Attempt to invoke virtual method 'java.lang.Object android.content.Context.getSystemService(java.lang.String)' on a null object reference
2021-07-22 08:43:13,908 [pavalam] 
 Log date is 2021-07-22 08:43:13am
 Classname - Android : MainActivity 
 Functionname - doInBackground 
 Exception Error - java.lang.NullPointerException: Attempt to invoke virtual method 'java.lang.Object android.content.Context.getSystemService(java.lang.String)' on a null object reference
2021-07-22 09:03:50,500 [pavalam] 
 Log date is 2021-07-22 09:03:50am
 Classname - Android : HomeFragment 
 Functionname - doInBackground 
 Exception Error - java.lang.NullPointerException: Attempt to invoke virtual method 'java.lang.Object android.content.Context.getSystemService(java.lang.String)' on a null object reference
2021-07-22 09:08:38,289 [pavalam] 
 Log date is 2021-07-22 09:08:38am
 Classname - Android : HomeFragment 
 Functionname - doInBackground 
 Exception Error - java.lang.NullPointerException: Attempt to invoke virtual method 'java.lang.Object android.content.Context.getSystemService(java.lang.String)' on a null object reference
2021-07-22 09:37:47,404 [pavalam] 
 Log date is 2021-07-22 09:37:47am
 Classname - Android : HomeFragment 
 Functionname - doInBackground 
 Exception Error - java.lang.NullPointerException: Attempt to invoke virtual method 'java.lang.Object android.content.Context.getSystemService(java.lang.String)' on a null object reference
2021-07-22 09:51:21,148 [pavalam] 
 Log date is 2021-07-22 09:51:21am
 Classname - Android : HomeFragment 
 Functionname - doInBackground 
 Exception Error - java.lang.NullPointerException: Attempt to invoke virtual method 'java.lang.Object android.content.Context.getSystemService(java.lang.String)' on a null object reference
2021-07-22 09:57:16,831 [pavalam] 
 Log date is 2021-07-22 09:57:16am
 Classname - Android : HomeFragment 
 Functionname - doInBackground 
 Exception Error - java.lang.NullPointerException: Attempt to invoke virtual method 'java.lang.Object android.content.Context.getSystemService(java.lang.String)' on a null object reference
2021-07-22 10:07:28,609 [pavalam] 
 Log date is 2021-07-22 10:07:28am
 Classname - Android : HomeFragment 
 Functionname - doInBackground 
 Exception Error - java.lang.NullPointerException: Attempt to invoke virtual method 'java.lang.Object android.content.Context.getSystemService(java.lang.String)' on a null object reference
2021-07-22 10:11:23,841 [pavalam] 
 Log date is 2021-07-22 10:11:23am
 Classname - Android : HomeFragment 
 Functionname - doInBackground 
 Exception Error - java.lang.NullPointerException: Attempt to invoke virtual method 'java.lang.Object android.content.Context.getSystemService(java.lang.String)' on a null object reference
2021-07-22 12:17:40,233 [pavalam] 
 Log date is 2021-07-22 12:17:40pm
 Classname - Android : MainActivity 
 Functionname - doInBackground 
 Exception Error - java.lang.NullPointerException: Attempt to invoke virtual method 'java.lang.Object android.content.Context.getSystemService(java.lang.String)' on a null object reference
2021-07-22 12:35:21,730 [pavalam] 
 Log date is 2021-07-22 12:35:21pm
 Classname - Android : MainActivity 
 Functionname - doInBackground 
 Exception Error - java.lang.NullPointerException: Attempt to invoke virtual method 'java.lang.Object android.content.Context.getSystemService(java.lang.String)' on a null object reference
2021-07-22 14:39:04,669 [pavalam] 
 Log date is 2021-07-22 02:39:04pm
 Classname - Android : MainActivity 
 Functionname - doInBackground 
 Exception Error - java.lang.NullPointerException: Attempt to invoke virtual method 'java.lang.Object android.content.Context.getSystemService(java.lang.String)' on a null object reference
2021-07-22 14:46:41,595 [pavalam] 
 Log date is 2021-07-22 02:46:41pm
 Classname - Android : MainActivity 
 Functionname - doInBackground 
 Exception Error - java.lang.NullPointerException: Attempt to invoke virtual method 'java.lang.Object android.content.Context.getSystemService(java.lang.String)' on a null object reference
2021-07-22 22:03:03,693 [pavalam] 
 Log date is 2021-07-22 10:03:03pm
 Classname - Android : LoginActivity 
 Functionname - doInBackground 
 Exception Error - java.lang.NullPointerException: Attempt to invoke virtual method 'java.lang.Object android.content.Context.getSystemService(java.lang.String)' on a null object reference
